 line   address	contents
    1                      ; Linked by DLX-LD.
    2                      ; MemSize 24576
    3                      ; Data size: 172
    4                      ; Text size: 4824
    5                      ; Stack size: 8192
    6  00000000          	.text 0x1000
    7  00001000          	.data 0x3000
    8                      ; Compiled by GCC
    9  00003000          	.text
   10  00001000          	.align 2
   11  00001000          	.proc _isspace
   12  00001000          	.global _isspace
   13  00001000          	_isspace:
   14                      ;  Function 'isspace'; 0 bytes of locals, 1 regs to save.
   15  00001000  afbefffc	sw	-4(r29),r30; push fp
   16  00001004  001df020	add	r30,r0,r29; fp = sp
   17  00001008  afbffff8	sw	-8(r29),r31; push ret addr
   18  0000100c  2fbd0010	subui	r29,r29,#16; alloc local storage
   19  00001010  afa20000	sw	0(r29),r2
   20  00001014  83c20003	lb	r2,3(r30)
   21  00001018  201f0000	addi	r31,r0,#0
   22  0000101c  304100ff	andi	r1,r2,#0x00ff
   23  00001020  60210020	seqi	r1,r1,#32
   24  00001024  14200018	bnez	r1,L6_LF0
   25  00001028  54000000	nop; not filled.
   26  0000102c  2041fff7	addi	r1,r2,#-9
   27  00001030  302100ff	andi	r1,r1,#0x00ff
   28  00001034  70210001	sleui	r1,r1,#1
   29  00001038  10200008	beqz	r1,L5_LF0
   30  0000103c  54000000	nop; not filled.
   31  00001040          	L6_LF0:
   32  00001040  201f0001	addi	r31,r0,#1
   33  00001044          	L5_LF0:
   34  00001044  001f0820	add	r1,r0,r31
   35  00001048  8fa20000	lw	r2,0(r29)
   36  0000104c  8fdffff8	lw	r31,-8(r30)
   37  00001050  001ee820	add	r29,r0,r30
   38  00001054  8fdefffc	lw	r30,-4(r30)
   39  00001058  4be00000	jr	r31
   40  0000105c  54000000	nop
   41  00001060          	.endproc _isspace
   42  00001060          	.align 2
   43  00001060          	.proc _isxdigit
   44  00001060          	.global _isxdigit
   45  00001060          	_isxdigit:
   46                      ;  Function 'isxdigit'; 0 bytes of locals, 1 regs to save.
   47  00001060  afbefffc	sw	-4(r29),r30; push fp
   48  00001064  001df020	add	r30,r0,r29; fp = sp
   49  00001068  afbffff8	sw	-8(r29),r31; push ret addr
   50  0000106c  2fbd0010	subui	r29,r29,#16; alloc local storage
   51  00001070  afa20000	sw	0(r29),r2
   52  00001074  83df0003	lb	r31,3(r30)
   53  00001078  20020000	addi	r2,r0,#0
   54  0000107c  23e1ffd0	addi	r1,r31,#-48
   55  00001080  302100ff	andi	r1,r1,#0x00ff
   56  00001084  70210009	sleui	r1,r1,#9
   57  00001088  14200028	bnez	r1,L12_LF0
   58  0000108c  54000000	nop; not filled.
   59  00001090  23e1ff9f	addi	r1,r31,#-97
   60  00001094  302100ff	andi	r1,r1,#0x00ff
   61  00001098  70210005	sleui	r1,r1,#5
   62  0000109c  14200014	bnez	r1,L12_LF0
   63  000010a0  54000000	nop; not filled.
   64  000010a4  33e100ff	andi	r1,r31,#0x00ff
   65  000010a8  64210041	snei	r1,r1,#65
   66  000010ac  14200008	bnez	r1,L11_LF0
   67  000010b0  54000000	nop; not filled.
   68  000010b4          	L12_LF0:
   69  000010b4  20020001	addi	r2,r0,#1
   70  000010b8          	L11_LF0:
   71  000010b8  00020820	add	r1,r0,r2
   72  000010bc  8fa20000	lw	r2,0(r29)
   73  000010c0  8fdffff8	lw	r31,-8(r30)
   74  000010c4  001ee820	add	r29,r0,r30
   75  000010c8  8fdefffc	lw	r30,-4(r30)
   76  000010cc  4be00000	jr	r31
   77  000010d0  54000000	nop
   78  000010d4          	.endproc _isxdigit
   79  000010d4          	.align 2
   80  000010d4          	.proc _func
   81  000010d4          	.global _func
   82  000010d4          	_func:
   83                      ;  Function 'func'; 0 bytes of locals, 0 regs to save.
   84  000010d4  afbefffc	sw	-4(r29),r30; push fp
   85  000010d8  001df020	add	r30,r0,r29; fp = sp
   86  000010dc  afbffff8	sw	-8(r29),r31; push ret addr
   87  000010e0  2fbd0008	subui	r29,r29,#8; alloc local storage
   88  000010e4  8fdf0000	lw	r31,(r30)
   89  000010e8  67e10000	snei	r1,r31,#0
   90  000010ec  1020001c	beqz	r1,L15_LF0
   91  000010f0  54000000	nop; not filled.
   92  000010f4  23bdfff8	addi	r29,r29,#-8
   93  000010f8  23e1ffff	addi	r1,r31,#-1
   94  000010fc  afa10000	sw	(r29),r1
   95  00001100  0fffffd0	jal	_func
   96  00001104  54000000	nop; not filled.
   97  00001108  23bd0008	addi	r29,r29,#8
   98  0000110c          	L15_LF0:
   99  0000110c  8fdffff8	lw	r31,-8(r30)
  100  00001110  001ee820	add	r29,r0,r30
  101  00001114  8fdefffc	lw	r30,-4(r30)
  102  00001118  4be00000	jr	r31
  103  0000111c  54000000	nop
  104  00001120          	.endproc _func
  105  00001120          	.data
  106  00003000          	.align 2
  107  00003000          	LC0_LF0:
  108  00003000  57726f6e	.ascii "Wrong args\n\000"
  108  00003004  67206172	
  108  00003008  67730a00	
  109  0000300c          	.align 2
  110  0000300c          	LC1_LF0:
  111  0000300c  50494428	.ascii "PID(%d)\n\000"
  111  00003010  2564290a	
  111  00003014  00      	
  112  00003015          	.align 2
  113  00003018          	LC2_LF0:
  114  00003018  25732000	.ascii "%s \000"
  115  0000301c          	.align 2
  116  0000301c          	LC3_LF0:
  117  0000301c  0a00    	.ascii "\n\000"
  118  0000301e          	.align 2
  119  00003020          	LC4_LF0:
  120  00003020  48656c6c	.ascii "Hello World: PID(%d)\n\000"
  120  00003024  6f20576f	
  120  00003028  726c643a	
  120  0000302c  20504944	
  120  00003030  28256429	
  120  00003034  0a00    	
  121  00003036          	.align 2
  122  00003038          	LC5_LF0:
  123  00003038  4d657373	.ascii "Message \n\000"
  123  0000303c  61676520	
  123  00003040  0a00    	
  124  00003042          	.align 2
  125  00003044          	LC6_LF0:
  126  00003044  4d657373	.ascii "Message 2\n\000"
  126  00003048  61676520	
  126  0000304c  320a00  	
  127  0000304f          	.align 2
  128  00003050          	LC7_LF0:
  129  00003050  45786974	.ascii "Exit failure semaphore @ end of q2: PID(%d), s_procs_completed(%d)\n\000"
  129  00003054  20666169	
  129  00003058  6c757265	
  129  0000305c  2073656d	
  129  00003060  6170686f	
  129  00003064  72652040	
  129  00003068  20656e64	
  129  0000306c  206f6620	
  129  00003070  71323a20	
  129  00003074  50494428	
  129  00003078  2564292c	
  129  0000307c  20735f70	
  129  00003080  726f6373	
  129  00003084  5f636f6d	
  129  00003088  706c6574	
  129  0000308c  65642825	
  129  00003090  64290a00	
  130  00003094          	.text
  131  00001120          	.align 2
  132  00001120          	.proc _main
  133  00001120          	.global _main
  134  00001120          	_main:
  135                      ;  Function 'main'; 0 bytes of locals, 0 regs to save.
  136  00001120  afbefffc	sw	-4(r29),r30; push fp
  137  00001124  001df020	add	r30,r0,r29; fp = sp
  138  00001128  afbffff8	sw	-8(r29),r31; push ret addr
  139  0000112c  2fbd0008	subui	r29,r29,#8; alloc local storage
  140  00001130  8fc40000	lw	r4,(r30)
  141  00001134  8fc50004	lw	r5,4(r30)
  142  00001138  0c001194	jal	___main
  143  0000113c  54000000	nop; not filled.
  144  00001140  64810003	snei	r1,r4,#3
  145  00001144  10200028	beqz	r1,L18_LF0
  146  00001148  54000000	nop; not filled.
  147  0000114c  23bdfff8	addi	r29,r29,#-8
  148  00001150  3c060000	lhi	r6,((LC0_LF0)>>16)&0xffff
  149  00001154  24c63000	addui	r6,r6,(LC0_LF0)&0xffff
  150  00001158  afa60000	sw	(r29),r6
  151  0000115c  0c0002b0	jal	_Printf
  152  00001160  54000000	nop; not filled.
  153  00001164  0c0003b0	jal	_Exit
  154  00001168  54000000	nop; not filled.
  155  0000116c  23bd0008	addi	r29,r29,#8
  156  00001170          	L18_LF0:
  157  00001170  0c0002a8	jal	_getpid
  158  00001174  54000000	nop; not filled.
  159  00001178  23bdfff8	addi	r29,r29,#-8
  160  0000117c  3c060000	lhi	r6,((LC1_LF0)>>16)&0xffff
  161  00001180  24c6300c	addui	r6,r6,(LC1_LF0)&0xffff
  162  00001184  afa60000	sw	(r29),r6
  163  00001188  afa10004	sw	4(r29),r1
  164  0000118c  0c000280	jal	_Printf
  165  00001190  54000000	nop; not filled.
  166  00001194  20020000	addi	r2,r0,#0
  167  00001198  23bd0008	addi	r29,r29,#8
  168  0000119c  0044082a	slt	r1,r2,r4
  169  000011a0  10200040	beqz	r1,L20_LF0
  170  000011a4  54000000	nop; not filled.
  171  000011a8  00051820	add	r3,r0,r5
  172  000011ac          	L22_LF0:
  173  000011ac  23bdfff8	addi	r29,r29,#-8
  174  000011b0  3c060000	lhi	r6,((LC2_LF0)>>16)&0xffff
  175  000011b4  24c63018	addui	r6,r6,(LC2_LF0)&0xffff
  176  000011b8  afa60000	sw	(r29),r6
  177  000011bc  8c610000	lw	r1,(r3)
  178  000011c0  afa10004	sw	4(r29),r1
  179  000011c4  0c000248	jal	_Printf
  180  000011c8  54000000	nop; not filled.
  181  000011cc  23bd0008	addi	r29,r29,#8
  182  000011d0  20630004	addi	r3,r3,#4
  183  000011d4  20420001	addi	r2,r2,#1
  184  000011d8  0044082a	slt	r1,r2,r4
  185  000011dc  1420ffcc	bnez	r1,L22_LF0
  186  000011e0  54000000	nop; not filled.
  187  000011e4          	L20_LF0:
  188  000011e4  23bdfff8	addi	r29,r29,#-8
  189  000011e8  3c060000	lhi	r6,((LC3_LF0)>>16)&0xffff
  190  000011ec  24c6301c	addui	r6,r6,(LC3_LF0)&0xffff
  191  000011f0  afa60000	sw	(r29),r6
  192  000011f4  0c000218	jal	_Printf
  193  000011f8  54000000	nop; not filled.
  194  000011fc  23bdfff8	addi	r29,r29,#-8
  195  00001200  8ca60008	lw	r6,8(r5)
  196  00001204  afa60000	sw	(r29),r6
  197  00001208  20060000	addi	r6,r0,#0
  198  0000120c  afa60004	sw	4(r29),r6
  199  00001210  2006000a	addi	r6,r0,#10
  200  00001214  afa60008	sw	8(r29),r6
  201  00001218  0c000bb8	jal	_dstrtol
  202  0000121c  54000000	nop; not filled.
  203  00001220  00011820	add	r3,r0,r1
  204  00001224  8ca50004	lw	r5,4(r5)
  205  00001228  afa50000	sw	(r29),r5
  206  0000122c  20060000	addi	r6,r0,#0
  207  00001230  afa60004	sw	4(r29),r6
  208  00001234  2006000a	addi	r6,r0,#10
  209  00001238  afa60008	sw	8(r29),r6
  210  0000123c  0c000b94	jal	_dstrtol
  211  00001240  54000000	nop; not filled.
  212  00001244  23bd0010	addi	r29,r29,#16
  213  00001248  2022ffff	addi	r2,r1,#-1
  214  0000124c  6c410005	sgtui	r1,r2,#5
  215  00001250  14200118	bnez	r1,L24_LF0
  216  00001254  54000000	nop; not filled.
  217  00001258  50410002	slli	r1,r2,#0x2
  218  0000125c  3c060000	lhi	r6,((L44_LF0)>>16)&0xffff
  219  00001260  24c63094	addui	r6,r6,(L44_LF0)&0xffff
  220  00001264  00260820	add	r1,r1,r6
  221  00001268  8c210000	lw	r1,(r1)
  222  0000126c  48200000	jr	r1
  223  00001270  54000000	nop; not filled.
  224  00001274          	.data
  225  00003094          	.align 2
  226  00003094          	L44_LF0:
  227  00003094  00001274	.word L25_LF0
  228  00003098  00001298	.word L26_LF0
  229  0000309c  000012a8	.word L27_LF0
  230  000030a0  000012c0	.word L30_LF0
  231  000030a4  000012dc	.word L31_LF0
  232  000030a8  00001320	.word L37_LF0
  233  000030ac          	.text
  234  00001274          	L25_LF0:
  235  00001274  0c0001a4	jal	_getpid
  236  00001278  54000000	nop; not filled.
  237  0000127c  23bdfff8	addi	r29,r29,#-8
  238  00001280  3c060000	lhi	r6,((LC4_LF0)>>16)&0xffff
  239  00001284  24c63020	addui	r6,r6,(LC4_LF0)&0xffff
  240  00001288  afa60000	sw	(r29),r6
  241  0000128c  afa10004	sw	4(r29),r1
  242  00001290  080000cc	j	L46_LF0
  243  00001294  54000000	nop; not filled.
  244  00001298          	L26_LF0:
  245  00001298  3c010010	lhi	r1,#16
  246  0000129c  24210000	addui	r1,r1,#0
  247  000012a0  0800000c	j	L47_LF0
  248  000012a4  54000000	nop; not filled.
  249  000012a8          	L27_LF0:
  250  000012a8  3c01000f	lhi	r1,#15
  251  000012ac  2421effc	addui	r1,r1,#61436
  252  000012b0          	L47_LF0:
  253  000012b0  20060005	addi	r6,r0,#5
  254  000012b4  ac260000	sw	(r1),r6
  255  000012b8  080000b0	j	L24_LF0
  256  000012bc  54000000	nop; not filled.
  257  000012c0          	L30_LF0:
  258  000012c0  23bdfff8	addi	r29,r29,#-8
  259  000012c4  200601f3	addi	r6,r0,#499
  260  000012c8  afa60000	sw	(r29),r6
  261  000012cc  0ffffe04	jal	_func
  262  000012d0  54000000	nop; not filled.
  263  000012d4  08000090	j	L48_LF0
  264  000012d8  54000000	nop; not filled.
  265  000012dc          	L31_LF0:
  266  000012dc  20020000	addi	r2,r0,#0
  267  000012e0          	L35_LF0:
  268  000012e0  0c000138	jal	_getpid
  269  000012e4  54000000	nop; not filled.
  270  000012e8  23bdfff8	addi	r29,r29,#-8
  271  000012ec  3c060000	lhi	r6,((LC4_LF0)>>16)&0xffff
  272  000012f0  24c63020	addui	r6,r6,(LC4_LF0)&0xffff
  273  000012f4  afa60000	sw	(r29),r6
  274  000012f8  afa10004	sw	4(r29),r1
  275  000012fc  0c000110	jal	_Printf
  276  00001300  54000000	nop; not filled.
  277  00001304  23bd0008	addi	r29,r29,#8
  278  00001308  20420001	addi	r2,r2,#1
  279  0000130c  70410063	slei	r1,r2,#99
  280  00001310  10200058	beqz	r1,L24_LF0
  281  00001314  54000000	nop; not filled.
  282  00001318  0bffffc4	j	L35_LF0
  283  0000131c  54000000	nop; not filled.
  284  00001320          	L37_LF0:
  285  00001320  23bdfff8	addi	r29,r29,#-8
  286  00001324  3c060000	lhi	r6,((LC5_LF0)>>16)&0xffff
  287  00001328  24c63038	addui	r6,r6,(LC5_LF0)&0xffff
  288  0000132c  afa60000	sw	(r29),r6
  289  00001330  0c0000dc	jal	_Printf
  290  00001334  54000000	nop; not filled.
  291  00001338  20020000	addi	r2,r0,#0
  292  0000133c  23bd0008	addi	r29,r29,#8
  293  00001340          	L40_LF0:
  294  00001340  20420001	addi	r2,r2,#1
  295  00001344  704101f3	slei	r1,r2,#499
  296  00001348  1420fff4	bnez	r1,L40_LF0
  297  0000134c  54000000	nop; not filled.
  298  00001350  23bdfff8	addi	r29,r29,#-8
  299  00001354  3c060000	lhi	r6,((LC6_LF0)>>16)&0xffff
  300  00001358  24c63044	addui	r6,r6,(LC6_LF0)&0xffff
  301  0000135c  afa60000	sw	(r29),r6
  302  00001360          	L46_LF0:
  303  00001360  0c0000ac	jal	_Printf
  304  00001364  54000000	nop; not filled.
  305  00001368          	L48_LF0:
  306  00001368  23bd0008	addi	r29,r29,#8
  307  0000136c          	L24_LF0:
  308  0000136c  23bdfff8	addi	r29,r29,#-8
  309  00001370  afa30000	sw	(r29),r3
  310  00001374  0c0000ec	jal	_sem_signal
  311  00001378  54000000	nop; not filled.
  312  0000137c  23bd0008	addi	r29,r29,#8
  313  00001380  64210001	snei	r1,r1,#1
  314  00001384  10200038	beqz	r1,L45_LF0
  315  00001388  54000000	nop; not filled.
  316  0000138c  0c00008c	jal	_getpid
  317  00001390  54000000	nop; not filled.
  318  00001394  23bdfff0	addi	r29,r29,#-16
  319  00001398  3c060000	lhi	r6,((LC7_LF0)>>16)&0xffff
  320  0000139c  24c63050	addui	r6,r6,(LC7_LF0)&0xffff
  321  000013a0  afa60000	sw	(r29),r6
  322  000013a4  afa10004	sw	4(r29),r1
  323  000013a8  afa30008	sw	8(r29),r3
  324  000013ac  0c000060	jal	_Printf
  325  000013b0  54000000	nop; not filled.
  326  000013b4  0c000160	jal	_Exit
  327  000013b8  54000000	nop; not filled.
  328  000013bc  23bd0010	addi	r29,r29,#16
  329  000013c0          	L45_LF0:
  330  000013c0  0c000f00	jal	_exit
  331  000013c4  54000000	nop
  332  000013c8          	.endproc _main
  333                      ;;;
  334                      ;;; Stub functions for DLX traps.
  335                      ;;;
  336                      ;;; Ethan L. Miller, 1999.  Released to the public domain.
  337                      ;;;
  338                      ;;; The traps such as Open and Close
  339                      ;;; (note the capital letters) are for use by user programs.  The traps
  340                      ;;; with names such as open and close (lower case) are for use by the OS.
  341                      ;;;
  344  000013c8          	.align 2
  346                      ;;; The following are the traps to be used by user-level programs
  347                      ;;;
  349  000013c8          	.align 2
  350  000013c8          	.proc _Open
  351  000013c8          	.global _Open
  352  000013c8          	_Open:
  353                      ;;; Note that trap #0x213 actually causes a trap vector in the OS of
  354                      ;;; 0x1213.  The same is true for other user traps.  Thus, a user trap
  355                      ;;; with trap #0x240 will result in a trap vector of 0x1240 in the OS.
  356  000013c8  44000213	trap	#0x213
  357  000013cc  4be00000	jr	r31
  358  000013d0  54000000	nop
  359  000013d4          	.endproc _Open
  361  000013d4          	.proc _Close
  362  000013d4          	.global _Close
  363  000013d4          	_Close:
  364  000013d4  44000214	trap	#0x214
  365  000013d8  4be00000	jr	r31
  366  000013dc  54000000	nop
  367  000013e0          	.endproc _Close
  369  000013e0          	.proc _Read
  370  000013e0          	.global _Read
  371  000013e0          	_Read:
  372  000013e0  44000210	trap	#0x210
  373  000013e4  4be00000	jr	r31
  374  000013e8  54000000	nop
  375  000013ec          	.endproc _Read
  377  000013ec          	.proc _Write
  378  000013ec          	.global _Write
  379  000013ec          	_Write:
  380  000013ec  44000211	trap	#0x211
  381  000013f0  4be00000	jr	r31
  382  000013f4  54000000	nop
  383  000013f8          	.endproc _Write
  385  000013f8          	.proc _Lseek
  386  000013f8          	.global _Lseek
  387  000013f8          	_Lseek:
  388  000013f8  44000212	trap	#0x212
  389  000013fc  4be00000	jr	r31
  390  00001400  54000000	nop
  391  00001404          	.endproc _Lseek
  393  00001404          	.proc _Putchar
  394  00001404          	.global _Putchar
  395  00001404          	_Putchar:
  396  00001404  44000280	trap	#0x280
  397  00001408  4be00000	jr	r31
  398  0000140c  54000000	nop
  399  00001410          	.endproc _Putchar
  401  00001410          	.proc _Printf
  402  00001410          	.global _Printf
  403  00001410          	_Printf:
  404  00001410  44000201	trap	#0x201
  405  00001414  4be00000	jr	r31
  406  00001418  54000000	nop
  407  0000141c          	.endproc _Printf
  409  0000141c          	.proc _getpid
  410  0000141c          	.global _getpid
  411  0000141c          	_getpid:
  412  0000141c  44000431	trap	#0x431
  413  00001420  4be00000	jr	r31
  414  00001424  54000000	nop
  415  00001428          	.endproc _getpid
  417  00001428          	.proc _process_create
  418  00001428          	.global _process_create
  419  00001428          	_process_create:
  420  00001428  44000432	trap	#0x432
  421  0000142c  4be00000	jr	r31
  422  00001430  54000000	nop
  423  00001434          	.endproc _process_create
  425  00001434          	.proc _shmget
  426  00001434          	.global _shmget
  427  00001434          	_shmget:
  428  00001434  44000440	trap	#0x440
  429  00001438  4be00000	jr	r31
  430  0000143c  54000000	nop
  431  00001440          	.endproc _shmget
  433  00001440          	.proc _shmat
  434  00001440          	.global _shmat
  435  00001440          	_shmat:
  436  00001440  44000441	trap	#0x441
  437  00001444  4be00000	jr	r31
  438  00001448  54000000	nop
  439  0000144c          	.endproc _shmat
  441  0000144c          	.proc _sem_create
  442  0000144c          	.global _sem_create
  443  0000144c          	_sem_create:
  444  0000144c  44000450	trap	#0x450
  445  00001450  4be00000	jr	r31
  446  00001454  54000000	nop
  447  00001458          	.endproc _sem_create
  449  00001458          	.proc _sem_wait
  450  00001458          	.global _sem_wait
  451  00001458          	_sem_wait:
  452  00001458  44000451	trap	#0x451
  453  0000145c  4be00000	jr	r31
  454  00001460  54000000	nop
  455  00001464          	.endproc _sem_wait
  457  00001464          	.proc _sem_signal
  458  00001464          	.global _sem_signal
  459  00001464          	_sem_signal:
  460  00001464  44000452	trap	#0x452
  461  00001468  4be00000	jr	r31
  462  0000146c  54000000	nop
  463  00001470          	.endproc _sem_signal
  465  00001470          	.proc _lock_create
  466  00001470          	.global _lock_create
  467  00001470          	_lock_create:
  468  00001470  44000453	trap	#0x453
  469  00001474  4be00000	jr	r31
  470  00001478  54000000	nop
  471  0000147c          	.endproc _lock_create
  473  0000147c          	.proc _lock_acquire
  474  0000147c          	.global _lock_acquire
  475  0000147c          	_lock_acquire:
  476  0000147c  44000454	trap	#0x454
  477  00001480  4be00000	jr	r31
  478  00001484  54000000	nop
  479  00001488          	.endproc _lock_acquire
  481  00001488          	.proc _lock_release
  482  00001488          	.global _lock_release
  483  00001488          	_lock_release:
  484  00001488  44000455	trap	#0x455
  485  0000148c  4be00000	jr	r31
  486  00001490  54000000	nop
  487  00001494          	.endproc _lock_release
  489  00001494          	.proc _cond_create
  490  00001494          	.global _cond_create
  491  00001494          	_cond_create:
  492  00001494  44000456	trap	#0x456
  493  00001498  4be00000	jr	r31
  494  0000149c  54000000	nop
  495  000014a0          	.endproc _cond_create
  497  000014a0          	.proc _cond_wait
  498  000014a0          	.global _cond_wait
  499  000014a0          	_cond_wait:
  500  000014a0  44000457	trap	#0x457
  501  000014a4  4be00000	jr	r31
  502  000014a8  54000000	nop
  503  000014ac          	.endproc _cond_wait
  505  000014ac          	.proc _cond_signal
  506  000014ac          	.global _cond_signal
  507  000014ac          	_cond_signal:
  508  000014ac  44000458	trap	#0x458
  509  000014b0  4be00000	jr	r31
  510  000014b4  54000000	nop
  511  000014b8          	.endproc _cond_signal
  513  000014b8          	.proc _cond_broadcast
  514  000014b8          	.global _cond_broadcast
  515  000014b8          	_cond_broadcast:
  516  000014b8  44000459	trap	#0x459
  517  000014bc  4be00000	jr	r31
  518  000014c0  54000000	nop
  519  000014c4          	.endproc _cond_broadcast
  521  000014c4          	.proc _mbox_create
  522  000014c4          	.global _mbox_create
  523  000014c4          	_mbox_create:
  524  000014c4  44000460	trap	#0x460
  525  000014c8  4be00000	jr	r31
  526  000014cc  54000000	nop
  527  000014d0          	.endproc _mbox_create
  529  000014d0          	.proc _mbox_open
  530  000014d0          	.global _mbox_open
  531  000014d0          	_mbox_open:
  532  000014d0  44000461	trap	#0x461
  533  000014d4  4be00000	jr	r31
  534  000014d8  54000000	nop
  535  000014dc          	.endproc _mbox_open
  537  000014dc          	.proc _mbox_close
  538  000014dc          	.global _mbox_close
  539  000014dc          	_mbox_close:
  540  000014dc  44000462	trap	#0x462
  541  000014e0  4be00000	jr	r31
  542  000014e4  54000000	nop
  543  000014e8          	.endproc _mbox_close
  545  000014e8          	.proc _mbox_send
  546  000014e8          	.global _mbox_send
  547  000014e8          	_mbox_send:
  548  000014e8  44000463	trap	#0x463
  549  000014ec  4be00000	jr	r31
  550  000014f0  54000000	nop
  551  000014f4          	.endproc _mbox_send
  553  000014f4          	.proc _mbox_recv
  554  000014f4          	.global _mbox_recv
  555  000014f4          	_mbox_recv:
  556  000014f4  44000464	trap	#0x464
  557  000014f8  4be00000	jr	r31
  558  000014fc  54000000	nop
  559  00001500          	.endproc _mbox_recv
  561  00001500          	.proc _sleep
  562  00001500          	.global _sleep
  563  00001500          	_sleep:
  564  00001500  44000465	trap	#0x465
  565  00001504  4be00000	jr	r31
  566  00001508  54000000	nop
  567  0000150c          	.endproc _sleep
  569  0000150c          	.proc _yield
  570  0000150c          	.global _yield
  571  0000150c          	_yield:
  572  0000150c  44000466	trap	#0x466
  573  00001510  4be00000	jr	r31
  574  00001514  54000000	nop
  575  00001518          	.endproc _yield
  578  00001518          	.proc _Exit
  579  00001518          	.global _Exit
  580  00001518          	_Exit:
  581  00001518  44000500	trap	#0x500
  582  0000151c  4be00000	jr	r31
  583  00001520  54000000	nop
  584  00001524          	.endproc _Exit
  587  00001524          	.proc _malloc
  588  00001524          	.global _malloc
  589  00001524          	_malloc:
  590  00001524  44000467	trap	#0x467
  591  00001528  4be00000	jr	r31
  592  0000152c          	.endproc _malloc
  595  0000152c          	.proc _mfree
  596  0000152c          	.global _mfree
  597  0000152c          	_mfree:
  598  0000152c  44000468	trap	#0x468
  599  00001530  4be00000	jr	r31
  600  00001534          	.endproc _mfree
  601                      ; Compiled by GCC
  603  00001534          	.align 2
  604  00001534          	.proc _isspace
  605  00001534          	.global _isspace
  606  00001534          	_isspace:
  607                      ;  Function 'isspace'; 0 bytes of locals, 3 regs to save.
  608  00001534  afbefffc	sw	-4(r29),r30; push fp
  609  00001538  001df020	add	r30,r0,r29; fp = sp
  610  0000153c  afbffff8	sw	-8(r29),r31; push ret addr
  611  00001540  2fbd0018	subui	r29,r29,#24; alloc local storage
  612  00001544  afa20000	sw	0(r29),r2
  613  00001548  afa30004	sw	4(r29),r3
  614  0000154c  afa40008	sw	8(r29),r4
  615  00001550  83c20003	lb	r2,3(r30)
  616  00001554  20010000	addi	r1,r0,#0
  617  00001558  304300ff	andi	r3,r2,#0x00ff
  618  0000155c  60640020	seqi	r4,r3,#32
  619  00001560  1480002c	bnez	r4,L3_LF2
  620  00001564  54000000	nop; delay slot nop
  621  00001568  304300ff	andi	r3,r2,#0x00ff
  622  0000156c  60640009	seqi	r4,r3,#9
  623  00001570  1480001c	bnez	r4,L3_LF2
  624  00001574  54000000	nop; delay slot nop
  625  00001578  304300ff	andi	r3,r2,#0x00ff
  626  0000157c  6064000a	seqi	r4,r3,#10
  627  00001580  1480000c	bnez	r4,L3_LF2
  628  00001584  54000000	nop; delay slot nop
  629  00001588  08000008	j	L2_LF2
  630  0000158c  54000000	nop; delay slot nop
  631  00001590          	L3_LF2:
  632  00001590  20010001	addi	r1,r0,#1
  633  00001594          	L2_LF2:
  634  00001594  08000004	j	L1_LF2
  635  00001598  54000000	nop; delay slot nop
  636  0000159c          	L1_LF2:
  637  0000159c  8fa20000	lw	r2,0(r29)
  638  000015a0  8fa30004	lw	r3,4(r29)
  639  000015a4  8fa40008	lw	r4,8(r29)
  640  000015a8  8fdffff8	lw	r31,-8(r30)
  641  000015ac  001ee820	add	r29,r0,r30
  642  000015b0  8fdefffc	lw	r30,-4(r30)
  643  000015b4  4be00000	jr	r31
  644  000015b8  54000000	nop
  645  000015bc          	.endproc _isspace
  646  000015bc          	.align 2
  647  000015bc          	.proc _isxdigit
  648  000015bc          	.global _isxdigit
  649  000015bc          	_isxdigit:
  650                      ;  Function 'isxdigit'; 0 bytes of locals, 3 regs to save.
  651  000015bc  afbefffc	sw	-4(r29),r30; push fp
  652  000015c0  001df020	add	r30,r0,r29; fp = sp
  653  000015c4  afbffff8	sw	-8(r29),r31; push ret addr
  654  000015c8  2fbd0018	subui	r29,r29,#24; alloc local storage
  655  000015cc  afa20000	sw	0(r29),r2
  656  000015d0  afa30004	sw	4(r29),r3
  657  000015d4  afa40008	sw	8(r29),r4
  658  000015d8  83c20003	lb	r2,3(r30)
  659  000015dc  20010000	addi	r1,r0,#0
  660  000015e0  304300ff	andi	r3,r2,#0x00ff
  661  000015e4  6c64002f	sgtui	r4,r3,#47
  662  000015e8  1080001c	beqz	r4,L7_LF2
  663  000015ec  54000000	nop; delay slot nop
  664  000015f0  304300ff	andi	r3,r2,#0x00ff
  665  000015f4  70640039	sleui	r4,r3,#57
  666  000015f8  1480005c	bnez	r4,L6_LF2
  667  000015fc  54000000	nop; delay slot nop
  668  00001600  08000004	j	L7_LF2
  669  00001604  54000000	nop; delay slot nop
  670  00001608          	L7_LF2:
  671  00001608  304300ff	andi	r3,r2,#0x00ff
  672  0000160c  6c640060	sgtui	r4,r3,#96
  673  00001610  1080001c	beqz	r4,L8_LF2
  674  00001614  54000000	nop; delay slot nop
  675  00001618  304300ff	andi	r3,r2,#0x00ff
  676  0000161c  70640066	sleui	r4,r3,#102
  677  00001620  14800034	bnez	r4,L6_LF2
  678  00001624  54000000	nop; delay slot nop
  679  00001628  08000004	j	L8_LF2
  680  0000162c  54000000	nop; delay slot nop
  681  00001630          	L8_LF2:
  682  00001630  304300ff	andi	r3,r2,#0x00ff
  683  00001634  6c640040	sgtui	r4,r3,#64
  684  00001638  10800020	beqz	r4,L5_LF2
  685  0000163c  54000000	nop; delay slot nop
  686  00001640  304300ff	andi	r3,r2,#0x00ff
  687  00001644  70640041	sleui	r4,r3,#65
  688  00001648  1480000c	bnez	r4,L6_LF2
  689  0000164c  54000000	nop; delay slot nop
  690  00001650  08000008	j	L5_LF2
  691  00001654  54000000	nop; delay slot nop
  692  00001658          	L6_LF2:
  693  00001658  20010001	addi	r1,r0,#1
  694  0000165c          	L5_LF2:
  695  0000165c  08000004	j	L4_LF2
  696  00001660  54000000	nop; delay slot nop
  697  00001664          	L4_LF2:
  698  00001664  8fa20000	lw	r2,0(r29)
  699  00001668  8fa30004	lw	r3,4(r29)
  700  0000166c  8fa40008	lw	r4,8(r29)
  701  00001670  8fdffff8	lw	r31,-8(r30)
  702  00001674  001ee820	add	r29,r0,r30
  703  00001678  8fdefffc	lw	r30,-4(r30)
  704  0000167c  4be00000	jr	r31
  705  00001680  54000000	nop
  706  00001684          	.endproc _isxdigit
  707  00001684          	.align 2
  708  00001684          	.proc _dstrcpy
  709  00001684          	.global _dstrcpy
  710  00001684          	_dstrcpy:
  711                      ;  Function 'dstrcpy'; 8 bytes of locals, 2 regs to save.
  712  00001684  afbefffc	sw	-4(r29),r30; push fp
  713  00001688  001df020	add	r30,r0,r29; fp = sp
  714  0000168c  afbffff8	sw	-8(r29),r31; push ret addr
  715  00001690  2fbd0018	subui	r29,r29,#24; alloc local storage
  716  00001694  afa20000	sw	0(r29),r2
  717  00001698  afa30004	sw	4(r29),r3
  718  0000169c  8fc10000	lw	r1,(r30)
  719  000016a0  afc1fff4	sw	-12(r30),r1
  720  000016a4          	L10_LF2:
  721  000016a4  8fc10000	lw	r1,(r30)
  722  000016a8  20220001	addi	r2,r1,#1
  723  000016ac  afc20000	sw	(r30),r2
  724  000016b0  8fc20004	lw	r2,4(r30)
  725  000016b4  20430001	addi	r3,r2,#1
  726  000016b8  afc30004	sw	4(r30),r3
  727  000016bc  80420000	lb	r2,(r2)
  728  000016c0  a0220000	sb	(r1),r2
  729  000016c4  a3c2fff3	sb	-13(r30),r2
  730  000016c8          	L12_LF2:
  731  000016c8  93c1fff3	lbu	r1,-13(r30)
  732  000016cc  64220000	snei	r2,r1,#0
  733  000016d0  1440000c	bnez	r2,L13_LF2
  734  000016d4  54000000	nop; delay slot nop
  735  000016d8  0800000c	j	L11_LF2
  736  000016dc  54000000	nop; delay slot nop
  737  000016e0          	L13_LF2:
  738  000016e0  0bffffc0	j	L10_LF2
  739  000016e4  54000000	nop; delay slot nop
  740  000016e8          	L11_LF2:
  741  000016e8  8fc1fff4	lw	r1,-12(r30)
  742  000016ec  08000004	j	L9_LF2
  743  000016f0  54000000	nop; delay slot nop
  744  000016f4          	L9_LF2:
  745  000016f4  8fa20000	lw	r2,0(r29)
  746  000016f8  8fa30004	lw	r3,4(r29)
  747  000016fc  8fdffff8	lw	r31,-8(r30)
  748  00001700  001ee820	add	r29,r0,r30
  749  00001704  8fdefffc	lw	r30,-4(r30)
  750  00001708  4be00000	jr	r31
  751  0000170c  54000000	nop
  752  00001710          	.endproc _dstrcpy
  753  00001710          	.align 2
  754  00001710          	.proc _dstrncpy
  755  00001710          	.global _dstrncpy
  756  00001710          	_dstrncpy:
  757                      ;  Function 'dstrncpy'; 8 bytes of locals, 2 regs to save.
  758  00001710  afbefffc	sw	-4(r29),r30; push fp
  759  00001714  001df020	add	r30,r0,r29; fp = sp
  760  00001718  afbffff8	sw	-8(r29),r31; push ret addr
  761  0000171c  2fbd0018	subui	r29,r29,#24; alloc local storage
  762  00001720  afa20000	sw	0(r29),r2
  763  00001724  afa30004	sw	4(r29),r3
  764  00001728  8fc10000	lw	r1,(r30)
  765  0000172c  afc1fff4	sw	-12(r30),r1
  766  00001730          	L15_LF2:
  767  00001730  8fc10008	lw	r1,8(r30)
  768  00001734  2022ffff	addi	r2,r1,#-1
  769  00001738  afc20008	sw	8(r30),r2
  770  0000173c  70210000	slei	r1,r1,#0
  771  00001740  1020000c	beqz	r1,L18_LF2
  772  00001744  54000000	nop; delay slot nop
  773  00001748  08000048	j	L16_LF2
  774  0000174c  54000000	nop; delay slot nop
  775  00001750          	L18_LF2:
  776  00001750  8fc10000	lw	r1,(r30)
  777  00001754  20220001	addi	r2,r1,#1
  778  00001758  afc20000	sw	(r30),r2
  779  0000175c  8fc20004	lw	r2,4(r30)
  780  00001760  20430001	addi	r3,r2,#1
  781  00001764  afc30004	sw	4(r30),r3
  782  00001768  80420000	lb	r2,(r2)
  783  0000176c  a0220000	sb	(r1),r2
  784  00001770  a3c2fff3	sb	-13(r30),r2
  785  00001774          	L17_LF2:
  786  00001774  93c1fff3	lbu	r1,-13(r30)
  787  00001778  64220000	snei	r2,r1,#0
  788  0000177c  1440000c	bnez	r2,L19_LF2
  789  00001780  54000000	nop; delay slot nop
  790  00001784  0800000c	j	L16_LF2
  791  00001788  54000000	nop; delay slot nop
  792  0000178c          	L19_LF2:
  793  0000178c  0bffffa0	j	L15_LF2
  794  00001790  54000000	nop; delay slot nop
  795  00001794          	L16_LF2:
  796  00001794  8fc1fff4	lw	r1,-12(r30)
  797  00001798  08000004	j	L14_LF2
  798  0000179c  54000000	nop; delay slot nop
  799  000017a0          	L14_LF2:
  800  000017a0  8fa20000	lw	r2,0(r29)
  801  000017a4  8fa30004	lw	r3,4(r29)
  802  000017a8  8fdffff8	lw	r31,-8(r30)
  803  000017ac  001ee820	add	r29,r0,r30
  804  000017b0  8fdefffc	lw	r30,-4(r30)
  805  000017b4  4be00000	jr	r31
  806  000017b8  54000000	nop
  807  000017bc          	.endproc _dstrncpy
  808  000017bc          	.align 2
  809  000017bc          	.proc _dstrcat
  810  000017bc          	.global _dstrcat
  811  000017bc          	_dstrcat:
  812                      ;  Function 'dstrcat'; 8 bytes of locals, 1 regs to save.
  813  000017bc  afbefffc	sw	-4(r29),r30; push fp
  814  000017c0  001df020	add	r30,r0,r29; fp = sp
  815  000017c4  afbffff8	sw	-8(r29),r31; push ret addr
  816  000017c8  2fbd0018	subui	r29,r29,#24; alloc local storage
  817  000017cc  afa20000	sw	0(r29),r2
  818  000017d0  8fc10000	lw	r1,(r30)
  819  000017d4  afc1fff4	sw	-12(r30),r1
  820  000017d8          	L21_LF2:
  821  000017d8  8fc10000	lw	r1,(r30)
  822  000017dc  90220000	lbu	r2,(r1)
  823  000017e0  64410000	snei	r1,r2,#0
  824  000017e4  1420000c	bnez	r1,L23_LF2
  825  000017e8  54000000	nop; delay slot nop
  826  000017ec  0800001c	j	L22_LF2
  827  000017f0  54000000	nop; delay slot nop
  828  000017f4          	L23_LF2:
  829  000017f4  8fc20000	lw	r2,(r30)
  830  000017f8  20410001	addi	r1,r2,#1
  831  000017fc  00011020	add	r2,r0,r1
  832  00001800  afc20000	sw	(r30),r2
  833  00001804  0bffffd0	j	L21_LF2
  834  00001808  54000000	nop; delay slot nop
  835  0000180c          	L22_LF2:
  836  0000180c  23bdfff8	addi	r29,r29,#-8
  837  00001810  001d0820	add	r1,r0,r29
  838  00001814  8fc20000	lw	r2,(r30)
  839  00001818  ac220000	sw	(r1),r2
  840  0000181c  8fc20004	lw	r2,4(r30)
  841  00001820  ac220004	sw	4(r1),r2
  842  00001824  0ffffe5c	jal	_dstrcpy
  843  00001828  54000000	nop; delay slot nop
  844  0000182c  23bd0008	addi	r29,r29,#8
  845  00001830  8fc1fff4	lw	r1,-12(r30)
  846  00001834  08000004	j	L20_LF2
  847  00001838  54000000	nop; delay slot nop
  848  0000183c          	L20_LF2:
  849  0000183c  8fa20000	lw	r2,0(r29)
  850  00001840  8fdffff8	lw	r31,-8(r30)
  851  00001844  001ee820	add	r29,r0,r30
  852  00001848  8fdefffc	lw	r30,-4(r30)
  853  0000184c  4be00000	jr	r31
  854  00001850  54000000	nop
  855  00001854          	.endproc _dstrcat
  856  00001854          	.align 2
  857  00001854          	.proc _dstrncmp
  858  00001854          	.global _dstrncmp
  859  00001854          	_dstrncmp:
  860                      ;  Function 'dstrncmp'; 8 bytes of locals, 2 regs to save.
  861  00001854  afbefffc	sw	-4(r29),r30; push fp
  862  00001858  001df020	add	r30,r0,r29; fp = sp
  863  0000185c  afbffff8	sw	-8(r29),r31; push ret addr
  864  00001860  2fbd0018	subui	r29,r29,#24; alloc local storage
  865  00001864  afa20000	sw	0(r29),r2
  866  00001868  afa30004	sw	4(r29),r3
  867  0000186c  54000000	nop
  868  00001870  20010000	addi	r1,r0,#0
  869  00001874  afc1fff4	sw	-12(r30),r1
  870  00001878          	L25_LF2:
  871  00001878  8fc1fff4	lw	r1,-12(r30)
  872  0000187c  8fc20008	lw	r2,8(r30)
  873  00001880  0022082a	slt	r1,r1,r2
  874  00001884  1420000c	bnez	r1,L28_LF2
  875  00001888  54000000	nop; delay slot nop
  876  0000188c  08000088	j	L26_LF2
  877  00001890  54000000	nop; delay slot nop
  878  00001894          	L28_LF2:
  879  00001894  8fc10004	lw	r1,4(r30)
  880  00001898  90220000	lbu	r2,(r1)
  881  0000189c  64410000	snei	r1,r2,#0
  882  000018a0  14200018	bnez	r1,L29_LF2
  883  000018a4  54000000	nop; delay slot nop
  884  000018a8  20010000	addi	r1,r0,#0
  885  000018ac  080000d8	j	L24_LF2
  886  000018b0  54000000	nop; delay slot nop
  887  000018b4  08000028	j	L30_LF2
  888  000018b8  54000000	nop; delay slot nop
  889  000018bc          	L29_LF2:
  890  000018bc  8fc10000	lw	r1,(r30)
  891  000018c0  8fc20004	lw	r2,4(r30)
  892  000018c4  90210000	lbu	r1,(r1)
  893  000018c8  90420000	lbu	r2,(r2)
  894  000018cc  00220829	sne	r1,r1,r2
  895  000018d0  1020000c	beqz	r1,L30_LF2
  896  000018d4  54000000	nop; delay slot nop
  897  000018d8  0800003c	j	L26_LF2
  898  000018dc  54000000	nop; delay slot nop
  899  000018e0          	L31_LF2:
  900  000018e0          	L30_LF2:
  901  000018e0  8fc20000	lw	r2,(r30)
  902  000018e4  20410001	addi	r1,r2,#1
  903  000018e8  00011020	add	r2,r0,r1
  904  000018ec  afc20000	sw	(r30),r2
  905  000018f0  8fc20004	lw	r2,4(r30)
  906  000018f4  20410001	addi	r1,r2,#1
  907  000018f8  00011020	add	r2,r0,r1
  908  000018fc  afc20004	sw	4(r30),r2
  909  00001900          	L27_LF2:
  910  00001900  8fc2fff4	lw	r2,-12(r30)
  911  00001904  20410001	addi	r1,r2,#1
  912  00001908  00011020	add	r2,r0,r1
  913  0000190c  afc2fff4	sw	-12(r30),r2
  914  00001910  0bffff64	j	L25_LF2
  915  00001914  54000000	nop; delay slot nop
  916  00001918          	L26_LF2:
  917  00001918  8fc1fff4	lw	r1,-12(r30)
  918  0000191c  8fc20008	lw	r2,8(r30)
  919  00001920  00220828	seq	r1,r1,r2
  920  00001924  10200018	beqz	r1,L32_LF2
  921  00001928  54000000	nop; delay slot nop
  922  0000192c  20010000	addi	r1,r0,#0
  923  00001930  08000054	j	L24_LF2
  924  00001934  54000000	nop; delay slot nop
  925  00001938  0800004c	j	L33_LF2
  926  0000193c  54000000	nop; delay slot nop
  927  00001940          	L32_LF2:
  928  00001940  8fc20000	lw	r2,(r30)
  929  00001944  90410000	lbu	r1,(r2)
  930  00001948  8fc20004	lw	r2,4(r30)
  931  0000194c  90430000	lbu	r3,(r2)
  932  00001950  00230822	sub	r1,r1,r3
  933  00001954  74220000	sgei	r2,r1,#0
  934  00001958  10400020	beqz	r2,L34_LF2
  935  0000195c  54000000	nop; delay slot nop
  936  00001960  8fc10000	lw	r1,(r30)
  937  00001964  8fc20004	lw	r2,4(r30)
  938  00001968  90210000	lbu	r1,(r1)
  939  0000196c  90420000	lbu	r2,(r2)
  940  00001970  00220829	sne	r1,r1,r2
  941  00001974  08000008	j	L35_LF2
  942  00001978  54000000	nop; delay slot nop
  943  0000197c          	L34_LF2:
  944  0000197c  2001ffff	addi	r1,r0,#-1
  945  00001980          	L35_LF2:
  946  00001980  08000004	j	L24_LF2
  947  00001984  54000000	nop; delay slot nop
  948  00001988          	L33_LF2:
  949  00001988          	L24_LF2:
  950  00001988  8fa20000	lw	r2,0(r29)
  951  0000198c  8fa30004	lw	r3,4(r29)
  952  00001990  8fdffff8	lw	r31,-8(r30)
  953  00001994  001ee820	add	r29,r0,r30
  954  00001998  8fdefffc	lw	r30,-4(r30)
  955  0000199c  4be00000	jr	r31
  956  000019a0  54000000	nop
  957  000019a4          	.endproc _dstrncmp
  958  000019a4          	.align 2
  959  000019a4          	.proc _dstrlen
  960  000019a4          	.global _dstrlen
  961  000019a4          	_dstrlen:
  962                      ;  Function 'dstrlen'; 8 bytes of locals, 1 regs to save.
  963  000019a4  afbefffc	sw	-4(r29),r30; push fp
  964  000019a8  001df020	add	r30,r0,r29; fp = sp
  965  000019ac  afbffff8	sw	-8(r29),r31; push ret addr
  966  000019b0  2fbd0018	subui	r29,r29,#24; alloc local storage
  967  000019b4  afa20000	sw	0(r29),r2
  968  000019b8  20010000	addi	r1,r0,#0
  969  000019bc  afc1fff4	sw	-12(r30),r1
  970  000019c0          	L37_LF2:
  971  000019c0  8fc10000	lw	r1,(r30)
  972  000019c4  20220001	addi	r2,r1,#1
  973  000019c8  afc20000	sw	(r30),r2
  974  000019cc  90210000	lbu	r1,(r1)
  975  000019d0  64220000	snei	r2,r1,#0
  976  000019d4  1440000c	bnez	r2,L39_LF2
  977  000019d8  54000000	nop; delay slot nop
  978  000019dc  0800001c	j	L38_LF2
  979  000019e0  54000000	nop; delay slot nop
  980  000019e4          	L39_LF2:
  981  000019e4  8fc2fff4	lw	r2,-12(r30)
  982  000019e8  20410001	addi	r1,r2,#1
  983  000019ec  00011020	add	r2,r0,r1
  984  000019f0  afc2fff4	sw	-12(r30),r2
  985  000019f4  0bffffc8	j	L37_LF2
  986  000019f8  54000000	nop; delay slot nop
  987  000019fc          	L38_LF2:
  988  000019fc  8fc1fff4	lw	r1,-12(r30)
  989  00001a00  08000004	j	L36_LF2
  990  00001a04  54000000	nop; delay slot nop
  991  00001a08          	L36_LF2:
  992  00001a08  8fa20000	lw	r2,0(r29)
  993  00001a0c  8fdffff8	lw	r31,-8(r30)
  994  00001a10  001ee820	add	r29,r0,r30
  995  00001a14  8fdefffc	lw	r30,-4(r30)
  996  00001a18  4be00000	jr	r31
  997  00001a1c  54000000	nop
  998  00001a20          	.endproc _dstrlen
  999  00001a20          	.align 2
 1000  00001a20          	.proc _dstrstr
 1001  00001a20          	.global _dstrstr
 1002  00001a20          	_dstrstr:
 1003                      ;  Function 'dstrstr'; 8 bytes of locals, 1 regs to save.
 1004  00001a20  afbefffc	sw	-4(r29),r30; push fp
 1005  00001a24  001df020	add	r30,r0,r29; fp = sp
 1006  00001a28  afbffff8	sw	-8(r29),r31; push ret addr
 1007  00001a2c  2fbd0018	subui	r29,r29,#24; alloc local storage
 1008  00001a30  afa20000	sw	0(r29),r2
 1009  00001a34  23bdfff8	addi	r29,r29,#-8
 1010  00001a38  001d0820	add	r1,r0,r29
 1011  00001a3c  8fc20004	lw	r2,4(r30)
 1012  00001a40  ac220000	sw	(r1),r2
 1013  00001a44  0fffff5c	jal	_dstrlen
 1014  00001a48  54000000	nop; delay slot nop
 1015  00001a4c  23bd0008	addi	r29,r29,#8
 1016  00001a50  afc1fff4	sw	-12(r30),r1
 1017  00001a54          	L41_LF2:
 1018  00001a54  8fc10000	lw	r1,(r30)
 1019  00001a58  90220000	lbu	r2,(r1)
 1020  00001a5c  64410000	snei	r1,r2,#0
 1021  00001a60  1420000c	bnez	r1,L43_LF2
 1022  00001a64  54000000	nop; delay slot nop
 1023  00001a68  08000060	j	L42_LF2
 1024  00001a6c  54000000	nop; delay slot nop
 1025  00001a70          	L43_LF2:
 1026  00001a70  23bdfff0	addi	r29,r29,#-16
 1027  00001a74  001d0820	add	r1,r0,r29
 1028  00001a78  8fc20000	lw	r2,(r30)
 1029  00001a7c  ac220000	sw	(r1),r2
 1030  00001a80  8fc20004	lw	r2,4(r30)
 1031  00001a84  ac220004	sw	4(r1),r2
 1032  00001a88  8fc2fff4	lw	r2,-12(r30)
 1033  00001a8c  ac220008	sw	8(r1),r2
 1034  00001a90  0ffffdc0	jal	_dstrncmp
 1035  00001a94  54000000	nop; delay slot nop
 1036  00001a98  23bd0010	addi	r29,r29,#16
 1037  00001a9c  64220000	snei	r2,r1,#0
 1038  00001aa0  14400010	bnez	r2,L44_LF2
 1039  00001aa4  54000000	nop; delay slot nop
 1040  00001aa8  8fc10000	lw	r1,(r30)
 1041  00001aac  08000028	j	L40_LF2
 1042  00001ab0  54000000	nop; delay slot nop
 1043  00001ab4          	L44_LF2:
 1044  00001ab4  8fc20000	lw	r2,(r30)
 1045  00001ab8  20410001	addi	r1,r2,#1
 1046  00001abc  00011020	add	r2,r0,r1
 1047  00001ac0  afc20000	sw	(r30),r2
 1048  00001ac4  0bffff8c	j	L41_LF2
 1049  00001ac8  54000000	nop; delay slot nop
 1050  00001acc          	L42_LF2:
 1051  00001acc  20010000	addi	r1,r0,#0
 1052  00001ad0  08000004	j	L40_LF2
 1053  00001ad4  54000000	nop; delay slot nop
 1054  00001ad8          	L40_LF2:
 1055  00001ad8  8fa20000	lw	r2,0(r29)
 1056  00001adc  8fdffff8	lw	r31,-8(r30)
 1057  00001ae0  001ee820	add	r29,r0,r30
 1058  00001ae4  8fdefffc	lw	r30,-4(r30)
 1059  00001ae8  4be00000	jr	r31
 1060  00001aec  54000000	nop
 1061  00001af0          	.endproc _dstrstr
 1062  00001af0          	.align 2
 1063  00001af0          	.proc _dmindex
 1064  00001af0          	.global _dmindex
 1065  00001af0          	_dmindex:
 1066                      ;  Function 'dmindex'; 8 bytes of locals, 1 regs to save.
 1067  00001af0  afbefffc	sw	-4(r29),r30; push fp
 1068  00001af4  001df020	add	r30,r0,r29; fp = sp
 1069  00001af8  afbffff8	sw	-8(r29),r31; push ret addr
 1070  00001afc  2fbd0018	subui	r29,r29,#24; alloc local storage
 1071  00001b00  afa20000	sw	0(r29),r2
 1072  00001b04  54000000	nop
 1073  00001b08          	L46_LF2:
 1074  00001b08  8fc10000	lw	r1,(r30)
 1075  00001b0c  90220000	lbu	r2,(r1)
 1076  00001b10  64410000	snei	r1,r2,#0
 1077  00001b14  1420000c	bnez	r1,L48_LF2
 1078  00001b18  54000000	nop; delay slot nop
 1079  00001b1c  08000070	j	L47_LF2
 1080  00001b20  54000000	nop; delay slot nop
 1081  00001b24          	L48_LF2:
 1082  00001b24  8fc10004	lw	r1,4(r30)
 1083  00001b28  afc1fff4	sw	-12(r30),r1
 1084  00001b2c          	L49_LF2:
 1085  00001b2c  8fc1fff4	lw	r1,-12(r30)
 1086  00001b30  90220000	lbu	r2,(r1)
 1087  00001b34  64410000	snei	r1,r2,#0
 1088  00001b38  1420000c	bnez	r1,L52_LF2
 1089  00001b3c  54000000	nop; delay slot nop
 1090  00001b40  08000044	j	L50_LF2
 1091  00001b44  54000000	nop; delay slot nop
 1092  00001b48          	L52_LF2:
 1093  00001b48  8fc10000	lw	r1,(r30)
 1094  00001b4c  8fc2fff4	lw	r2,-12(r30)
 1095  00001b50  90210000	lbu	r1,(r1)
 1096  00001b54  90420000	lbu	r2,(r2)
 1097  00001b58  00220828	seq	r1,r1,r2
 1098  00001b5c  10200010	beqz	r1,L51_LF2
 1099  00001b60  54000000	nop; delay slot nop
 1100  00001b64  8fc10000	lw	r1,(r30)
 1101  00001b68  08000030	j	L45_LF2
 1102  00001b6c  54000000	nop; delay slot nop
 1103  00001b70          	L53_LF2:
 1104  00001b70          	L51_LF2:
 1105  00001b70  8fc2fff4	lw	r2,-12(r30)
 1106  00001b74  20410001	addi	r1,r2,#1
 1107  00001b78  00011020	add	r2,r0,r1
 1108  00001b7c  afc2fff4	sw	-12(r30),r2
 1109  00001b80  0bffffa8	j	L49_LF2
 1110  00001b84  54000000	nop; delay slot nop
 1111  00001b88          	L50_LF2:
 1112  00001b88  0bffff7c	j	L46_LF2
 1113  00001b8c  54000000	nop; delay slot nop
 1114  00001b90          	L47_LF2:
 1115  00001b90  20010000	addi	r1,r0,#0
 1116  00001b94  08000004	j	L45_LF2
 1117  00001b98  54000000	nop; delay slot nop
 1118  00001b9c          	L45_LF2:
 1119  00001b9c  8fa20000	lw	r2,0(r29)
 1120  00001ba0  8fdffff8	lw	r31,-8(r30)
 1121  00001ba4  001ee820	add	r29,r0,r30
 1122  00001ba8  8fdefffc	lw	r30,-4(r30)
 1123  00001bac  4be00000	jr	r31
 1124  00001bb0  54000000	nop
 1125  00001bb4          	.endproc _dmindex
 1126  00001bb4          	.align 2
 1127  00001bb4          	.proc _dindex
 1128  00001bb4          	.global _dindex
 1129  00001bb4          	_dindex:
 1130                      ;  Function 'dindex'; 0 bytes of locals, 1 regs to save.
 1131  00001bb4  afbefffc	sw	-4(r29),r30; push fp
 1132  00001bb8  001df020	add	r30,r0,r29; fp = sp
 1133  00001bbc  afbffff8	sw	-8(r29),r31; push ret addr
 1134  00001bc0  2fbd0010	subui	r29,r29,#16; alloc local storage
 1135  00001bc4  afa20000	sw	0(r29),r2
 1136  00001bc8  54000000	nop
 1137  00001bcc          	L55_LF2:
 1138  00001bcc  8fc10000	lw	r1,(r30)
 1139  00001bd0  90220000	lbu	r2,(r1)
 1140  00001bd4  64410000	snei	r1,r2,#0
 1141  00001bd8  1420000c	bnez	r1,L57_LF2
 1142  00001bdc  54000000	nop; delay slot nop
 1143  00001be0  08000040	j	L56_LF2
 1144  00001be4  54000000	nop; delay slot nop
 1145  00001be8          	L57_LF2:
 1146  00001be8  8fc10000	lw	r1,(r30)
 1147  00001bec  90220000	lbu	r2,(r1)
 1148  00001bf0  8fc10004	lw	r1,4(r30)
 1149  00001bf4  00411028	seq	r2,r2,r1
 1150  00001bf8  10400010	beqz	r2,L58_LF2
 1151  00001bfc  54000000	nop; delay slot nop
 1152  00001c00  8fc10000	lw	r1,(r30)
 1153  00001c04  08000028	j	L54_LF2
 1154  00001c08  54000000	nop; delay slot nop
 1155  00001c0c          	L58_LF2:
 1156  00001c0c  8fc20000	lw	r2,(r30)
 1157  00001c10  20410001	addi	r1,r2,#1
 1158  00001c14  00011020	add	r2,r0,r1
 1159  00001c18  afc20000	sw	(r30),r2
 1160  00001c1c  0bffffac	j	L55_LF2
 1161  00001c20  54000000	nop; delay slot nop
 1162  00001c24          	L56_LF2:
 1163  00001c24  20010000	addi	r1,r0,#0
 1164  00001c28  08000004	j	L54_LF2
 1165  00001c2c  54000000	nop; delay slot nop
 1166  00001c30          	L54_LF2:
 1167  00001c30  8fa20000	lw	r2,0(r29)
 1168  00001c34  8fdffff8	lw	r31,-8(r30)
 1169  00001c38  001ee820	add	r29,r0,r30
 1170  00001c3c  8fdefffc	lw	r30,-4(r30)
 1171  00001c40  4be00000	jr	r31
 1172  00001c44  54000000	nop
 1173  00001c48          	.endproc _dindex
 1174  00001c48          	.align 2
 1175  00001c48          	.proc _ditoa
 1176  00001c48          	.global _ditoa
 1177  00001c48          	_ditoa:
 1178                      ;  Function 'ditoa'; 8 bytes of locals, 2 regs to save.
 1179  00001c48  afbefffc	sw	-4(r29),r30; push fp
 1180  00001c4c  001df020	add	r30,r0,r29; fp = sp
 1181  00001c50  afbffff8	sw	-8(r29),r31; push ret addr
 1182  00001c54  2fbd0018	subui	r29,r29,#24; alloc local storage
 1183  00001c58  afa20000	sw	0(r29),r2
 1184  00001c5c  afa30004	sw	4(r29),r3
 1185  00001c60  8fc10000	lw	r1,(r30)
 1186  00001c64  68220000	slti	r2,r1,#0
 1187  00001c68  1040002c	beqz	r2,L60_LF2
 1188  00001c6c  54000000	nop; delay slot nop
 1189  00001c70  8fc10004	lw	r1,4(r30)
 1190  00001c74  20220001	addi	r2,r1,#1
 1191  00001c78  afc20004	sw	4(r30),r2
 1192  00001c7c  2002002d	addi	r2,r0,(#0x2d)&0xff
 1193  00001c80  a0220000	sb	(r1),r2
 1194  00001c84  8fc10000	lw	r1,(r30)
 1195  00001c88  00011022	sub	r2,r0,r1
 1196  00001c8c  afc20000	sw	(r30),r2
 1197  00001c90  08000118	j	L61_LF2
 1198  00001c94  54000000	nop; delay slot nop
 1199  00001c98          	L60_LF2:
 1200  00001c98  8fc10000	lw	r1,(r30)
 1201  00001c9c  64220000	snei	r2,r1,#0
 1202  00001ca0  14400020	bnez	r2,L62_LF2
 1203  00001ca4  54000000	nop; delay slot nop
 1204  00001ca8  8fc10004	lw	r1,4(r30)
 1205  00001cac  20220001	addi	r2,r1,#1
 1206  00001cb0  afc20004	sw	4(r30),r2
 1207  00001cb4  20020030	addi	r2,r0,(#0x30)&0xff
 1208  00001cb8  a0220000	sb	(r1),r2
 1209  00001cbc  080000ec	j	L61_LF2
 1210  00001cc0  54000000	nop; delay slot nop
 1211  00001cc4          	L62_LF2:
 1212  00001cc4  20010001	addi	r1,r0,#1
 1213  00001cc8  afc1fff4	sw	-12(r30),r1
 1214  00001ccc          	L64_LF2:
 1215  00001ccc  8fc1fff4	lw	r1,-12(r30)
 1216  00001cd0  8fc20000	lw	r2,(r30)
 1217  00001cd4  0022082c	sle	r1,r1,r2
 1218  00001cd8  1420000c	bnez	r1,L66_LF2
 1219  00001cdc  54000000	nop; delay slot nop
 1220  00001ce0  08000024	j	L65_LF2
 1221  00001ce4  54000000	nop; delay slot nop
 1222  00001ce8          	L67_LF2:
 1223  00001ce8          	L66_LF2:
 1224  00001ce8  8fc1fff4	lw	r1,-12(r30)
 1225  00001cec  00011820	add	r3,r0,r1
 1226  00001cf0  50620002	slli	r2,r3,#0x2
 1227  00001cf4  00411020	add	r2,r2,r1
 1228  00001cf8  50410001	slli	r1,r2,#0x1
 1229  00001cfc  afc1fff4	sw	-12(r30),r1
 1230  00001d00  0bffffc8	j	L64_LF2
 1231  00001d04  54000000	nop; delay slot nop
 1232  00001d08          	L65_LF2:
 1233  00001d08  54000000	nop
 1234  00001d0c          	L68_LF2:
 1235  00001d0c  8fc1fff4	lw	r1,-12(r30)
 1236  00001d10  2002000a	addi	r2,r0,#10
 1237  00001d14  00200035	movi2fp	f0,r1
 1238  00001d18  00400835	movi2fp	f1,r2
 1239  00001d1c  0401000f	div	f0,f0,f1
 1240  00001d20  00000834	movfp2i	r1,f0
 1241  00001d24  afc1fff4	sw	-12(r30),r1
 1242  00001d28  8fc10004	lw	r1,4(r30)
 1243  00001d2c  20220001	addi	r2,r1,#1
 1244  00001d30  afc20004	sw	4(r30),r2
 1245  00001d34  8fc20000	lw	r2,(r30)
 1246  00001d38  8fc3fff4	lw	r3,-12(r30)
 1247  00001d3c  00400035	movi2fp	f0,r2
 1248  00001d40  00600835	movi2fp	f1,r3
 1249  00001d44  0401000f	div	f0,f0,f1
 1250  00001d48  00001034	movfp2i	r2,f0
 1251  00001d4c  00021820	add	r3,r0,r2
 1252  00001d50  20620030	addi	r2,r3,#48
 1253  00001d54  a0220000	sb	(r1),r2
 1254  00001d58  8fc10000	lw	r1,(r30)
 1255  00001d5c  8fc3fff4	lw	r3,-12(r30)
 1256  00001d60  00200035	movi2fp	f0,r1
 1257  00001d64  00600835	movi2fp	f1,r3
 1258  00001d68  0401000f	div	f0,f0,f1
 1259  00001d6c  00001034	movfp2i	r2,f0
 1260  00001d70  8fc3fff4	lw	r3,-12(r30)
 1261  00001d74  00400035	movi2fp	f0,r2
 1262  00001d78  00600835	movi2fp	f1,r3
 1263  00001d7c  0401000e	mult	f0,f0,f1
 1264  00001d80  00001034	movfp2i	r2,f0
 1265  00001d84  00220822	sub	r1,r1,r2
 1266  00001d88  afc10000	sw	(r30),r1
 1267  00001d8c          	L70_LF2:
 1268  00001d8c  8fc1fff4	lw	r1,-12(r30)
 1269  00001d90  6c220001	sgti	r2,r1,#1
 1270  00001d94  1440000c	bnez	r2,L71_LF2
 1271  00001d98  54000000	nop; delay slot nop
 1272  00001d9c  0800000c	j	L61_LF2
 1273  00001da0  54000000	nop; delay slot nop
 1274  00001da4          	L71_LF2:
 1275  00001da4  0bffff64	j	L68_LF2
 1276  00001da8  54000000	nop; delay slot nop
 1277  00001dac          	L69_LF2:
 1278  00001dac          	L63_LF2:
 1279  00001dac          	L61_LF2:
 1280  00001dac  8fc10004	lw	r1,4(r30)
 1281  00001db0  20020000	addi	r2,r0,(#0x0)&0xff
 1282  00001db4  a0220000	sb	(r1),r2
 1283  00001db8          	L59_LF2:
 1284  00001db8  8fa20000	lw	r2,0(r29)
 1285  00001dbc  8fa30004	lw	r3,4(r29)
 1286  00001dc0  8fdffff8	lw	r31,-8(r30)
 1287  00001dc4  001ee820	add	r29,r0,r30
 1288  00001dc8  8fdefffc	lw	r30,-4(r30)
 1289  00001dcc  4be00000	jr	r31
 1290  00001dd0  54000000	nop
 1291  00001dd4          	.endproc _ditoa
 1292  00001dd4          	.align 2
 1293  00001dd4          	.proc _dstrtol
 1294  00001dd4          	.global _dstrtol
 1295  00001dd4          	_dstrtol:
 1296                      ;  Function 'dstrtol'; 16 bytes of locals, 1 regs to save.
 1297  00001dd4  afbefffc	sw	-4(r29),r30; push fp
 1298  00001dd8  001df020	add	r30,r0,r29; fp = sp
 1299  00001ddc  afbffff8	sw	-8(r29),r31; push ret addr
 1300  00001de0  2fbd0020	subui	r29,r29,#32; alloc local storage
 1301  00001de4  afa20000	sw	0(r29),r2
 1302  00001de8  20010000	addi	r1,r0,#0
 1303  00001dec  afc1fff4	sw	-12(r30),r1
 1304  00001df0          	L73_LF2:
 1305  00001df0  8fc10000	lw	r1,(r30)
 1306  00001df4  90220000	lbu	r2,(r1)
 1307  00001df8  60410020	seqi	r1,r2,#32
 1308  00001dfc  14200034	bnez	r1,L75_LF2
 1309  00001e00  54000000	nop; delay slot nop
 1310  00001e04  8fc10000	lw	r1,(r30)
 1311  00001e08  90220000	lbu	r2,(r1)
 1312  00001e0c  60410009	seqi	r1,r2,#9
 1313  00001e10  14200020	bnez	r1,L75_LF2
 1314  00001e14  54000000	nop; delay slot nop
 1315  00001e18  8fc10000	lw	r1,(r30)
 1316  00001e1c  90220000	lbu	r2,(r1)
 1317  00001e20  6041000a	seqi	r1,r2,#10
 1318  00001e24  1420000c	bnez	r1,L75_LF2
 1319  00001e28  54000000	nop; delay slot nop
 1320  00001e2c  0800001c	j	L74_LF2
 1321  00001e30  54000000	nop; delay slot nop
 1322  00001e34          	L75_LF2:
 1323  00001e34  8fc20000	lw	r2,(r30)
 1324  00001e38  20410001	addi	r1,r2,#1
 1325  00001e3c  00011020	add	r2,r0,r1
 1326  00001e40  afc20000	sw	(r30),r2
 1327  00001e44  0bffffa8	j	L73_LF2
 1328  00001e48  54000000	nop; delay slot nop
 1329  00001e4c          	L74_LF2:
 1330  00001e4c  8fc10004	lw	r1,4(r30)
 1331  00001e50  64220000	snei	r2,r1,#0
 1332  00001e54  10400010	beqz	r2,L76_LF2
 1333  00001e58  54000000	nop; delay slot nop
 1334  00001e5c  8fc10004	lw	r1,4(r30)
 1335  00001e60  8fc20000	lw	r2,(r30)
 1336  00001e64  ac220000	sw	(r1),r2
 1337  00001e68          	L76_LF2:
 1338  00001e68  8fc10000	lw	r1,(r30)
 1339  00001e6c  90220000	lbu	r2,(r1)
 1340  00001e70  64410000	snei	r1,r2,#0
 1341  00001e74  14200010	bnez	r1,L77_LF2
 1342  00001e78  54000000	nop; delay slot nop
 1343  00001e7c  8fc1fff4	lw	r1,-12(r30)
 1344  00001e80  08000294	j	L72_LF2
 1345  00001e84  54000000	nop; delay slot nop
 1346  00001e88          	L77_LF2:
 1347  00001e88  8fc10000	lw	r1,(r30)
 1348  00001e8c  90220000	lbu	r2,(r1)
 1349  00001e90  6041002d	seqi	r1,r2,#45
 1350  00001e94  10200024	beqz	r1,L78_LF2
 1351  00001e98  54000000	nop; delay slot nop
 1352  00001e9c  2001ffff	addi	r1,r0,#-1
 1353  00001ea0  afc1ffec	sw	-20(r30),r1
 1354  00001ea4  8fc20000	lw	r2,(r30)
 1355  00001ea8  20410001	addi	r1,r2,#1
 1356  00001eac  00011020	add	r2,r0,r1
 1357  00001eb0  afc20000	sw	(r30),r2
 1358  00001eb4  0800000c	j	L79_LF2
 1359  00001eb8  54000000	nop; delay slot nop
 1360  00001ebc          	L78_LF2:
 1361  00001ebc  20010001	addi	r1,r0,#1
 1362  00001ec0  afc1ffec	sw	-20(r30),r1
 1363  00001ec4          	L79_LF2:
 1364  00001ec4  8fc10008	lw	r1,8(r30)
 1365  00001ec8  64220000	snei	r2,r1,#0
 1366  00001ecc  14400090	bnez	r2,L80_LF2
 1367  00001ed0  54000000	nop; delay slot nop
 1368  00001ed4  8fc10000	lw	r1,(r30)
 1369  00001ed8  90220000	lbu	r2,(r1)
 1370  00001edc  60410030	seqi	r1,r2,#48
 1371  00001ee0  10200074	beqz	r1,L81_LF2
 1372  00001ee4  54000000	nop; delay slot nop
 1373  00001ee8  8fc20000	lw	r2,(r30)
 1374  00001eec  20410001	addi	r1,r2,#1
 1375  00001ef0  00011020	add	r2,r0,r1
 1376  00001ef4  afc20000	sw	(r30),r2
 1377  00001ef8  8fc10000	lw	r1,(r30)
 1378  00001efc  90220000	lbu	r2,(r1)
 1379  00001f00  60410078	seqi	r1,r2,#120
 1380  00001f04  14200020	bnez	r1,L83_LF2
 1381  00001f08  54000000	nop; delay slot nop
 1382  00001f0c  8fc10000	lw	r1,(r30)
 1383  00001f10  90220000	lbu	r2,(r1)
 1384  00001f14  60410058	seqi	r1,r2,#88
 1385  00001f18  1420000c	bnez	r1,L83_LF2
 1386  00001f1c  54000000	nop; delay slot nop
 1387  00001f20  08000024	j	L82_LF2
 1388  00001f24  54000000	nop; delay slot nop
 1389  00001f28          	L83_LF2:
 1390  00001f28  20010010	addi	r1,r0,#16
 1391  00001f2c  afc10008	sw	8(r30),r1
 1392  00001f30  8fc20000	lw	r2,(r30)
 1393  00001f34  20410001	addi	r1,r2,#1
 1394  00001f38  00011020	add	r2,r0,r1
 1395  00001f3c  afc20000	sw	(r30),r2
 1396  00001f40  0800000c	j	L84_LF2
 1397  00001f44  54000000	nop; delay slot nop
 1398  00001f48          	L82_LF2:
 1399  00001f48  20010008	addi	r1,r0,#8
 1400  00001f4c  afc10008	sw	8(r30),r1
 1401  00001f50          	L84_LF2:
 1402  00001f50  0800000c	j	L80_LF2
 1403  00001f54  54000000	nop; delay slot nop
 1404  00001f58          	L81_LF2:
 1405  00001f58  2001000a	addi	r1,r0,#10
 1406  00001f5c  afc10008	sw	8(r30),r1
 1407  00001f60          	L85_LF2:
 1408  00001f60          	L80_LF2:
 1409  00001f60  8fc10008	lw	r1,8(r30)
 1410  00001f64  70220000	slei	r2,r1,#0
 1411  00001f68  1440001c	bnez	r2,L87_LF2
 1412  00001f6c  54000000	nop; delay slot nop
 1413  00001f70  8fc10008	lw	r1,8(r30)
 1414  00001f74  6c220010	sgti	r2,r1,#16
 1415  00001f78  1440000c	bnez	r2,L87_LF2
 1416  00001f7c  54000000	nop; delay slot nop
 1417  00001f80  08000010	j	L86_LF2
 1418  00001f84  54000000	nop; delay slot nop
 1419  00001f88          	L87_LF2:
 1420  00001f88  8fc1fff4	lw	r1,-12(r30)
 1421  00001f8c  08000188	j	L72_LF2
 1422  00001f90  54000000	nop; delay slot nop
 1423  00001f94          	L86_LF2:
 1424  00001f94  54000000	nop
 1425  00001f98          	L88_LF2:
 1426  00001f98  8fc10000	lw	r1,(r30)
 1427  00001f9c  90220000	lbu	r2,(r1)
 1428  00001fa0  6c41002f	sgtui	r1,r2,#47
 1429  00001fa4  10200030	beqz	r1,L91_LF2
 1430  00001fa8  54000000	nop; delay slot nop
 1431  00001fac  8fc10000	lw	r1,(r30)
 1432  00001fb0  90220000	lbu	r2,(r1)
 1433  00001fb4  70410039	sleui	r1,r2,#57
 1434  00001fb8  1020001c	beqz	r1,L91_LF2
 1435  00001fbc  54000000	nop; delay slot nop
 1436  00001fc0  8fc10000	lw	r1,(r30)
 1437  00001fc4  90220000	lbu	r2,(r1)
 1438  00001fc8  2041ffd0	addi	r1,r2,#-48
 1439  00001fcc  afc1fff0	sw	-16(r30),r1
 1440  00001fd0  0800008c	j	L92_LF2
 1441  00001fd4  54000000	nop; delay slot nop
 1442  00001fd8          	L91_LF2:
 1443  00001fd8  8fc10000	lw	r1,(r30)
 1444  00001fdc  90220000	lbu	r2,(r1)
 1445  00001fe0  6c410060	sgtui	r1,r2,#96
 1446  00001fe4  10200030	beqz	r1,L93_LF2
 1447  00001fe8  54000000	nop; delay slot nop
 1448  00001fec  8fc10000	lw	r1,(r30)
 1449  00001ff0  90220000	lbu	r2,(r1)
 1450  00001ff4  7041007a	sleui	r1,r2,#122
 1451  00001ff8  1020001c	beqz	r1,L93_LF2
 1452  00001ffc  54000000	nop; delay slot nop
 1453  00002000  8fc10000	lw	r1,(r30)
 1454  00002004  90220000	lbu	r2,(r1)
 1455  00002008  2041ffa9	addi	r1,r2,#-87
 1456  0000200c  afc1fff0	sw	-16(r30),r1
 1457  00002010  0800004c	j	L92_LF2
 1458  00002014  54000000	nop; delay slot nop
 1459  00002018          	L93_LF2:
 1460  00002018  8fc10000	lw	r1,(r30)
 1461  0000201c  90220000	lbu	r2,(r1)
 1462  00002020  6c410040	sgtui	r1,r2,#64
 1463  00002024  10200030	beqz	r1,L95_LF2
 1464  00002028  54000000	nop; delay slot nop
 1465  0000202c  8fc10000	lw	r1,(r30)
 1466  00002030  90220000	lbu	r2,(r1)
 1467  00002034  7041005a	sleui	r1,r2,#90
 1468  00002038  1020001c	beqz	r1,L95_LF2
 1469  0000203c  54000000	nop; delay slot nop
 1470  00002040  8fc10000	lw	r1,(r30)
 1471  00002044  90220000	lbu	r2,(r1)
 1472  00002048  2041ffc9	addi	r1,r2,#-55
 1473  0000204c  afc1fff0	sw	-16(r30),r1
 1474  00002050  0800000c	j	L92_LF2
 1475  00002054  54000000	nop; delay slot nop
 1476  00002058          	L95_LF2:
 1477  00002058  200103e8	addi	r1,r0,#1000
 1478  0000205c  afc1fff0	sw	-16(r30),r1
 1479  00002060          	L96_LF2:
 1480  00002060          	L94_LF2:
 1481  00002060          	L92_LF2:
 1482  00002060  8fc1fff0	lw	r1,-16(r30)
 1483  00002064  8fc20008	lw	r2,8(r30)
 1484  00002068  0022082a	slt	r1,r1,r2
 1485  0000206c  10200040	beqz	r1,L90_LF2
 1486  00002070  54000000	nop; delay slot nop
 1487  00002074  8fc1fff4	lw	r1,-12(r30)
 1488  00002078  8fc20008	lw	r2,8(r30)
 1489  0000207c  00200035	movi2fp	f0,r1
 1490  00002080  00400835	movi2fp	f1,r2
 1491  00002084  0401000e	mult	f0,f0,f1
 1492  00002088  00000834	movfp2i	r1,f0
 1493  0000208c  afc1fff4	sw	-12(r30),r1
 1494  00002090  8fc1fff4	lw	r1,-12(r30)
 1495  00002094  8fc2fff0	lw	r2,-16(r30)
 1496  00002098  00220820	add	r1,r1,r2
 1497  0000209c  afc1fff4	sw	-12(r30),r1
 1498  000020a0  8fc20000	lw	r2,(r30)
 1499  000020a4  20410001	addi	r1,r2,#1
 1500  000020a8  00011020	add	r2,r0,r1
 1501  000020ac  afc20000	sw	(r30),r2
 1502  000020b0          	L97_LF2:
 1503  000020b0          	L90_LF2:
 1504  000020b0  8fc1fff0	lw	r1,-16(r30)
 1505  000020b4  8fc20008	lw	r2,8(r30)
 1506  000020b8  0022082a	slt	r1,r1,r2
 1507  000020bc  1420000c	bnez	r1,L98_LF2
 1508  000020c0  54000000	nop; delay slot nop
 1509  000020c4  0800000c	j	L89_LF2
 1510  000020c8  54000000	nop; delay slot nop
 1511  000020cc          	L98_LF2:
 1512  000020cc  0bfffec8	j	L88_LF2
 1513  000020d0  54000000	nop; delay slot nop
 1514  000020d4          	L89_LF2:
 1515  000020d4  8fc10004	lw	r1,4(r30)
 1516  000020d8  64220000	snei	r2,r1,#0
 1517  000020dc  10400010	beqz	r2,L99_LF2
 1518  000020e0  54000000	nop; delay slot nop
 1519  000020e4  8fc10004	lw	r1,4(r30)
 1520  000020e8  8fc20000	lw	r2,(r30)
 1521  000020ec  ac220000	sw	(r1),r2
 1522  000020f0          	L99_LF2:
 1523  000020f0  8fc1fff4	lw	r1,-12(r30)
 1524  000020f4  8fc2ffec	lw	r2,-20(r30)
 1525  000020f8  00200035	movi2fp	f0,r1
 1526  000020fc  00400835	movi2fp	f1,r2
 1527  00002100  0401000e	mult	f0,f0,f1
 1528  00002104  00000834	movfp2i	r1,f0
 1529  00002108  afc1fff4	sw	-12(r30),r1
 1530  0000210c  8fc1fff4	lw	r1,-12(r30)
 1531  00002110  08000004	j	L72_LF2
 1532  00002114  54000000	nop; delay slot nop
 1533  00002118          	L72_LF2:
 1534  00002118  8fa20000	lw	r2,0(r29)
 1535  0000211c  8fdffff8	lw	r31,-8(r30)
 1536  00002120  001ee820	add	r29,r0,r30
 1537  00002124  8fdefffc	lw	r30,-4(r30)
 1538  00002128  4be00000	jr	r31
 1539  0000212c  54000000	nop
 1540  00002130          	.endproc _dstrtol
 1541  00002130          	.align 2
 1542  00002130          	.proc _bcopy
 1543  00002130          	.global _bcopy
 1544  00002130          	_bcopy:
 1545                      ;  Function 'bcopy'; 0 bytes of locals, 2 regs to save.
 1546  00002130  afbefffc	sw	-4(r29),r30; push fp
 1547  00002134  001df020	add	r30,r0,r29; fp = sp
 1548  00002138  afbffff8	sw	-8(r29),r31; push ret addr
 1549  0000213c  2fbd0010	subui	r29,r29,#16; alloc local storage
 1550  00002140  afa20000	sw	0(r29),r2
 1551  00002144  afa30004	sw	4(r29),r3
 1552  00002148  54000000	nop
 1553  0000214c          	L101_LF2:
 1554  0000214c  8fc10008	lw	r1,8(r30)
 1555  00002150  2022ffff	addi	r2,r1,#-1
 1556  00002154  afc20008	sw	8(r30),r2
 1557  00002158  6c210000	sgti	r1,r1,#0
 1558  0000215c  1420000c	bnez	r1,L103_LF2
 1559  00002160  54000000	nop; delay slot nop
 1560  00002164  0800002c	j	L102_LF2
 1561  00002168  54000000	nop; delay slot nop
 1562  0000216c          	L103_LF2:
 1563  0000216c  8fc10004	lw	r1,4(r30)
 1564  00002170  20220001	addi	r2,r1,#1
 1565  00002174  afc20004	sw	4(r30),r2
 1566  00002178  8fc20000	lw	r2,(r30)
 1567  0000217c  20430001	addi	r3,r2,#1
 1568  00002180  afc30000	sw	(r30),r3
 1569  00002184  80420000	lb	r2,(r2)
 1570  00002188  a0220000	sb	(r1),r2
 1571  0000218c  0bffffbc	j	L101_LF2
 1572  00002190  54000000	nop; delay slot nop
 1573  00002194          	L102_LF2:
 1574  00002194          	L100_LF2:
 1575  00002194  8fa20000	lw	r2,0(r29)
 1576  00002198  8fa30004	lw	r3,4(r29)
 1577  0000219c  8fdffff8	lw	r31,-8(r30)
 1578  000021a0  001ee820	add	r29,r0,r30
 1579  000021a4  8fdefffc	lw	r30,-4(r30)
 1580  000021a8  4be00000	jr	r31
 1581  000021ac  54000000	nop
 1582  000021b0          	.endproc _bcopy
 1583  000021b0          	.align 2
 1584  000021b0          	.proc _bzero
 1585  000021b0          	.global _bzero
 1586  000021b0          	_bzero:
 1587                      ;  Function 'bzero'; 0 bytes of locals, 1 regs to save.
 1588  000021b0  afbefffc	sw	-4(r29),r30; push fp
 1589  000021b4  001df020	add	r30,r0,r29; fp = sp
 1590  000021b8  afbffff8	sw	-8(r29),r31; push ret addr
 1591  000021bc  2fbd0010	subui	r29,r29,#16; alloc local storage
 1592  000021c0  afa20000	sw	0(r29),r2
 1593  000021c4  54000000	nop
 1594  000021c8          	L105_LF2:
 1595  000021c8  8fc10004	lw	r1,4(r30)
 1596  000021cc  2022ffff	addi	r2,r1,#-1
 1597  000021d0  afc20004	sw	4(r30),r2
 1598  000021d4  6c210000	sgti	r1,r1,#0
 1599  000021d8  1420000c	bnez	r1,L107_LF2
 1600  000021dc  54000000	nop; delay slot nop
 1601  000021e0  08000020	j	L106_LF2
 1602  000021e4  54000000	nop; delay slot nop
 1603  000021e8          	L107_LF2:
 1604  000021e8  8fc10000	lw	r1,(r30)
 1605  000021ec  20220001	addi	r2,r1,#1
 1606  000021f0  afc20000	sw	(r30),r2
 1607  000021f4  20020000	addi	r2,r0,(#0x0)&0xff
 1608  000021f8  a0220000	sb	(r1),r2
 1609  000021fc  0bffffc8	j	L105_LF2
 1610  00002200  54000000	nop; delay slot nop
 1611  00002204          	L106_LF2:
 1612  00002204          	L104_LF2:
 1613  00002204  8fa20000	lw	r2,0(r29)
 1614  00002208  8fdffff8	lw	r31,-8(r30)
 1615  0000220c  001ee820	add	r29,r0,r30
 1616  00002210  8fdefffc	lw	r30,-4(r30)
 1617  00002214  4be00000	jr	r31
 1618  00002218  54000000	nop
 1619  0000221c          	.endproc _bzero
 1620  0000221c          	.align 2
 1621  0000221c          	.proc _min
 1622  0000221c          	.global _min
 1623  0000221c          	_min:
 1624                      ;  Function 'min'; 0 bytes of locals, 2 regs to save.
 1625  0000221c  afbefffc	sw	-4(r29),r30; push fp
 1626  00002220  001df020	add	r30,r0,r29; fp = sp
 1627  00002224  afbffff8	sw	-8(r29),r31; push ret addr
 1628  00002228  2fbd0010	subui	r29,r29,#16; alloc local storage
 1629  0000222c  afa20000	sw	0(r29),r2
 1630  00002230  afa30004	sw	4(r29),r3
 1631  00002234  8fc10000	lw	r1,(r30)
 1632  00002238  8fc20004	lw	r2,4(r30)
 1633  0000223c  0022182c	sle	r3,r1,r2
 1634  00002240  14600008	bnez	r3,L109_LF2
 1635  00002244  54000000	nop; delay slot nop
 1636  00002248  8fc10004	lw	r1,4(r30)
 1637  0000224c          	L109_LF2:
 1638  0000224c  08000004	j	L108_LF2
 1639  00002250  54000000	nop; delay slot nop
 1640  00002254          	L108_LF2:
 1641  00002254  8fa20000	lw	r2,0(r29)
 1642  00002258  8fa30004	lw	r3,4(r29)
 1643  0000225c  8fdffff8	lw	r31,-8(r30)
 1644  00002260  001ee820	add	r29,r0,r30
 1645  00002264  8fdefffc	lw	r30,-4(r30)
 1646  00002268  4be00000	jr	r31
 1647  0000226c  54000000	nop
 1648  00002270          	.endproc _min
 1649  00002270          	.align 2
 1650  00002270          	.proc _max
 1651  00002270          	.global _max
 1652  00002270          	_max:
 1653                      ;  Function 'max'; 0 bytes of locals, 2 regs to save.
 1654  00002270  afbefffc	sw	-4(r29),r30; push fp
 1655  00002274  001df020	add	r30,r0,r29; fp = sp
 1656  00002278  afbffff8	sw	-8(r29),r31; push ret addr
 1657  0000227c  2fbd0010	subui	r29,r29,#16; alloc local storage
 1658  00002280  afa20000	sw	0(r29),r2
 1659  00002284  afa30004	sw	4(r29),r3
 1660  00002288  8fc10000	lw	r1,(r30)
 1661  0000228c  8fc20004	lw	r2,4(r30)
 1662  00002290  0022182d	sge	r3,r1,r2
 1663  00002294  14600008	bnez	r3,L111_LF2
 1664  00002298  54000000	nop; delay slot nop
 1665  0000229c  8fc10004	lw	r1,4(r30)
 1666  000022a0          	L111_LF2:
 1667  000022a0  08000004	j	L110_LF2
 1668  000022a4  54000000	nop; delay slot nop
 1669  000022a8          	L110_LF2:
 1670  000022a8  8fa20000	lw	r2,0(r29)
 1671  000022ac  8fa30004	lw	r3,4(r29)
 1672  000022b0  8fdffff8	lw	r31,-8(r30)
 1673  000022b4  001ee820	add	r29,r0,r30
 1674  000022b8  8fdefffc	lw	r30,-4(r30)
 1675  000022bc  4be00000	jr	r31
 1676  000022c0  54000000	nop
 1677  000022c4          	.endproc _max
 1678                      ;;; Ethan L. Miller, 1999.  Released to the public domain
 1679                      ;;;
 1680                      ;;; Most of the traps are called in files from libtraps.
 1683  000022c4          	.align 2
 1684  000022c4          	.proc _exit
 1685  000022c4          	.global _exit
 1686  000022c4          	_exit:
 1687  000022c4  44000300	trap	#0x300
 1688  000022c8  4be00000	jr	r31
 1689  000022cc  54000000	nop
 1690  000022d0          	.endproc _exit
 1692                      ; for the benefit of gcc.
 1693  000022d0          	.proc ___main
 1694  000022d0          	.global ___main
 1695  000022d0          	___main:
 1696  000022d0  4be00000	jr	r31
 1697  000022d4  54000000	nop
 1698  000022d8          	.endproc ___main
 1699  000022d8          	.text
 1700  000022d8          	.global _etext
 1701  000022d8          	_etext:
 1702  000022d8          	.align 3
 1703  000022d8          	.data
 1704  000030ac          	.global _edata
 1705  000030ac          	_edata:
