 line   address	contents
    1                      ; Linked by DLX-LD.
    2                      ; MemSize 24576
    3                      ; Data size: 434
    4                      ; Text size: 5852
    5                      ; Stack size: 8192
    6  00000000          	.text 0x1000
    7  00001000          	.data 0x3000
    8                      ; Compiled by GCC
    9  00003000          	.text
   10  00001000          	.align 2
   11  00001000          	.proc _isspace
   12  00001000          	.global _isspace
   13  00001000          	_isspace:
   14                      ;  Function 'isspace'; 0 bytes of locals, 1 regs to save.
   15  00001000  afbefffc	sw	-4(r29),r30; push fp
   16  00001004  001df020	add	r30,r0,r29; fp = sp
   17  00001008  afbffff8	sw	-8(r29),r31; push ret addr
   18  0000100c  2fbd0010	subui	r29,r29,#16; alloc local storage
   19  00001010  afa20000	sw	0(r29),r2
   20  00001014  83c20003	lb	r2,3(r30)
   21  00001018  201f0000	addi	r31,r0,#0
   22  0000101c  304100ff	andi	r1,r2,#0x00ff
   23  00001020  60210020	seqi	r1,r1,#32
   24  00001024  14200018	bnez	r1,L6_LF0
   25  00001028  54000000	nop; not filled.
   26  0000102c  2041fff7	addi	r1,r2,#-9
   27  00001030  302100ff	andi	r1,r1,#0x00ff
   28  00001034  70210001	sleui	r1,r1,#1
   29  00001038  10200008	beqz	r1,L5_LF0
   30  0000103c  54000000	nop; not filled.
   31  00001040          	L6_LF0:
   32  00001040  201f0001	addi	r31,r0,#1
   33  00001044          	L5_LF0:
   34  00001044  001f0820	add	r1,r0,r31
   35  00001048  8fa20000	lw	r2,0(r29)
   36  0000104c  8fdffff8	lw	r31,-8(r30)
   37  00001050  001ee820	add	r29,r0,r30
   38  00001054  8fdefffc	lw	r30,-4(r30)
   39  00001058  4be00000	jr	r31
   40  0000105c  54000000	nop
   41  00001060          	.endproc _isspace
   42  00001060          	.align 2
   43  00001060          	.proc _isxdigit
   44  00001060          	.global _isxdigit
   45  00001060          	_isxdigit:
   46                      ;  Function 'isxdigit'; 0 bytes of locals, 1 regs to save.
   47  00001060  afbefffc	sw	-4(r29),r30; push fp
   48  00001064  001df020	add	r30,r0,r29; fp = sp
   49  00001068  afbffff8	sw	-8(r29),r31; push ret addr
   50  0000106c  2fbd0010	subui	r29,r29,#16; alloc local storage
   51  00001070  afa20000	sw	0(r29),r2
   52  00001074  83df0003	lb	r31,3(r30)
   53  00001078  20020000	addi	r2,r0,#0
   54  0000107c  23e1ffd0	addi	r1,r31,#-48
   55  00001080  302100ff	andi	r1,r1,#0x00ff
   56  00001084  70210009	sleui	r1,r1,#9
   57  00001088  14200028	bnez	r1,L12_LF0
   58  0000108c  54000000	nop; not filled.
   59  00001090  23e1ff9f	addi	r1,r31,#-97
   60  00001094  302100ff	andi	r1,r1,#0x00ff
   61  00001098  70210005	sleui	r1,r1,#5
   62  0000109c  14200014	bnez	r1,L12_LF0
   63  000010a0  54000000	nop; not filled.
   64  000010a4  33e100ff	andi	r1,r31,#0x00ff
   65  000010a8  64210041	snei	r1,r1,#65
   66  000010ac  14200008	bnez	r1,L11_LF0
   67  000010b0  54000000	nop; not filled.
   68  000010b4          	L12_LF0:
   69  000010b4  20020001	addi	r2,r0,#1
   70  000010b8          	L11_LF0:
   71  000010b8  00020820	add	r1,r0,r2
   72  000010bc  8fa20000	lw	r2,0(r29)
   73  000010c0  8fdffff8	lw	r31,-8(r30)
   74  000010c4  001ee820	add	r29,r0,r30
   75  000010c8  8fdefffc	lw	r30,-4(r30)
   76  000010cc  4be00000	jr	r31
   77  000010d0  54000000	nop
   78  000010d4          	.endproc _isxdigit
   79  000010d4          	.data
   80  00003000          	.align 2
   81  00003000          	LC0_LF0:
   82  00003000  53757070	.ascii "Supplied Wrong Number of Arguments!\n\000"
   82  00003004  6c696564	
   82  00003008  2057726f	
   82  0000300c  6e67204e	
   82  00003010  756d6265	
   82  00003014  72206f66	
   82  00003018  20417267	
   82  0000301c  756d656e	
   82  00003020  7473210a	
   82  00003024  00      	
   83  00003025          	.align 2
   84  00003028          	LC1_LF0:
   85  00003028  4e756d62	.ascii "Number of processes to generate: %d\n\000"
   85  0000302c  6572206f	
   85  00003030  66207072	
   85  00003034  6f636573	
   85  00003038  73657320	
   85  0000303c  746f2067	
   85  00003040  656e6572	
   85  00003044  6174653a	
   85  00003048  2025640a	
   85  0000304c  00      	
   86  0000304d          	.align 2
   87  00003050          	LC2_LF0:
   88  00003050  53656d61	.ascii "Semaphore Creation failed!\n\000"
   88  00003054  70686f72	
   88  00003058  65204372	
   88  0000305c  65617469	
   88  00003060  6f6e2066	
   88  00003064  61696c65	
   88  00003068  64210a00	
   89  0000306c          	.align 2
   90  0000306c          	LC3_LF0:
   91  0000306c  6d626f78	.ascii "mbox creation failed!\n\000"
   91  00003070  20637265	
   91  00003074  6174696f	
   91  00003078  6e206661	
   91  0000307c  696c6564	
   91  00003080  210a00  	
   92  00003083          	.align 2
   93  00003084          	LC4_LF0:
   94  00003084  6d626f78	.ascii "mbox opening failed!\n\000"
   94  00003088  206f7065	
   94  0000308c  6e696e67	
   94  00003090  20666169	
   94  00003094  6c656421	
   94  00003098  0a00    	
   95  0000309a          	.align 2
   96  0000309c          	LC5_LF0:
   97  0000309c  25732025	.ascii "%s %s %s %s\n\000"
   97  000030a0  73202573	
   97  000030a4  2025730a	
   97  000030a8  00      	
   98  000030a9          	.align 2
   99  000030ac          	LC6_LF0:
  100  000030ac  50726f64	.ascii "Producing %d s2\n\000"
  100  000030b0  7563696e	
  100  000030b4  67202564	
  100  000030b8  2073320a	
  100  000030bc  00      	
  101  000030bd          	.align 2
  102  000030c0          	LC7_LF0:
  103  000030c0  70726f64	.ascii "producers.dlx.obj\000"
  103  000030c4  75636572	
  103  000030c8  732e646c	
  103  000030cc  782e6f62	
  103  000030d0  6a00    	
  104  000030d2          	.align 2
  105  000030d4          	LC8_LF0:
  106  000030d4  533200  	.ascii "S2\000"
  107  000030d7          	.align 2
  108  000030d8          	LC9_LF0:
  109  000030d8  50726f64	.ascii "Producing %d co\n\000"
  109  000030dc  7563696e	
  109  000030e0  67202564	
  109  000030e4  20636f0a	
  109  000030e8  00      	
  110  000030e9          	.align 2
  111  000030ec          	LC10_LF0:
  112  000030ec  434f00  	.ascii "CO\000"
  113  000030ef          	.align 2
  114  000030f0          	LC11_LF0:
  115  000030f0  52656163	.ascii "Reaction 1 carrying out %d times\n\000"
  115  000030f4  74696f6e	
  115  000030f8  20312063	
  115  000030fc  61727279	
  115  00003100  696e6720	
  115  00003104  6f757420	
  115  00003108  25642074	
  115  0000310c  696d6573	
  115  00003110  0a00    	
  116  00003112          	.align 2
  117  00003114          	LC12_LF0:
  118  00003114  636f6e73	.ascii "consumers.dlx.obj\000"
  118  00003118  756d6572	
  118  0000311c  732e646c	
  118  00003120  782e6f62	
  118  00003124  6a00    	
  119  00003126          	.align 2
  120  00003128          	LC13_LF0:
  121  00003128  3100    	.ascii "1\000"
  122  0000312a          	.align 2
  123  0000312c          	LC14_LF0:
  124  0000312c  52656163	.ascii "Reaction 2 carrying out %d times\n\000"
  124  00003130  74696f6e	
  124  00003134  20322063	
  124  00003138  61727279	
  124  0000313c  696e6720	
  124  00003140  6f757420	
  124  00003144  25642074	
  124  00003148  696d6573	
  124  0000314c  0a00    	
  125  0000314e          	.align 2
  126  00003150          	LC15_LF0:
  127  00003150  3200    	.ascii "2\000"
  128  00003152          	.align 2
  129  00003154          	LC16_LF0:
  130  00003154  52656163	.ascii "Reaction 3 carrying out %d times\n\000"
  130  00003158  74696f6e	
  130  0000315c  20332063	
  130  00003160  61727279	
  130  00003164  696e6720	
  130  00003168  6f757420	
  130  0000316c  25642074	
  130  00003170  696d6573	
  130  00003174  0a00    	
  131  00003176          	.align 2
  132  00003178          	LC17_LF0:
  133  00003178  3300    	.ascii "3\000"
  134  0000317a          	.align 2
  135  0000317c          	LC18_LF0:
  136  0000317c  4572726f	.ascii "Error waiting on semaphore!\n\000"
  136  00003180  72207761	
  136  00003184  6974696e	
  136  00003188  67206f6e	
  136  0000318c  2073656d	
  136  00003190  6170686f	
  136  00003194  7265210a	
  136  00003198  00      	
  137  00003199          	.align 2
  138  0000319c          	LC19_LF0:
  139  0000319c  45786974	.ascii "Exited successfully!\n\000"
  139  000031a0  65642073	
  139  000031a4  75636365	
  139  000031a8  73736675	
  139  000031ac  6c6c7921	
  139  000031b0  0a00    	
  140  000031b2          	.text
  141  000010d4          	.align 2
  142  000010d4          	.proc _main
  143  000010d4          	.global _main
  144  000010d4          	_main:
  145                      ;  Function 'main'; 80 bytes of locals, 0 regs to save.
  146  000010d4  afbefffc	sw	-4(r29),r30; push fp
  147  000010d8  001df020	add	r30,r0,r29; fp = sp
  148  000010dc  afbffff8	sw	-8(r29),r31; push ret addr
  149  000010e0  2fbd0058	subui	r29,r29,#88; alloc local storage
  150  000010e4  8fc20000	lw	r2,(r30)
  151  000010e8  8fc30004	lw	r3,4(r30)
  152  000010ec  0c0015e4	jal	___main
  153  000010f0  54000000	nop; not filled.
  154  000010f4  64410003	snei	r1,r2,#3
  155  000010f8  10200028	beqz	r1,L14_LF0
  156  000010fc  54000000	nop; not filled.
  157  00001100  23bdfff8	addi	r29,r29,#-8
  158  00001104  3c0e0000	lhi	r14,((LC0_LF0)>>16)&0xffff
  159  00001108  25ce3000	addui	r14,r14,(LC0_LF0)&0xffff
  160  0000110c  afae0000	sw	(r29),r14
  161  00001110  0c000710	jal	_Printf
  162  00001114  54000000	nop; not filled.
  163  00001118  0c000810	jal	_Exit
  164  0000111c  54000000	nop; not filled.
  165  00001120  23bd0008	addi	r29,r29,#8
  166  00001124          	L14_LF0:
  167  00001124  23bdfff0	addi	r29,r29,#-16
  168  00001128  8c6e0004	lw	r14,4(r3)
  169  0000112c  afae0000	sw	(r29),r14
  170  00001130  200e0000	addi	r14,r0,#0
  171  00001134  afae0004	sw	4(r29),r14
  172  00001138  200e000a	addi	r14,r0,#10
  173  0000113c  afae0008	sw	8(r29),r14
  174  00001140  0c001094	jal	_dstrtol
  175  00001144  54000000	nop; not filled.
  176  00001148  00015020	add	r10,r0,r1
  177  0000114c  8c630008	lw	r3,8(r3)
  178  00001150  afa30000	sw	(r29),r3
  179  00001154  200e0000	addi	r14,r0,#0
  180  00001158  afae0004	sw	4(r29),r14
  181  0000115c  200e000a	addi	r14,r0,#10
  182  00001160  afae0008	sw	8(r29),r14
  183  00001164  0c001070	jal	_dstrtol
  184  00001168  54000000	nop; not filled.
  185  0000116c  00014820	add	r9,r0,r1
  186  00001170  51430001	slli	r3,r10,#0x1
  187  00001174  00091020	add	r2,r0,r9
  188  00001178  75210000	sgei	r1,r9,#0
  189  0000117c  14200008	bnez	r1,L15_LF0
  190  00001180  54000000	nop; not filled.
  191  00001184  21220003	addi	r2,r9,#3
  192  00001188          	L15_LF0:
  193  00001188  5c410002	srai	r1,r2,#0x2
  194  0000118c  50220002	slli	r2,r1,#0x2
  195  00001190  01226822	sub	r13,r9,r2
  196  00001194  000a5820	add	r11,r0,r10
  197  00001198  00013820	add	r7,r0,r1
  198  0000119c  00034020	add	r8,r0,r3
  199  000011a0  23bd0010	addi	r29,r29,#16
  200  000011a4  0107082c	sle	r1,r8,r7
  201  000011a8  14200008	bnez	r1,L18_LF0
  202  000011ac  54000000	nop; not filled.
  203  000011b0  00074020	add	r8,r0,r7
  204  000011b4          	L18_LF0:
  205  000011b4  01690820	add	r1,r11,r9
  206  000011b8  002d0822	sub	r1,r1,r13
  207  000011bc  002b0820	add	r1,r1,r11
  208  000011c0  00270820	add	r1,r1,r7
  209  000011c4  00281020	add	r2,r1,r8
  210  000011c8  23bdfff8	addi	r29,r29,#-8
  211  000011cc  3c0e0000	lhi	r14,((LC1_LF0)>>16)&0xffff
  212  000011d0  25ce3028	addui	r14,r14,(LC1_LF0)&0xffff
  213  000011d4  afae0000	sw	(r29),r14
  214  000011d8  afa20004	sw	4(r29),r2
  215  000011dc  0c000644	jal	_Printf
  216  000011e0  54000000	nop; not filled.
  217  000011e4  20010001	addi	r1,r0,#1
  218  000011e8  00220822	sub	r1,r1,r2
  219  000011ec  afa10000	sw	(r29),r1
  220  000011f0  0c00066c	jal	_sem_create
  221  000011f4  54000000	nop; not filled.
  222  000011f8  00016020	add	r12,r0,r1
  223  000011fc  23bd0008	addi	r29,r29,#8
  224  00001200  6181ffff	seqi	r1,r12,#-1
  225  00001204  10200028	beqz	r1,L19_LF0
  226  00001208  54000000	nop; not filled.
  227  0000120c  23bdfff8	addi	r29,r29,#-8
  228  00001210  3c0e0000	lhi	r14,((LC2_LF0)>>16)&0xffff
  229  00001214  25ce3050	addui	r14,r14,(LC2_LF0)&0xffff
  230  00001218  afae0000	sw	(r29),r14
  231  0000121c  0c000604	jal	_Printf
  232  00001220  54000000	nop; not filled.
  233  00001224  0c000704	jal	_Exit
  234  00001228  54000000	nop; not filled.
  235  0000122c  23bd0008	addi	r29,r29,#8
  236  00001230          	L19_LF0:
  237  00001230  0c0006a4	jal	_mbox_create
  238  00001234  54000000	nop; not filled.
  239  00001238  00012820	add	r5,r0,r1
  240  0000123c  60a1ffff	seqi	r1,r5,#-1
  241  00001240  10200028	beqz	r1,L20_LF0
  242  00001244  54000000	nop; not filled.
  243  00001248  23bdfff8	addi	r29,r29,#-8
  244  0000124c  3c0e0000	lhi	r14,((LC3_LF0)>>16)&0xffff
  245  00001250  25ce306c	addui	r14,r14,(LC3_LF0)&0xffff
  246  00001254  afae0000	sw	(r29),r14
  247  00001258  0c0005c8	jal	_Printf
  248  0000125c  54000000	nop; not filled.
  249  00001260  0c0006c8	jal	_Exit
  250  00001264  54000000	nop; not filled.
  251  00001268  23bd0008	addi	r29,r29,#8
  252  0000126c          	L20_LF0:
  253  0000126c  0c000668	jal	_mbox_create
  254  00001270  54000000	nop; not filled.
  255  00001274  00012020	add	r4,r0,r1
  256  00001278  6081ffff	seqi	r1,r4,#-1
  257  0000127c  10200028	beqz	r1,L21_LF0
  258  00001280  54000000	nop; not filled.
  259  00001284  23bdfff8	addi	r29,r29,#-8
  260  00001288  3c0e0000	lhi	r14,((LC3_LF0)>>16)&0xffff
  261  0000128c  25ce306c	addui	r14,r14,(LC3_LF0)&0xffff
  262  00001290  afae0000	sw	(r29),r14
  263  00001294  0c00058c	jal	_Printf
  264  00001298  54000000	nop; not filled.
  265  0000129c  0c00068c	jal	_Exit
  266  000012a0  54000000	nop; not filled.
  267  000012a4  23bd0008	addi	r29,r29,#8
  268  000012a8          	L21_LF0:
  269  000012a8  0c00062c	jal	_mbox_create
  270  000012ac  54000000	nop; not filled.
  271  000012b0  00011820	add	r3,r0,r1
  272  000012b4  6061ffff	seqi	r1,r3,#-1
  273  000012b8  10200028	beqz	r1,L22_LF0
  274  000012bc  54000000	nop; not filled.
  275  000012c0  23bdfff8	addi	r29,r29,#-8
  276  000012c4  3c0e0000	lhi	r14,((LC3_LF0)>>16)&0xffff
  277  000012c8  25ce306c	addui	r14,r14,(LC3_LF0)&0xffff
  278  000012cc  afae0000	sw	(r29),r14
  279  000012d0  0c000550	jal	_Printf
  280  000012d4  54000000	nop; not filled.
  281  000012d8  0c000650	jal	_Exit
  282  000012dc  54000000	nop; not filled.
  283  000012e0  23bd0008	addi	r29,r29,#8
  284  000012e4          	L22_LF0:
  285  000012e4  0c0005f0	jal	_mbox_create
  286  000012e8  54000000	nop; not filled.
  287  000012ec  00011020	add	r2,r0,r1
  288  000012f0  6041ffff	seqi	r1,r2,#-1
  289  000012f4  10200028	beqz	r1,L23_LF0
  290  000012f8  54000000	nop; not filled.
  291  000012fc  23bdfff8	addi	r29,r29,#-8
  292  00001300  3c0e0000	lhi	r14,((LC3_LF0)>>16)&0xffff
  293  00001304  25ce306c	addui	r14,r14,(LC3_LF0)&0xffff
  294  00001308  afae0000	sw	(r29),r14
  295  0000130c  0c000514	jal	_Printf
  296  00001310  54000000	nop; not filled.
  297  00001314  0c000614	jal	_Exit
  298  00001318  54000000	nop; not filled.
  299  0000131c  23bd0008	addi	r29,r29,#8
  300  00001320          	L23_LF0:
  301  00001320  23bdfff8	addi	r29,r29,#-8
  302  00001324  afa50000	sw	(r29),r5
  303  00001328  0c0005b8	jal	_mbox_open
  304  0000132c  54000000	nop; not filled.
  305  00001330  23bd0008	addi	r29,r29,#8
  306  00001334  6021ffff	seqi	r1,r1,#-1
  307  00001338  10200020	beqz	r1,L24_LF0
  308  0000133c  54000000	nop; not filled.
  309  00001340  23bdfff8	addi	r29,r29,#-8
  310  00001344  3c0e0000	lhi	r14,((LC4_LF0)>>16)&0xffff
  311  00001348  25ce3084	addui	r14,r14,(LC4_LF0)&0xffff
  312  0000134c  afae0000	sw	(r29),r14
  313  00001350  0c0004d0	jal	_Printf
  314  00001354  54000000	nop; not filled.
  315  00001358  23bd0008	addi	r29,r29,#8
  316  0000135c          	L24_LF0:
  317  0000135c  23bdfff8	addi	r29,r29,#-8
  318  00001360  afa40000	sw	(r29),r4
  319  00001364  0c00057c	jal	_mbox_open
  320  00001368  54000000	nop; not filled.
  321  0000136c  23bd0008	addi	r29,r29,#8
  322  00001370  6021ffff	seqi	r1,r1,#-1
  323  00001374  10200020	beqz	r1,L25_LF0
  324  00001378  54000000	nop; not filled.
  325  0000137c  23bdfff8	addi	r29,r29,#-8
  326  00001380  3c0e0000	lhi	r14,((LC4_LF0)>>16)&0xffff
  327  00001384  25ce3084	addui	r14,r14,(LC4_LF0)&0xffff
  328  00001388  afae0000	sw	(r29),r14
  329  0000138c  0c000494	jal	_Printf
  330  00001390  54000000	nop; not filled.
  331  00001394  23bd0008	addi	r29,r29,#8
  332  00001398          	L25_LF0:
  333  00001398  23bdfff8	addi	r29,r29,#-8
  334  0000139c  afa30000	sw	(r29),r3
  335  000013a0  0c000540	jal	_mbox_open
  336  000013a4  54000000	nop; not filled.
  337  000013a8  23bd0008	addi	r29,r29,#8
  338  000013ac  6021ffff	seqi	r1,r1,#-1
  339  000013b0  10200020	beqz	r1,L26_LF0
  340  000013b4  54000000	nop; not filled.
  341  000013b8  23bdfff8	addi	r29,r29,#-8
  342  000013bc  3c0e0000	lhi	r14,((LC4_LF0)>>16)&0xffff
  343  000013c0  25ce3084	addui	r14,r14,(LC4_LF0)&0xffff
  344  000013c4  afae0000	sw	(r29),r14
  345  000013c8  0c000458	jal	_Printf
  346  000013cc  54000000	nop; not filled.
  347  000013d0  23bd0008	addi	r29,r29,#8
  348  000013d4          	L26_LF0:
  349  000013d4  23bdfff8	addi	r29,r29,#-8
  350  000013d8  afa20000	sw	(r29),r2
  351  000013dc  0c000504	jal	_mbox_open
  352  000013e0  54000000	nop; not filled.
  353  000013e4  23bd0008	addi	r29,r29,#8
  354  000013e8  6021ffff	seqi	r1,r1,#-1
  355  000013ec  10200020	beqz	r1,L27_LF0
  356  000013f0  54000000	nop; not filled.
  357  000013f4  23bdfff8	addi	r29,r29,#-8
  358  000013f8  3c0e0000	lhi	r14,((LC4_LF0)>>16)&0xffff
  359  000013fc  25ce3084	addui	r14,r14,(LC4_LF0)&0xffff
  360  00001400  afae0000	sw	(r29),r14
  361  00001404  0c00041c	jal	_Printf
  362  00001408  54000000	nop; not filled.
  363  0000140c  23bd0008	addi	r29,r29,#8
  364  00001410          	L27_LF0:
  365  00001410  23bdfff8	addi	r29,r29,#-8
  366  00001414  afa50000	sw	(r29),r5
  367  00001418  23c5ffe8	addi	r5,r30,#-24
  368  0000141c  afa50004	sw	4(r29),r5
  369  00001420  0c000c28	jal	_ditoa
  370  00001424  54000000	nop; not filled.
  371  00001428  afa40000	sw	(r29),r4
  372  0000142c  23c4ffd8	addi	r4,r30,#-40
  373  00001430  afa40004	sw	4(r29),r4
  374  00001434  0c000c14	jal	_ditoa
  375  00001438  54000000	nop; not filled.
  376  0000143c  afa30000	sw	(r29),r3
  377  00001440  23c3ffc8	addi	r3,r30,#-56
  378  00001444  afa30004	sw	4(r29),r3
  379  00001448  0c000c00	jal	_ditoa
  380  0000144c  54000000	nop; not filled.
  381  00001450  afa20000	sw	(r29),r2
  382  00001454  23c2ffb8	addi	r2,r30,#-72
  383  00001458  afa20004	sw	4(r29),r2
  384  0000145c  0c000bec	jal	_ditoa
  385  00001460  54000000	nop; not filled.
  386  00001464  afac0000	sw	(r29),r12
  387  00001468  23c6ffa8	addi	r6,r30,#-88
  388  0000146c  afa60004	sw	4(r29),r6
  389  00001470  0c000bd8	jal	_ditoa
  390  00001474  54000000	nop; not filled.
  391  00001478  23bdfff0	addi	r29,r29,#-16
  392  0000147c  3c0e0000	lhi	r14,((LC5_LF0)>>16)&0xffff
  393  00001480  25ce309c	addui	r14,r14,(LC5_LF0)&0xffff
  394  00001484  afae0000	sw	(r29),r14
  395  00001488  afa50004	sw	4(r29),r5
  396  0000148c  afa40008	sw	8(r29),r4
  397  00001490  afa3000c	sw	12(r29),r3
  398  00001494  afa20010	sw	16(r29),r2
  399  00001498  0c000388	jal	_Printf
  400  0000149c  54000000	nop; not filled.
  401  000014a0  3c0e0000	lhi	r14,((LC6_LF0)>>16)&0xffff
  402  000014a4  25ce30ac	addui	r14,r14,(LC6_LF0)&0xffff
  403  000014a8  afae0000	sw	(r29),r14
  404  000014ac  afaa0004	sw	4(r29),r10
  405  000014b0  0c000370	jal	_Printf
  406  000014b4  54000000	nop; not filled.
  407  000014b8  20020000	addi	r2,r0,#0
  408  000014bc  23bd0018	addi	r29,r29,#24
  409  000014c0  004a082a	slt	r1,r2,r10
  410  000014c4  10200060	beqz	r1,L29_LF0
  411  000014c8  54000000	nop; not filled.
  412  000014cc  00052020	add	r4,r0,r5
  413  000014d0  00061820	add	r3,r0,r6
  414  000014d4          	L31_LF0:
  415  000014d4  23bdffe0	addi	r29,r29,#-32
  416  000014d8  3c0e0000	lhi	r14,((LC7_LF0)>>16)&0xffff
  417  000014dc  25ce30c0	addui	r14,r14,(LC7_LF0)&0xffff
  418  000014e0  afae0000	sw	(r29),r14
  419  000014e4  200e0000	addi	r14,r0,#0
  420  000014e8  afae0004	sw	4(r29),r14
  421  000014ec  afae0008	sw	8(r29),r14
  422  000014f0  afa4000c	sw	12(r29),r4
  423  000014f4  afa30010	sw	16(r29),r3
  424  000014f8  3c0e0000	lhi	r14,((LC8_LF0)>>16)&0xffff
  425  000014fc  25ce30d4	addui	r14,r14,(LC8_LF0)&0xffff
  426  00001500  afae0014	sw	20(r29),r14
  427  00001504  200e0000	addi	r14,r0,#0
  428  00001508  afae0018	sw	24(r29),r14
  429  0000150c  0c00032c	jal	_process_create
  430  00001510  54000000	nop; not filled.
  431  00001514  23bd0020	addi	r29,r29,#32
  432  00001518  20420001	addi	r2,r2,#1
  433  0000151c  004a082a	slt	r1,r2,r10
  434  00001520  1420ffb0	bnez	r1,L31_LF0
  435  00001524  54000000	nop; not filled.
  436  00001528          	L29_LF0:
  437  00001528  23bdfff8	addi	r29,r29,#-8
  438  0000152c  3c0e0000	lhi	r14,((LC9_LF0)>>16)&0xffff
  439  00001530  25ce30d8	addui	r14,r14,(LC9_LF0)&0xffff
  440  00001534  afae0000	sw	(r29),r14
  441  00001538  012d1822	sub	r3,r9,r13
  442  0000153c  afa30004	sw	4(r29),r3
  443  00001540  0c0002e0	jal	_Printf
  444  00001544  54000000	nop; not filled.
  445  00001548  20020000	addi	r2,r0,#0
  446  0000154c  23bd0008	addi	r29,r29,#8
  447  00001550  0043082a	slt	r1,r2,r3
  448  00001554  10200060	beqz	r1,L34_LF0
  449  00001558  54000000	nop; not filled.
  450  0000155c  23c5ffd8	addi	r5,r30,#-40
  451  00001560  23c4ffa8	addi	r4,r30,#-88
  452  00001564          	L36_LF0:
  453  00001564  23bdffe0	addi	r29,r29,#-32
  454  00001568  3c0e0000	lhi	r14,((LC7_LF0)>>16)&0xffff
  455  0000156c  25ce30c0	addui	r14,r14,(LC7_LF0)&0xffff
  456  00001570  afae0000	sw	(r29),r14
  457  00001574  200e0000	addi	r14,r0,#0
  458  00001578  afae0004	sw	4(r29),r14
  459  0000157c  afae0008	sw	8(r29),r14
  460  00001580  afa5000c	sw	12(r29),r5
  461  00001584  afa40010	sw	16(r29),r4
  462  00001588  3c0e0000	lhi	r14,((LC10_LF0)>>16)&0xffff
  463  0000158c  25ce30ec	addui	r14,r14,(LC10_LF0)&0xffff
  464  00001590  afae0014	sw	20(r29),r14
  465  00001594  200e0000	addi	r14,r0,#0
  466  00001598  afae0018	sw	24(r29),r14
  467  0000159c  0c00029c	jal	_process_create
  468  000015a0  54000000	nop; not filled.
  469  000015a4  23bd0020	addi	r29,r29,#32
  470  000015a8  20420001	addi	r2,r2,#1
  471  000015ac  0043082a	slt	r1,r2,r3
  472  000015b0  1420ffb0	bnez	r1,L36_LF0
  473  000015b4  54000000	nop; not filled.
  474  000015b8          	L34_LF0:
  475  000015b8  23bdfff8	addi	r29,r29,#-8
  476  000015bc  3c0e0000	lhi	r14,((LC11_LF0)>>16)&0xffff
  477  000015c0  25ce30f0	addui	r14,r14,(LC11_LF0)&0xffff
  478  000015c4  afae0000	sw	(r29),r14
  479  000015c8  afab0004	sw	4(r29),r11
  480  000015cc  0c000254	jal	_Printf
  481  000015d0  54000000	nop; not filled.
  482  000015d4  20020000	addi	r2,r0,#0
  483  000015d8  23bd0008	addi	r29,r29,#8
  484  000015dc  004b082a	slt	r1,r2,r11
  485  000015e0  10200068	beqz	r1,L39_LF0
  486  000015e4  54000000	nop; not filled.
  487  000015e8  23c5ffe8	addi	r5,r30,#-24
  488  000015ec  23c4ffb8	addi	r4,r30,#-72
  489  000015f0  23c3ffa8	addi	r3,r30,#-88
  490  000015f4          	L41_LF0:
  491  000015f4  23bdffe0	addi	r29,r29,#-32
  492  000015f8  3c0e0000	lhi	r14,((LC12_LF0)>>16)&0xffff
  493  000015fc  25ce3114	addui	r14,r14,(LC12_LF0)&0xffff
  494  00001600  afae0000	sw	(r29),r14
  495  00001604  200e0000	addi	r14,r0,#0
  496  00001608  afae0004	sw	4(r29),r14
  497  0000160c  afae0008	sw	8(r29),r14
  498  00001610  afa5000c	sw	12(r29),r5
  499  00001614  afa40010	sw	16(r29),r4
  500  00001618  afa30014	sw	20(r29),r3
  501  0000161c  3c0e0000	lhi	r14,((LC13_LF0)>>16)&0xffff
  502  00001620  25ce3128	addui	r14,r14,(LC13_LF0)&0xffff
  503  00001624  afae0018	sw	24(r29),r14
  504  00001628  200e0000	addi	r14,r0,#0
  505  0000162c  afae001c	sw	28(r29),r14
  506  00001630  0c000208	jal	_process_create
  507  00001634  54000000	nop; not filled.
  508  00001638  23bd0020	addi	r29,r29,#32
  509  0000163c  20420001	addi	r2,r2,#1
  510  00001640  004b082a	slt	r1,r2,r11
  511  00001644  1420ffac	bnez	r1,L41_LF0
  512  00001648  54000000	nop; not filled.
  513  0000164c          	L39_LF0:
  514  0000164c  23bdfff8	addi	r29,r29,#-8
  515  00001650  3c0e0000	lhi	r14,((LC14_LF0)>>16)&0xffff
  516  00001654  25ce312c	addui	r14,r14,(LC14_LF0)&0xffff
  517  00001658  afae0000	sw	(r29),r14
  518  0000165c  afa70004	sw	4(r29),r7
  519  00001660  0c0001c0	jal	_Printf
  520  00001664  54000000	nop; not filled.
  521  00001668  20020000	addi	r2,r0,#0
  522  0000166c  23bd0008	addi	r29,r29,#8
  523  00001670  0047082a	slt	r1,r2,r7
  524  00001674  10200068	beqz	r1,L44_LF0
  525  00001678  54000000	nop; not filled.
  526  0000167c  23c5ffd8	addi	r5,r30,#-40
  527  00001680  23c4ffc8	addi	r4,r30,#-56
  528  00001684  23c3ffa8	addi	r3,r30,#-88
  529  00001688          	L46_LF0:
  530  00001688  23bdffe0	addi	r29,r29,#-32
  531  0000168c  3c0e0000	lhi	r14,((LC12_LF0)>>16)&0xffff
  532  00001690  25ce3114	addui	r14,r14,(LC12_LF0)&0xffff
  533  00001694  afae0000	sw	(r29),r14
  534  00001698  200e0000	addi	r14,r0,#0
  535  0000169c  afae0004	sw	4(r29),r14
  536  000016a0  afae0008	sw	8(r29),r14
  537  000016a4  afa5000c	sw	12(r29),r5
  538  000016a8  afa40010	sw	16(r29),r4
  539  000016ac  afa30014	sw	20(r29),r3
  540  000016b0  3c0e0000	lhi	r14,((LC15_LF0)>>16)&0xffff
  541  000016b4  25ce3150	addui	r14,r14,(LC15_LF0)&0xffff
  542  000016b8  afae0018	sw	24(r29),r14
  543  000016bc  200e0000	addi	r14,r0,#0
  544  000016c0  afae001c	sw	28(r29),r14
  545  000016c4  0c000174	jal	_process_create
  546  000016c8  54000000	nop; not filled.
  547  000016cc  23bd0020	addi	r29,r29,#32
  548  000016d0  20420001	addi	r2,r2,#1
  549  000016d4  0047082a	slt	r1,r2,r7
  550  000016d8  1420ffac	bnez	r1,L46_LF0
  551  000016dc  54000000	nop; not filled.
  552  000016e0          	L44_LF0:
  553  000016e0  23bdfff8	addi	r29,r29,#-8
  554  000016e4  3c0e0000	lhi	r14,((LC16_LF0)>>16)&0xffff
  555  000016e8  25ce3154	addui	r14,r14,(LC16_LF0)&0xffff
  556  000016ec  afae0000	sw	(r29),r14
  557  000016f0  afa80004	sw	4(r29),r8
  558  000016f4  0c00012c	jal	_Printf
  559  000016f8  54000000	nop; not filled.
  560  000016fc  20020000	addi	r2,r0,#0
  561  00001700  23bd0008	addi	r29,r29,#8
  562  00001704  0048082a	slt	r1,r2,r8
  563  00001708  10200068	beqz	r1,L49_LF0
  564  0000170c  54000000	nop; not filled.
  565  00001710  23c5ffd8	addi	r5,r30,#-40
  566  00001714  23c4ffc8	addi	r4,r30,#-56
  567  00001718  23c3ffa8	addi	r3,r30,#-88
  568  0000171c          	L51_LF0:
  569  0000171c  23bdffe0	addi	r29,r29,#-32
  570  00001720  3c0e0000	lhi	r14,((LC12_LF0)>>16)&0xffff
  571  00001724  25ce3114	addui	r14,r14,(LC12_LF0)&0xffff
  572  00001728  afae0000	sw	(r29),r14
  573  0000172c  200e0000	addi	r14,r0,#0
  574  00001730  afae0004	sw	4(r29),r14
  575  00001734  afae0008	sw	8(r29),r14
  576  00001738  afa5000c	sw	12(r29),r5
  577  0000173c  afa40010	sw	16(r29),r4
  578  00001740  afa30014	sw	20(r29),r3
  579  00001744  3c0e0000	lhi	r14,((LC17_LF0)>>16)&0xffff
  580  00001748  25ce3178	addui	r14,r14,(LC17_LF0)&0xffff
  581  0000174c  afae0018	sw	24(r29),r14
  582  00001750  200e0000	addi	r14,r0,#0
  583  00001754  afae001c	sw	28(r29),r14
  584  00001758  0c0000e0	jal	_process_create
  585  0000175c  54000000	nop; not filled.
  586  00001760  23bd0020	addi	r29,r29,#32
  587  00001764  20420001	addi	r2,r2,#1
  588  00001768  0048082a	slt	r1,r2,r8
  589  0000176c  1420ffac	bnez	r1,L51_LF0
  590  00001770  54000000	nop; not filled.
  591  00001774          	L49_LF0:
  592  00001774  23bdfff8	addi	r29,r29,#-8
  593  00001778  afac0000	sw	(r29),r12
  594  0000177c  0c0000ec	jal	_sem_wait
  595  00001780  54000000	nop; not filled.
  596  00001784  23bd0008	addi	r29,r29,#8
  597  00001788  6021ffff	seqi	r1,r1,#-1
  598  0000178c  10200028	beqz	r1,L53_LF0
  599  00001790  54000000	nop; not filled.
  600  00001794  23bdfff8	addi	r29,r29,#-8
  601  00001798  3c0e0000	lhi	r14,((LC18_LF0)>>16)&0xffff
  602  0000179c  25ce317c	addui	r14,r14,(LC18_LF0)&0xffff
  603  000017a0  afae0000	sw	(r29),r14
  604  000017a4  0c00007c	jal	_Printf
  605  000017a8  54000000	nop; not filled.
  606  000017ac  0c00017c	jal	_Exit
  607  000017b0  54000000	nop; not filled.
  608  000017b4  23bd0008	addi	r29,r29,#8
  609  000017b8          	L53_LF0:
  610  000017b8  23bdfff8	addi	r29,r29,#-8
  611  000017bc  3c0e0000	lhi	r14,((LC19_LF0)>>16)&0xffff
  612  000017c0  25ce319c	addui	r14,r14,(LC19_LF0)&0xffff
  613  000017c4  afae0000	sw	(r29),r14
  614  000017c8  0c000058	jal	_Printf
  615  000017cc  54000000	nop; not filled.
  616  000017d0  23bd0008	addi	r29,r29,#8
  617  000017d4  0c000ef0	jal	_exit
  618  000017d8  54000000	nop
  619  000017dc          	.endproc _main
  620                      ;;;
  621                      ;;; Stub functions for DLX traps.
  622                      ;;;
  623                      ;;; Ethan L. Miller, 1999.  Released to the public domain.
  624                      ;;;
  625                      ;;; The traps such as Open and Close
  626                      ;;; (note the capital letters) are for use by user programs.  The traps
  627                      ;;; with names such as open and close (lower case) are for use by the OS.
  628                      ;;;
  631  000017dc          	.align 2
  633                      ;;; The following are the traps to be used by user-level programs
  634                      ;;;
  636  000017dc          	.align 2
  637  000017dc          	.proc _Open
  638  000017dc          	.global _Open
  639  000017dc          	_Open:
  640                      ;;; Note that trap #0x213 actually causes a trap vector in the OS of
  641                      ;;; 0x1213.  The same is true for other user traps.  Thus, a user trap
  642                      ;;; with trap #0x240 will result in a trap vector of 0x1240 in the OS.
  643  000017dc  44000213	trap	#0x213
  644  000017e0  4be00000	jr	r31
  645  000017e4  54000000	nop
  646  000017e8          	.endproc _Open
  648  000017e8          	.proc _Close
  649  000017e8          	.global _Close
  650  000017e8          	_Close:
  651  000017e8  44000214	trap	#0x214
  652  000017ec  4be00000	jr	r31
  653  000017f0  54000000	nop
  654  000017f4          	.endproc _Close
  656  000017f4          	.proc _Read
  657  000017f4          	.global _Read
  658  000017f4          	_Read:
  659  000017f4  44000210	trap	#0x210
  660  000017f8  4be00000	jr	r31
  661  000017fc  54000000	nop
  662  00001800          	.endproc _Read
  664  00001800          	.proc _Write
  665  00001800          	.global _Write
  666  00001800          	_Write:
  667  00001800  44000211	trap	#0x211
  668  00001804  4be00000	jr	r31
  669  00001808  54000000	nop
  670  0000180c          	.endproc _Write
  672  0000180c          	.proc _Lseek
  673  0000180c          	.global _Lseek
  674  0000180c          	_Lseek:
  675  0000180c  44000212	trap	#0x212
  676  00001810  4be00000	jr	r31
  677  00001814  54000000	nop
  678  00001818          	.endproc _Lseek
  680  00001818          	.proc _Putchar
  681  00001818          	.global _Putchar
  682  00001818          	_Putchar:
  683  00001818  44000280	trap	#0x280
  684  0000181c  4be00000	jr	r31
  685  00001820  54000000	nop
  686  00001824          	.endproc _Putchar
  688  00001824          	.proc _Printf
  689  00001824          	.global _Printf
  690  00001824          	_Printf:
  691  00001824  44000201	trap	#0x201
  692  00001828  4be00000	jr	r31
  693  0000182c  54000000	nop
  694  00001830          	.endproc _Printf
  696  00001830          	.proc _getpid
  697  00001830          	.global _getpid
  698  00001830          	_getpid:
  699  00001830  44000431	trap	#0x431
  700  00001834  4be00000	jr	r31
  701  00001838  54000000	nop
  702  0000183c          	.endproc _getpid
  704  0000183c          	.proc _process_create
  705  0000183c          	.global _process_create
  706  0000183c          	_process_create:
  707  0000183c  44000432	trap	#0x432
  708  00001840  4be00000	jr	r31
  709  00001844  54000000	nop
  710  00001848          	.endproc _process_create
  712  00001848          	.proc _shmget
  713  00001848          	.global _shmget
  714  00001848          	_shmget:
  715  00001848  44000440	trap	#0x440
  716  0000184c  4be00000	jr	r31
  717  00001850  54000000	nop
  718  00001854          	.endproc _shmget
  720  00001854          	.proc _shmat
  721  00001854          	.global _shmat
  722  00001854          	_shmat:
  723  00001854  44000441	trap	#0x441
  724  00001858  4be00000	jr	r31
  725  0000185c  54000000	nop
  726  00001860          	.endproc _shmat
  728  00001860          	.proc _sem_create
  729  00001860          	.global _sem_create
  730  00001860          	_sem_create:
  731  00001860  44000450	trap	#0x450
  732  00001864  4be00000	jr	r31
  733  00001868  54000000	nop
  734  0000186c          	.endproc _sem_create
  736  0000186c          	.proc _sem_wait
  737  0000186c          	.global _sem_wait
  738  0000186c          	_sem_wait:
  739  0000186c  44000451	trap	#0x451
  740  00001870  4be00000	jr	r31
  741  00001874  54000000	nop
  742  00001878          	.endproc _sem_wait
  744  00001878          	.proc _sem_signal
  745  00001878          	.global _sem_signal
  746  00001878          	_sem_signal:
  747  00001878  44000452	trap	#0x452
  748  0000187c  4be00000	jr	r31
  749  00001880  54000000	nop
  750  00001884          	.endproc _sem_signal
  752  00001884          	.proc _lock_create
  753  00001884          	.global _lock_create
  754  00001884          	_lock_create:
  755  00001884  44000453	trap	#0x453
  756  00001888  4be00000	jr	r31
  757  0000188c  54000000	nop
  758  00001890          	.endproc _lock_create
  760  00001890          	.proc _lock_acquire
  761  00001890          	.global _lock_acquire
  762  00001890          	_lock_acquire:
  763  00001890  44000454	trap	#0x454
  764  00001894  4be00000	jr	r31
  765  00001898  54000000	nop
  766  0000189c          	.endproc _lock_acquire
  768  0000189c          	.proc _lock_release
  769  0000189c          	.global _lock_release
  770  0000189c          	_lock_release:
  771  0000189c  44000455	trap	#0x455
  772  000018a0  4be00000	jr	r31
  773  000018a4  54000000	nop
  774  000018a8          	.endproc _lock_release
  776  000018a8          	.proc _cond_create
  777  000018a8          	.global _cond_create
  778  000018a8          	_cond_create:
  779  000018a8  44000456	trap	#0x456
  780  000018ac  4be00000	jr	r31
  781  000018b0  54000000	nop
  782  000018b4          	.endproc _cond_create
  784  000018b4          	.proc _cond_wait
  785  000018b4          	.global _cond_wait
  786  000018b4          	_cond_wait:
  787  000018b4  44000457	trap	#0x457
  788  000018b8  4be00000	jr	r31
  789  000018bc  54000000	nop
  790  000018c0          	.endproc _cond_wait
  792  000018c0          	.proc _cond_signal
  793  000018c0          	.global _cond_signal
  794  000018c0          	_cond_signal:
  795  000018c0  44000458	trap	#0x458
  796  000018c4  4be00000	jr	r31
  797  000018c8  54000000	nop
  798  000018cc          	.endproc _cond_signal
  800  000018cc          	.proc _cond_broadcast
  801  000018cc          	.global _cond_broadcast
  802  000018cc          	_cond_broadcast:
  803  000018cc  44000459	trap	#0x459
  804  000018d0  4be00000	jr	r31
  805  000018d4  54000000	nop
  806  000018d8          	.endproc _cond_broadcast
  808  000018d8          	.proc _mbox_create
  809  000018d8          	.global _mbox_create
  810  000018d8          	_mbox_create:
  811  000018d8  44000460	trap	#0x460
  812  000018dc  4be00000	jr	r31
  813  000018e0  54000000	nop
  814  000018e4          	.endproc _mbox_create
  816  000018e4          	.proc _mbox_open
  817  000018e4          	.global _mbox_open
  818  000018e4          	_mbox_open:
  819  000018e4  44000461	trap	#0x461
  820  000018e8  4be00000	jr	r31
  821  000018ec  54000000	nop
  822  000018f0          	.endproc _mbox_open
  824  000018f0          	.proc _mbox_close
  825  000018f0          	.global _mbox_close
  826  000018f0          	_mbox_close:
  827  000018f0  44000462	trap	#0x462
  828  000018f4  4be00000	jr	r31
  829  000018f8  54000000	nop
  830  000018fc          	.endproc _mbox_close
  832  000018fc          	.proc _mbox_send
  833  000018fc          	.global _mbox_send
  834  000018fc          	_mbox_send:
  835  000018fc  44000463	trap	#0x463
  836  00001900  4be00000	jr	r31
  837  00001904  54000000	nop
  838  00001908          	.endproc _mbox_send
  840  00001908          	.proc _mbox_recv
  841  00001908          	.global _mbox_recv
  842  00001908          	_mbox_recv:
  843  00001908  44000464	trap	#0x464
  844  0000190c  4be00000	jr	r31
  845  00001910  54000000	nop
  846  00001914          	.endproc _mbox_recv
  848  00001914          	.proc _sleep
  849  00001914          	.global _sleep
  850  00001914          	_sleep:
  851  00001914  44000465	trap	#0x465
  852  00001918  4be00000	jr	r31
  853  0000191c  54000000	nop
  854  00001920          	.endproc _sleep
  856  00001920          	.proc _yield
  857  00001920          	.global _yield
  858  00001920          	_yield:
  859  00001920  44000466	trap	#0x466
  860  00001924  4be00000	jr	r31
  861  00001928  54000000	nop
  862  0000192c          	.endproc _yield
  865  0000192c          	.proc _Exit
  866  0000192c          	.global _Exit
  867  0000192c          	_Exit:
  868  0000192c  44000500	trap	#0x500
  869  00001930  4be00000	jr	r31
  870  00001934  54000000	nop
  871  00001938          	.endproc _Exit
  872                      ; Compiled by GCC
  874  00001938          	.align 2
  875  00001938          	.proc _isspace
  876  00001938          	.global _isspace
  877  00001938          	_isspace:
  878                      ;  Function 'isspace'; 0 bytes of locals, 3 regs to save.
  879  00001938  afbefffc	sw	-4(r29),r30; push fp
  880  0000193c  001df020	add	r30,r0,r29; fp = sp
  881  00001940  afbffff8	sw	-8(r29),r31; push ret addr
  882  00001944  2fbd0018	subui	r29,r29,#24; alloc local storage
  883  00001948  afa20000	sw	0(r29),r2
  884  0000194c  afa30004	sw	4(r29),r3
  885  00001950  afa40008	sw	8(r29),r4
  886  00001954  83c20003	lb	r2,3(r30)
  887  00001958  20010000	addi	r1,r0,#0
  888  0000195c  304300ff	andi	r3,r2,#0x00ff
  889  00001960  60640020	seqi	r4,r3,#32
  890  00001964  1480002c	bnez	r4,L3_LF2
  891  00001968  54000000	nop; delay slot nop
  892  0000196c  304300ff	andi	r3,r2,#0x00ff
  893  00001970  60640009	seqi	r4,r3,#9
  894  00001974  1480001c	bnez	r4,L3_LF2
  895  00001978  54000000	nop; delay slot nop
  896  0000197c  304300ff	andi	r3,r2,#0x00ff
  897  00001980  6064000a	seqi	r4,r3,#10
  898  00001984  1480000c	bnez	r4,L3_LF2
  899  00001988  54000000	nop; delay slot nop
  900  0000198c  08000008	j	L2_LF2
  901  00001990  54000000	nop; delay slot nop
  902  00001994          	L3_LF2:
  903  00001994  20010001	addi	r1,r0,#1
  904  00001998          	L2_LF2:
  905  00001998  08000004	j	L1_LF2
  906  0000199c  54000000	nop; delay slot nop
  907  000019a0          	L1_LF2:
  908  000019a0  8fa20000	lw	r2,0(r29)
  909  000019a4  8fa30004	lw	r3,4(r29)
  910  000019a8  8fa40008	lw	r4,8(r29)
  911  000019ac  8fdffff8	lw	r31,-8(r30)
  912  000019b0  001ee820	add	r29,r0,r30
  913  000019b4  8fdefffc	lw	r30,-4(r30)
  914  000019b8  4be00000	jr	r31
  915  000019bc  54000000	nop
  916  000019c0          	.endproc _isspace
  917  000019c0          	.align 2
  918  000019c0          	.proc _isxdigit
  919  000019c0          	.global _isxdigit
  920  000019c0          	_isxdigit:
  921                      ;  Function 'isxdigit'; 0 bytes of locals, 3 regs to save.
  922  000019c0  afbefffc	sw	-4(r29),r30; push fp
  923  000019c4  001df020	add	r30,r0,r29; fp = sp
  924  000019c8  afbffff8	sw	-8(r29),r31; push ret addr
  925  000019cc  2fbd0018	subui	r29,r29,#24; alloc local storage
  926  000019d0  afa20000	sw	0(r29),r2
  927  000019d4  afa30004	sw	4(r29),r3
  928  000019d8  afa40008	sw	8(r29),r4
  929  000019dc  83c20003	lb	r2,3(r30)
  930  000019e0  20010000	addi	r1,r0,#0
  931  000019e4  304300ff	andi	r3,r2,#0x00ff
  932  000019e8  6c64002f	sgtui	r4,r3,#47
  933  000019ec  1080001c	beqz	r4,L7_LF2
  934  000019f0  54000000	nop; delay slot nop
  935  000019f4  304300ff	andi	r3,r2,#0x00ff
  936  000019f8  70640039	sleui	r4,r3,#57
  937  000019fc  1480005c	bnez	r4,L6_LF2
  938  00001a00  54000000	nop; delay slot nop
  939  00001a04  08000004	j	L7_LF2
  940  00001a08  54000000	nop; delay slot nop
  941  00001a0c          	L7_LF2:
  942  00001a0c  304300ff	andi	r3,r2,#0x00ff
  943  00001a10  6c640060	sgtui	r4,r3,#96
  944  00001a14  1080001c	beqz	r4,L8_LF2
  945  00001a18  54000000	nop; delay slot nop
  946  00001a1c  304300ff	andi	r3,r2,#0x00ff
  947  00001a20  70640066	sleui	r4,r3,#102
  948  00001a24  14800034	bnez	r4,L6_LF2
  949  00001a28  54000000	nop; delay slot nop
  950  00001a2c  08000004	j	L8_LF2
  951  00001a30  54000000	nop; delay slot nop
  952  00001a34          	L8_LF2:
  953  00001a34  304300ff	andi	r3,r2,#0x00ff
  954  00001a38  6c640040	sgtui	r4,r3,#64
  955  00001a3c  10800020	beqz	r4,L5_LF2
  956  00001a40  54000000	nop; delay slot nop
  957  00001a44  304300ff	andi	r3,r2,#0x00ff
  958  00001a48  70640041	sleui	r4,r3,#65
  959  00001a4c  1480000c	bnez	r4,L6_LF2
  960  00001a50  54000000	nop; delay slot nop
  961  00001a54  08000008	j	L5_LF2
  962  00001a58  54000000	nop; delay slot nop
  963  00001a5c          	L6_LF2:
  964  00001a5c  20010001	addi	r1,r0,#1
  965  00001a60          	L5_LF2:
  966  00001a60  08000004	j	L4_LF2
  967  00001a64  54000000	nop; delay slot nop
  968  00001a68          	L4_LF2:
  969  00001a68  8fa20000	lw	r2,0(r29)
  970  00001a6c  8fa30004	lw	r3,4(r29)
  971  00001a70  8fa40008	lw	r4,8(r29)
  972  00001a74  8fdffff8	lw	r31,-8(r30)
  973  00001a78  001ee820	add	r29,r0,r30
  974  00001a7c  8fdefffc	lw	r30,-4(r30)
  975  00001a80  4be00000	jr	r31
  976  00001a84  54000000	nop
  977  00001a88          	.endproc _isxdigit
  978  00001a88          	.align 2
  979  00001a88          	.proc _dstrcpy
  980  00001a88          	.global _dstrcpy
  981  00001a88          	_dstrcpy:
  982                      ;  Function 'dstrcpy'; 8 bytes of locals, 2 regs to save.
  983  00001a88  afbefffc	sw	-4(r29),r30; push fp
  984  00001a8c  001df020	add	r30,r0,r29; fp = sp
  985  00001a90  afbffff8	sw	-8(r29),r31; push ret addr
  986  00001a94  2fbd0018	subui	r29,r29,#24; alloc local storage
  987  00001a98  afa20000	sw	0(r29),r2
  988  00001a9c  afa30004	sw	4(r29),r3
  989  00001aa0  8fc10000	lw	r1,(r30)
  990  00001aa4  afc1fff4	sw	-12(r30),r1
  991  00001aa8          	L10_LF2:
  992  00001aa8  8fc10000	lw	r1,(r30)
  993  00001aac  20220001	addi	r2,r1,#1
  994  00001ab0  afc20000	sw	(r30),r2
  995  00001ab4  8fc20004	lw	r2,4(r30)
  996  00001ab8  20430001	addi	r3,r2,#1
  997  00001abc  afc30004	sw	4(r30),r3
  998  00001ac0  80420000	lb	r2,(r2)
  999  00001ac4  a0220000	sb	(r1),r2
 1000  00001ac8  a3c2fff3	sb	-13(r30),r2
 1001  00001acc          	L12_LF2:
 1002  00001acc  93c1fff3	lbu	r1,-13(r30)
 1003  00001ad0  64220000	snei	r2,r1,#0
 1004  00001ad4  1440000c	bnez	r2,L13_LF2
 1005  00001ad8  54000000	nop; delay slot nop
 1006  00001adc  0800000c	j	L11_LF2
 1007  00001ae0  54000000	nop; delay slot nop
 1008  00001ae4          	L13_LF2:
 1009  00001ae4  0bffffc0	j	L10_LF2
 1010  00001ae8  54000000	nop; delay slot nop
 1011  00001aec          	L11_LF2:
 1012  00001aec  8fc1fff4	lw	r1,-12(r30)
 1013  00001af0  08000004	j	L9_LF2
 1014  00001af4  54000000	nop; delay slot nop
 1015  00001af8          	L9_LF2:
 1016  00001af8  8fa20000	lw	r2,0(r29)
 1017  00001afc  8fa30004	lw	r3,4(r29)
 1018  00001b00  8fdffff8	lw	r31,-8(r30)
 1019  00001b04  001ee820	add	r29,r0,r30
 1020  00001b08  8fdefffc	lw	r30,-4(r30)
 1021  00001b0c  4be00000	jr	r31
 1022  00001b10  54000000	nop
 1023  00001b14          	.endproc _dstrcpy
 1024  00001b14          	.align 2
 1025  00001b14          	.proc _dstrncpy
 1026  00001b14          	.global _dstrncpy
 1027  00001b14          	_dstrncpy:
 1028                      ;  Function 'dstrncpy'; 8 bytes of locals, 2 regs to save.
 1029  00001b14  afbefffc	sw	-4(r29),r30; push fp
 1030  00001b18  001df020	add	r30,r0,r29; fp = sp
 1031  00001b1c  afbffff8	sw	-8(r29),r31; push ret addr
 1032  00001b20  2fbd0018	subui	r29,r29,#24; alloc local storage
 1033  00001b24  afa20000	sw	0(r29),r2
 1034  00001b28  afa30004	sw	4(r29),r3
 1035  00001b2c  8fc10000	lw	r1,(r30)
 1036  00001b30  afc1fff4	sw	-12(r30),r1
 1037  00001b34          	L15_LF2:
 1038  00001b34  8fc10008	lw	r1,8(r30)
 1039  00001b38  2022ffff	addi	r2,r1,#-1
 1040  00001b3c  afc20008	sw	8(r30),r2
 1041  00001b40  70210000	slei	r1,r1,#0
 1042  00001b44  1020000c	beqz	r1,L18_LF2
 1043  00001b48  54000000	nop; delay slot nop
 1044  00001b4c  08000048	j	L16_LF2
 1045  00001b50  54000000	nop; delay slot nop
 1046  00001b54          	L18_LF2:
 1047  00001b54  8fc10000	lw	r1,(r30)
 1048  00001b58  20220001	addi	r2,r1,#1
 1049  00001b5c  afc20000	sw	(r30),r2
 1050  00001b60  8fc20004	lw	r2,4(r30)
 1051  00001b64  20430001	addi	r3,r2,#1
 1052  00001b68  afc30004	sw	4(r30),r3
 1053  00001b6c  80420000	lb	r2,(r2)
 1054  00001b70  a0220000	sb	(r1),r2
 1055  00001b74  a3c2fff3	sb	-13(r30),r2
 1056  00001b78          	L17_LF2:
 1057  00001b78  93c1fff3	lbu	r1,-13(r30)
 1058  00001b7c  64220000	snei	r2,r1,#0
 1059  00001b80  1440000c	bnez	r2,L19_LF2
 1060  00001b84  54000000	nop; delay slot nop
 1061  00001b88  0800000c	j	L16_LF2
 1062  00001b8c  54000000	nop; delay slot nop
 1063  00001b90          	L19_LF2:
 1064  00001b90  0bffffa0	j	L15_LF2
 1065  00001b94  54000000	nop; delay slot nop
 1066  00001b98          	L16_LF2:
 1067  00001b98  8fc1fff4	lw	r1,-12(r30)
 1068  00001b9c  08000004	j	L14_LF2
 1069  00001ba0  54000000	nop; delay slot nop
 1070  00001ba4          	L14_LF2:
 1071  00001ba4  8fa20000	lw	r2,0(r29)
 1072  00001ba8  8fa30004	lw	r3,4(r29)
 1073  00001bac  8fdffff8	lw	r31,-8(r30)
 1074  00001bb0  001ee820	add	r29,r0,r30
 1075  00001bb4  8fdefffc	lw	r30,-4(r30)
 1076  00001bb8  4be00000	jr	r31
 1077  00001bbc  54000000	nop
 1078  00001bc0          	.endproc _dstrncpy
 1079  00001bc0          	.align 2
 1080  00001bc0          	.proc _dstrcat
 1081  00001bc0          	.global _dstrcat
 1082  00001bc0          	_dstrcat:
 1083                      ;  Function 'dstrcat'; 8 bytes of locals, 1 regs to save.
 1084  00001bc0  afbefffc	sw	-4(r29),r30; push fp
 1085  00001bc4  001df020	add	r30,r0,r29; fp = sp
 1086  00001bc8  afbffff8	sw	-8(r29),r31; push ret addr
 1087  00001bcc  2fbd0018	subui	r29,r29,#24; alloc local storage
 1088  00001bd0  afa20000	sw	0(r29),r2
 1089  00001bd4  8fc10000	lw	r1,(r30)
 1090  00001bd8  afc1fff4	sw	-12(r30),r1
 1091  00001bdc          	L21_LF2:
 1092  00001bdc  8fc10000	lw	r1,(r30)
 1093  00001be0  90220000	lbu	r2,(r1)
 1094  00001be4  64410000	snei	r1,r2,#0
 1095  00001be8  1420000c	bnez	r1,L23_LF2
 1096  00001bec  54000000	nop; delay slot nop
 1097  00001bf0  0800001c	j	L22_LF2
 1098  00001bf4  54000000	nop; delay slot nop
 1099  00001bf8          	L23_LF2:
 1100  00001bf8  8fc20000	lw	r2,(r30)
 1101  00001bfc  20410001	addi	r1,r2,#1
 1102  00001c00  00011020	add	r2,r0,r1
 1103  00001c04  afc20000	sw	(r30),r2
 1104  00001c08  0bffffd0	j	L21_LF2
 1105  00001c0c  54000000	nop; delay slot nop
 1106  00001c10          	L22_LF2:
 1107  00001c10  23bdfff8	addi	r29,r29,#-8
 1108  00001c14  001d0820	add	r1,r0,r29
 1109  00001c18  8fc20000	lw	r2,(r30)
 1110  00001c1c  ac220000	sw	(r1),r2
 1111  00001c20  8fc20004	lw	r2,4(r30)
 1112  00001c24  ac220004	sw	4(r1),r2
 1113  00001c28  0ffffe5c	jal	_dstrcpy
 1114  00001c2c  54000000	nop; delay slot nop
 1115  00001c30  23bd0008	addi	r29,r29,#8
 1116  00001c34  8fc1fff4	lw	r1,-12(r30)
 1117  00001c38  08000004	j	L20_LF2
 1118  00001c3c  54000000	nop; delay slot nop
 1119  00001c40          	L20_LF2:
 1120  00001c40  8fa20000	lw	r2,0(r29)
 1121  00001c44  8fdffff8	lw	r31,-8(r30)
 1122  00001c48  001ee820	add	r29,r0,r30
 1123  00001c4c  8fdefffc	lw	r30,-4(r30)
 1124  00001c50  4be00000	jr	r31
 1125  00001c54  54000000	nop
 1126  00001c58          	.endproc _dstrcat
 1127  00001c58          	.align 2
 1128  00001c58          	.proc _dstrncmp
 1129  00001c58          	.global _dstrncmp
 1130  00001c58          	_dstrncmp:
 1131                      ;  Function 'dstrncmp'; 8 bytes of locals, 2 regs to save.
 1132  00001c58  afbefffc	sw	-4(r29),r30; push fp
 1133  00001c5c  001df020	add	r30,r0,r29; fp = sp
 1134  00001c60  afbffff8	sw	-8(r29),r31; push ret addr
 1135  00001c64  2fbd0018	subui	r29,r29,#24; alloc local storage
 1136  00001c68  afa20000	sw	0(r29),r2
 1137  00001c6c  afa30004	sw	4(r29),r3
 1138  00001c70  54000000	nop
 1139  00001c74  20010000	addi	r1,r0,#0
 1140  00001c78  afc1fff4	sw	-12(r30),r1
 1141  00001c7c          	L25_LF2:
 1142  00001c7c  8fc1fff4	lw	r1,-12(r30)
 1143  00001c80  8fc20008	lw	r2,8(r30)
 1144  00001c84  0022082a	slt	r1,r1,r2
 1145  00001c88  1420000c	bnez	r1,L28_LF2
 1146  00001c8c  54000000	nop; delay slot nop
 1147  00001c90  08000088	j	L26_LF2
 1148  00001c94  54000000	nop; delay slot nop
 1149  00001c98          	L28_LF2:
 1150  00001c98  8fc10004	lw	r1,4(r30)
 1151  00001c9c  90220000	lbu	r2,(r1)
 1152  00001ca0  64410000	snei	r1,r2,#0
 1153  00001ca4  14200018	bnez	r1,L29_LF2
 1154  00001ca8  54000000	nop; delay slot nop
 1155  00001cac  20010000	addi	r1,r0,#0
 1156  00001cb0  080000d8	j	L24_LF2
 1157  00001cb4  54000000	nop; delay slot nop
 1158  00001cb8  08000028	j	L30_LF2
 1159  00001cbc  54000000	nop; delay slot nop
 1160  00001cc0          	L29_LF2:
 1161  00001cc0  8fc10000	lw	r1,(r30)
 1162  00001cc4  8fc20004	lw	r2,4(r30)
 1163  00001cc8  90210000	lbu	r1,(r1)
 1164  00001ccc  90420000	lbu	r2,(r2)
 1165  00001cd0  00220829	sne	r1,r1,r2
 1166  00001cd4  1020000c	beqz	r1,L30_LF2
 1167  00001cd8  54000000	nop; delay slot nop
 1168  00001cdc  0800003c	j	L26_LF2
 1169  00001ce0  54000000	nop; delay slot nop
 1170  00001ce4          	L31_LF2:
 1171  00001ce4          	L30_LF2:
 1172  00001ce4  8fc20000	lw	r2,(r30)
 1173  00001ce8  20410001	addi	r1,r2,#1
 1174  00001cec  00011020	add	r2,r0,r1
 1175  00001cf0  afc20000	sw	(r30),r2
 1176  00001cf4  8fc20004	lw	r2,4(r30)
 1177  00001cf8  20410001	addi	r1,r2,#1
 1178  00001cfc  00011020	add	r2,r0,r1
 1179  00001d00  afc20004	sw	4(r30),r2
 1180  00001d04          	L27_LF2:
 1181  00001d04  8fc2fff4	lw	r2,-12(r30)
 1182  00001d08  20410001	addi	r1,r2,#1
 1183  00001d0c  00011020	add	r2,r0,r1
 1184  00001d10  afc2fff4	sw	-12(r30),r2
 1185  00001d14  0bffff64	j	L25_LF2
 1186  00001d18  54000000	nop; delay slot nop
 1187  00001d1c          	L26_LF2:
 1188  00001d1c  8fc1fff4	lw	r1,-12(r30)
 1189  00001d20  8fc20008	lw	r2,8(r30)
 1190  00001d24  00220828	seq	r1,r1,r2
 1191  00001d28  10200018	beqz	r1,L32_LF2
 1192  00001d2c  54000000	nop; delay slot nop
 1193  00001d30  20010000	addi	r1,r0,#0
 1194  00001d34  08000054	j	L24_LF2
 1195  00001d38  54000000	nop; delay slot nop
 1196  00001d3c  0800004c	j	L33_LF2
 1197  00001d40  54000000	nop; delay slot nop
 1198  00001d44          	L32_LF2:
 1199  00001d44  8fc20000	lw	r2,(r30)
 1200  00001d48  90410000	lbu	r1,(r2)
 1201  00001d4c  8fc20004	lw	r2,4(r30)
 1202  00001d50  90430000	lbu	r3,(r2)
 1203  00001d54  00230822	sub	r1,r1,r3
 1204  00001d58  74220000	sgei	r2,r1,#0
 1205  00001d5c  10400020	beqz	r2,L34_LF2
 1206  00001d60  54000000	nop; delay slot nop
 1207  00001d64  8fc10000	lw	r1,(r30)
 1208  00001d68  8fc20004	lw	r2,4(r30)
 1209  00001d6c  90210000	lbu	r1,(r1)
 1210  00001d70  90420000	lbu	r2,(r2)
 1211  00001d74  00220829	sne	r1,r1,r2
 1212  00001d78  08000008	j	L35_LF2
 1213  00001d7c  54000000	nop; delay slot nop
 1214  00001d80          	L34_LF2:
 1215  00001d80  2001ffff	addi	r1,r0,#-1
 1216  00001d84          	L35_LF2:
 1217  00001d84  08000004	j	L24_LF2
 1218  00001d88  54000000	nop; delay slot nop
 1219  00001d8c          	L33_LF2:
 1220  00001d8c          	L24_LF2:
 1221  00001d8c  8fa20000	lw	r2,0(r29)
 1222  00001d90  8fa30004	lw	r3,4(r29)
 1223  00001d94  8fdffff8	lw	r31,-8(r30)
 1224  00001d98  001ee820	add	r29,r0,r30
 1225  00001d9c  8fdefffc	lw	r30,-4(r30)
 1226  00001da0  4be00000	jr	r31
 1227  00001da4  54000000	nop
 1228  00001da8          	.endproc _dstrncmp
 1229  00001da8          	.align 2
 1230  00001da8          	.proc _dstrlen
 1231  00001da8          	.global _dstrlen
 1232  00001da8          	_dstrlen:
 1233                      ;  Function 'dstrlen'; 8 bytes of locals, 1 regs to save.
 1234  00001da8  afbefffc	sw	-4(r29),r30; push fp
 1235  00001dac  001df020	add	r30,r0,r29; fp = sp
 1236  00001db0  afbffff8	sw	-8(r29),r31; push ret addr
 1237  00001db4  2fbd0018	subui	r29,r29,#24; alloc local storage
 1238  00001db8  afa20000	sw	0(r29),r2
 1239  00001dbc  20010000	addi	r1,r0,#0
 1240  00001dc0  afc1fff4	sw	-12(r30),r1
 1241  00001dc4          	L37_LF2:
 1242  00001dc4  8fc10000	lw	r1,(r30)
 1243  00001dc8  20220001	addi	r2,r1,#1
 1244  00001dcc  afc20000	sw	(r30),r2
 1245  00001dd0  90210000	lbu	r1,(r1)
 1246  00001dd4  64220000	snei	r2,r1,#0
 1247  00001dd8  1440000c	bnez	r2,L39_LF2
 1248  00001ddc  54000000	nop; delay slot nop
 1249  00001de0  0800001c	j	L38_LF2
 1250  00001de4  54000000	nop; delay slot nop
 1251  00001de8          	L39_LF2:
 1252  00001de8  8fc2fff4	lw	r2,-12(r30)
 1253  00001dec  20410001	addi	r1,r2,#1
 1254  00001df0  00011020	add	r2,r0,r1
 1255  00001df4  afc2fff4	sw	-12(r30),r2
 1256  00001df8  0bffffc8	j	L37_LF2
 1257  00001dfc  54000000	nop; delay slot nop
 1258  00001e00          	L38_LF2:
 1259  00001e00  8fc1fff4	lw	r1,-12(r30)
 1260  00001e04  08000004	j	L36_LF2
 1261  00001e08  54000000	nop; delay slot nop
 1262  00001e0c          	L36_LF2:
 1263  00001e0c  8fa20000	lw	r2,0(r29)
 1264  00001e10  8fdffff8	lw	r31,-8(r30)
 1265  00001e14  001ee820	add	r29,r0,r30
 1266  00001e18  8fdefffc	lw	r30,-4(r30)
 1267  00001e1c  4be00000	jr	r31
 1268  00001e20  54000000	nop
 1269  00001e24          	.endproc _dstrlen
 1270  00001e24          	.align 2
 1271  00001e24          	.proc _dstrstr
 1272  00001e24          	.global _dstrstr
 1273  00001e24          	_dstrstr:
 1274                      ;  Function 'dstrstr'; 8 bytes of locals, 1 regs to save.
 1275  00001e24  afbefffc	sw	-4(r29),r30; push fp
 1276  00001e28  001df020	add	r30,r0,r29; fp = sp
 1277  00001e2c  afbffff8	sw	-8(r29),r31; push ret addr
 1278  00001e30  2fbd0018	subui	r29,r29,#24; alloc local storage
 1279  00001e34  afa20000	sw	0(r29),r2
 1280  00001e38  23bdfff8	addi	r29,r29,#-8
 1281  00001e3c  001d0820	add	r1,r0,r29
 1282  00001e40  8fc20004	lw	r2,4(r30)
 1283  00001e44  ac220000	sw	(r1),r2
 1284  00001e48  0fffff5c	jal	_dstrlen
 1285  00001e4c  54000000	nop; delay slot nop
 1286  00001e50  23bd0008	addi	r29,r29,#8
 1287  00001e54  afc1fff4	sw	-12(r30),r1
 1288  00001e58          	L41_LF2:
 1289  00001e58  8fc10000	lw	r1,(r30)
 1290  00001e5c  90220000	lbu	r2,(r1)
 1291  00001e60  64410000	snei	r1,r2,#0
 1292  00001e64  1420000c	bnez	r1,L43_LF2
 1293  00001e68  54000000	nop; delay slot nop
 1294  00001e6c  08000060	j	L42_LF2
 1295  00001e70  54000000	nop; delay slot nop
 1296  00001e74          	L43_LF2:
 1297  00001e74  23bdfff0	addi	r29,r29,#-16
 1298  00001e78  001d0820	add	r1,r0,r29
 1299  00001e7c  8fc20000	lw	r2,(r30)
 1300  00001e80  ac220000	sw	(r1),r2
 1301  00001e84  8fc20004	lw	r2,4(r30)
 1302  00001e88  ac220004	sw	4(r1),r2
 1303  00001e8c  8fc2fff4	lw	r2,-12(r30)
 1304  00001e90  ac220008	sw	8(r1),r2
 1305  00001e94  0ffffdc0	jal	_dstrncmp
 1306  00001e98  54000000	nop; delay slot nop
 1307  00001e9c  23bd0010	addi	r29,r29,#16
 1308  00001ea0  64220000	snei	r2,r1,#0
 1309  00001ea4  14400010	bnez	r2,L44_LF2
 1310  00001ea8  54000000	nop; delay slot nop
 1311  00001eac  8fc10000	lw	r1,(r30)
 1312  00001eb0  08000028	j	L40_LF2
 1313  00001eb4  54000000	nop; delay slot nop
 1314  00001eb8          	L44_LF2:
 1315  00001eb8  8fc20000	lw	r2,(r30)
 1316  00001ebc  20410001	addi	r1,r2,#1
 1317  00001ec0  00011020	add	r2,r0,r1
 1318  00001ec4  afc20000	sw	(r30),r2
 1319  00001ec8  0bffff8c	j	L41_LF2
 1320  00001ecc  54000000	nop; delay slot nop
 1321  00001ed0          	L42_LF2:
 1322  00001ed0  20010000	addi	r1,r0,#0
 1323  00001ed4  08000004	j	L40_LF2
 1324  00001ed8  54000000	nop; delay slot nop
 1325  00001edc          	L40_LF2:
 1326  00001edc  8fa20000	lw	r2,0(r29)
 1327  00001ee0  8fdffff8	lw	r31,-8(r30)
 1328  00001ee4  001ee820	add	r29,r0,r30
 1329  00001ee8  8fdefffc	lw	r30,-4(r30)
 1330  00001eec  4be00000	jr	r31
 1331  00001ef0  54000000	nop
 1332  00001ef4          	.endproc _dstrstr
 1333  00001ef4          	.align 2
 1334  00001ef4          	.proc _dmindex
 1335  00001ef4          	.global _dmindex
 1336  00001ef4          	_dmindex:
 1337                      ;  Function 'dmindex'; 8 bytes of locals, 1 regs to save.
 1338  00001ef4  afbefffc	sw	-4(r29),r30; push fp
 1339  00001ef8  001df020	add	r30,r0,r29; fp = sp
 1340  00001efc  afbffff8	sw	-8(r29),r31; push ret addr
 1341  00001f00  2fbd0018	subui	r29,r29,#24; alloc local storage
 1342  00001f04  afa20000	sw	0(r29),r2
 1343  00001f08  54000000	nop
 1344  00001f0c          	L46_LF2:
 1345  00001f0c  8fc10000	lw	r1,(r30)
 1346  00001f10  90220000	lbu	r2,(r1)
 1347  00001f14  64410000	snei	r1,r2,#0
 1348  00001f18  1420000c	bnez	r1,L48_LF2
 1349  00001f1c  54000000	nop; delay slot nop
 1350  00001f20  08000070	j	L47_LF2
 1351  00001f24  54000000	nop; delay slot nop
 1352  00001f28          	L48_LF2:
 1353  00001f28  8fc10004	lw	r1,4(r30)
 1354  00001f2c  afc1fff4	sw	-12(r30),r1
 1355  00001f30          	L49_LF2:
 1356  00001f30  8fc1fff4	lw	r1,-12(r30)
 1357  00001f34  90220000	lbu	r2,(r1)
 1358  00001f38  64410000	snei	r1,r2,#0
 1359  00001f3c  1420000c	bnez	r1,L52_LF2
 1360  00001f40  54000000	nop; delay slot nop
 1361  00001f44  08000044	j	L50_LF2
 1362  00001f48  54000000	nop; delay slot nop
 1363  00001f4c          	L52_LF2:
 1364  00001f4c  8fc10000	lw	r1,(r30)
 1365  00001f50  8fc2fff4	lw	r2,-12(r30)
 1366  00001f54  90210000	lbu	r1,(r1)
 1367  00001f58  90420000	lbu	r2,(r2)
 1368  00001f5c  00220828	seq	r1,r1,r2
 1369  00001f60  10200010	beqz	r1,L51_LF2
 1370  00001f64  54000000	nop; delay slot nop
 1371  00001f68  8fc10000	lw	r1,(r30)
 1372  00001f6c  08000030	j	L45_LF2
 1373  00001f70  54000000	nop; delay slot nop
 1374  00001f74          	L53_LF2:
 1375  00001f74          	L51_LF2:
 1376  00001f74  8fc2fff4	lw	r2,-12(r30)
 1377  00001f78  20410001	addi	r1,r2,#1
 1378  00001f7c  00011020	add	r2,r0,r1
 1379  00001f80  afc2fff4	sw	-12(r30),r2
 1380  00001f84  0bffffa8	j	L49_LF2
 1381  00001f88  54000000	nop; delay slot nop
 1382  00001f8c          	L50_LF2:
 1383  00001f8c  0bffff7c	j	L46_LF2
 1384  00001f90  54000000	nop; delay slot nop
 1385  00001f94          	L47_LF2:
 1386  00001f94  20010000	addi	r1,r0,#0
 1387  00001f98  08000004	j	L45_LF2
 1388  00001f9c  54000000	nop; delay slot nop
 1389  00001fa0          	L45_LF2:
 1390  00001fa0  8fa20000	lw	r2,0(r29)
 1391  00001fa4  8fdffff8	lw	r31,-8(r30)
 1392  00001fa8  001ee820	add	r29,r0,r30
 1393  00001fac  8fdefffc	lw	r30,-4(r30)
 1394  00001fb0  4be00000	jr	r31
 1395  00001fb4  54000000	nop
 1396  00001fb8          	.endproc _dmindex
 1397  00001fb8          	.align 2
 1398  00001fb8          	.proc _dindex
 1399  00001fb8          	.global _dindex
 1400  00001fb8          	_dindex:
 1401                      ;  Function 'dindex'; 0 bytes of locals, 1 regs to save.
 1402  00001fb8  afbefffc	sw	-4(r29),r30; push fp
 1403  00001fbc  001df020	add	r30,r0,r29; fp = sp
 1404  00001fc0  afbffff8	sw	-8(r29),r31; push ret addr
 1405  00001fc4  2fbd0010	subui	r29,r29,#16; alloc local storage
 1406  00001fc8  afa20000	sw	0(r29),r2
 1407  00001fcc  54000000	nop
 1408  00001fd0          	L55_LF2:
 1409  00001fd0  8fc10000	lw	r1,(r30)
 1410  00001fd4  90220000	lbu	r2,(r1)
 1411  00001fd8  64410000	snei	r1,r2,#0
 1412  00001fdc  1420000c	bnez	r1,L57_LF2
 1413  00001fe0  54000000	nop; delay slot nop
 1414  00001fe4  08000040	j	L56_LF2
 1415  00001fe8  54000000	nop; delay slot nop
 1416  00001fec          	L57_LF2:
 1417  00001fec  8fc10000	lw	r1,(r30)
 1418  00001ff0  90220000	lbu	r2,(r1)
 1419  00001ff4  8fc10004	lw	r1,4(r30)
 1420  00001ff8  00411028	seq	r2,r2,r1
 1421  00001ffc  10400010	beqz	r2,L58_LF2
 1422  00002000  54000000	nop; delay slot nop
 1423  00002004  8fc10000	lw	r1,(r30)
 1424  00002008  08000028	j	L54_LF2
 1425  0000200c  54000000	nop; delay slot nop
 1426  00002010          	L58_LF2:
 1427  00002010  8fc20000	lw	r2,(r30)
 1428  00002014  20410001	addi	r1,r2,#1
 1429  00002018  00011020	add	r2,r0,r1
 1430  0000201c  afc20000	sw	(r30),r2
 1431  00002020  0bffffac	j	L55_LF2
 1432  00002024  54000000	nop; delay slot nop
 1433  00002028          	L56_LF2:
 1434  00002028  20010000	addi	r1,r0,#0
 1435  0000202c  08000004	j	L54_LF2
 1436  00002030  54000000	nop; delay slot nop
 1437  00002034          	L54_LF2:
 1438  00002034  8fa20000	lw	r2,0(r29)
 1439  00002038  8fdffff8	lw	r31,-8(r30)
 1440  0000203c  001ee820	add	r29,r0,r30
 1441  00002040  8fdefffc	lw	r30,-4(r30)
 1442  00002044  4be00000	jr	r31
 1443  00002048  54000000	nop
 1444  0000204c          	.endproc _dindex
 1445  0000204c          	.align 2
 1446  0000204c          	.proc _ditoa
 1447  0000204c          	.global _ditoa
 1448  0000204c          	_ditoa:
 1449                      ;  Function 'ditoa'; 8 bytes of locals, 2 regs to save.
 1450  0000204c  afbefffc	sw	-4(r29),r30; push fp
 1451  00002050  001df020	add	r30,r0,r29; fp = sp
 1452  00002054  afbffff8	sw	-8(r29),r31; push ret addr
 1453  00002058  2fbd0018	subui	r29,r29,#24; alloc local storage
 1454  0000205c  afa20000	sw	0(r29),r2
 1455  00002060  afa30004	sw	4(r29),r3
 1456  00002064  8fc10000	lw	r1,(r30)
 1457  00002068  68220000	slti	r2,r1,#0
 1458  0000206c  1040002c	beqz	r2,L60_LF2
 1459  00002070  54000000	nop; delay slot nop
 1460  00002074  8fc10004	lw	r1,4(r30)
 1461  00002078  20220001	addi	r2,r1,#1
 1462  0000207c  afc20004	sw	4(r30),r2
 1463  00002080  2002002d	addi	r2,r0,(#0x2d)&0xff
 1464  00002084  a0220000	sb	(r1),r2
 1465  00002088  8fc10000	lw	r1,(r30)
 1466  0000208c  00011022	sub	r2,r0,r1
 1467  00002090  afc20000	sw	(r30),r2
 1468  00002094  08000118	j	L61_LF2
 1469  00002098  54000000	nop; delay slot nop
 1470  0000209c          	L60_LF2:
 1471  0000209c  8fc10000	lw	r1,(r30)
 1472  000020a0  64220000	snei	r2,r1,#0
 1473  000020a4  14400020	bnez	r2,L62_LF2
 1474  000020a8  54000000	nop; delay slot nop
 1475  000020ac  8fc10004	lw	r1,4(r30)
 1476  000020b0  20220001	addi	r2,r1,#1
 1477  000020b4  afc20004	sw	4(r30),r2
 1478  000020b8  20020030	addi	r2,r0,(#0x30)&0xff
 1479  000020bc  a0220000	sb	(r1),r2
 1480  000020c0  080000ec	j	L61_LF2
 1481  000020c4  54000000	nop; delay slot nop
 1482  000020c8          	L62_LF2:
 1483  000020c8  20010001	addi	r1,r0,#1
 1484  000020cc  afc1fff4	sw	-12(r30),r1
 1485  000020d0          	L64_LF2:
 1486  000020d0  8fc1fff4	lw	r1,-12(r30)
 1487  000020d4  8fc20000	lw	r2,(r30)
 1488  000020d8  0022082c	sle	r1,r1,r2
 1489  000020dc  1420000c	bnez	r1,L66_LF2
 1490  000020e0  54000000	nop; delay slot nop
 1491  000020e4  08000024	j	L65_LF2
 1492  000020e8  54000000	nop; delay slot nop
 1493  000020ec          	L67_LF2:
 1494  000020ec          	L66_LF2:
 1495  000020ec  8fc1fff4	lw	r1,-12(r30)
 1496  000020f0  00011820	add	r3,r0,r1
 1497  000020f4  50620002	slli	r2,r3,#0x2
 1498  000020f8  00411020	add	r2,r2,r1
 1499  000020fc  50410001	slli	r1,r2,#0x1
 1500  00002100  afc1fff4	sw	-12(r30),r1
 1501  00002104  0bffffc8	j	L64_LF2
 1502  00002108  54000000	nop; delay slot nop
 1503  0000210c          	L65_LF2:
 1504  0000210c  54000000	nop
 1505  00002110          	L68_LF2:
 1506  00002110  8fc1fff4	lw	r1,-12(r30)
 1507  00002114  2002000a	addi	r2,r0,#10
 1508  00002118  00200035	movi2fp	f0,r1
 1509  0000211c  00400835	movi2fp	f1,r2
 1510  00002120  0401000f	div	f0,f0,f1
 1511  00002124  00000834	movfp2i	r1,f0
 1512  00002128  afc1fff4	sw	-12(r30),r1
 1513  0000212c  8fc10004	lw	r1,4(r30)
 1514  00002130  20220001	addi	r2,r1,#1
 1515  00002134  afc20004	sw	4(r30),r2
 1516  00002138  8fc20000	lw	r2,(r30)
 1517  0000213c  8fc3fff4	lw	r3,-12(r30)
 1518  00002140  00400035	movi2fp	f0,r2
 1519  00002144  00600835	movi2fp	f1,r3
 1520  00002148  0401000f	div	f0,f0,f1
 1521  0000214c  00001034	movfp2i	r2,f0
 1522  00002150  00021820	add	r3,r0,r2
 1523  00002154  20620030	addi	r2,r3,#48
 1524  00002158  a0220000	sb	(r1),r2
 1525  0000215c  8fc10000	lw	r1,(r30)
 1526  00002160  8fc3fff4	lw	r3,-12(r30)
 1527  00002164  00200035	movi2fp	f0,r1
 1528  00002168  00600835	movi2fp	f1,r3
 1529  0000216c  0401000f	div	f0,f0,f1
 1530  00002170  00001034	movfp2i	r2,f0
 1531  00002174  8fc3fff4	lw	r3,-12(r30)
 1532  00002178  00400035	movi2fp	f0,r2
 1533  0000217c  00600835	movi2fp	f1,r3
 1534  00002180  0401000e	mult	f0,f0,f1
 1535  00002184  00001034	movfp2i	r2,f0
 1536  00002188  00220822	sub	r1,r1,r2
 1537  0000218c  afc10000	sw	(r30),r1
 1538  00002190          	L70_LF2:
 1539  00002190  8fc1fff4	lw	r1,-12(r30)
 1540  00002194  6c220001	sgti	r2,r1,#1
 1541  00002198  1440000c	bnez	r2,L71_LF2
 1542  0000219c  54000000	nop; delay slot nop
 1543  000021a0  0800000c	j	L61_LF2
 1544  000021a4  54000000	nop; delay slot nop
 1545  000021a8          	L71_LF2:
 1546  000021a8  0bffff64	j	L68_LF2
 1547  000021ac  54000000	nop; delay slot nop
 1548  000021b0          	L69_LF2:
 1549  000021b0          	L63_LF2:
 1550  000021b0          	L61_LF2:
 1551  000021b0  8fc10004	lw	r1,4(r30)
 1552  000021b4  20020000	addi	r2,r0,(#0x0)&0xff
 1553  000021b8  a0220000	sb	(r1),r2
 1554  000021bc          	L59_LF2:
 1555  000021bc  8fa20000	lw	r2,0(r29)
 1556  000021c0  8fa30004	lw	r3,4(r29)
 1557  000021c4  8fdffff8	lw	r31,-8(r30)
 1558  000021c8  001ee820	add	r29,r0,r30
 1559  000021cc  8fdefffc	lw	r30,-4(r30)
 1560  000021d0  4be00000	jr	r31
 1561  000021d4  54000000	nop
 1562  000021d8          	.endproc _ditoa
 1563  000021d8          	.align 2
 1564  000021d8          	.proc _dstrtol
 1565  000021d8          	.global _dstrtol
 1566  000021d8          	_dstrtol:
 1567                      ;  Function 'dstrtol'; 16 bytes of locals, 1 regs to save.
 1568  000021d8  afbefffc	sw	-4(r29),r30; push fp
 1569  000021dc  001df020	add	r30,r0,r29; fp = sp
 1570  000021e0  afbffff8	sw	-8(r29),r31; push ret addr
 1571  000021e4  2fbd0020	subui	r29,r29,#32; alloc local storage
 1572  000021e8  afa20000	sw	0(r29),r2
 1573  000021ec  20010000	addi	r1,r0,#0
 1574  000021f0  afc1fff4	sw	-12(r30),r1
 1575  000021f4          	L73_LF2:
 1576  000021f4  8fc10000	lw	r1,(r30)
 1577  000021f8  90220000	lbu	r2,(r1)
 1578  000021fc  60410020	seqi	r1,r2,#32
 1579  00002200  14200034	bnez	r1,L75_LF2
 1580  00002204  54000000	nop; delay slot nop
 1581  00002208  8fc10000	lw	r1,(r30)
 1582  0000220c  90220000	lbu	r2,(r1)
 1583  00002210  60410009	seqi	r1,r2,#9
 1584  00002214  14200020	bnez	r1,L75_LF2
 1585  00002218  54000000	nop; delay slot nop
 1586  0000221c  8fc10000	lw	r1,(r30)
 1587  00002220  90220000	lbu	r2,(r1)
 1588  00002224  6041000a	seqi	r1,r2,#10
 1589  00002228  1420000c	bnez	r1,L75_LF2
 1590  0000222c  54000000	nop; delay slot nop
 1591  00002230  0800001c	j	L74_LF2
 1592  00002234  54000000	nop; delay slot nop
 1593  00002238          	L75_LF2:
 1594  00002238  8fc20000	lw	r2,(r30)
 1595  0000223c  20410001	addi	r1,r2,#1
 1596  00002240  00011020	add	r2,r0,r1
 1597  00002244  afc20000	sw	(r30),r2
 1598  00002248  0bffffa8	j	L73_LF2
 1599  0000224c  54000000	nop; delay slot nop
 1600  00002250          	L74_LF2:
 1601  00002250  8fc10004	lw	r1,4(r30)
 1602  00002254  64220000	snei	r2,r1,#0
 1603  00002258  10400010	beqz	r2,L76_LF2
 1604  0000225c  54000000	nop; delay slot nop
 1605  00002260  8fc10004	lw	r1,4(r30)
 1606  00002264  8fc20000	lw	r2,(r30)
 1607  00002268  ac220000	sw	(r1),r2
 1608  0000226c          	L76_LF2:
 1609  0000226c  8fc10000	lw	r1,(r30)
 1610  00002270  90220000	lbu	r2,(r1)
 1611  00002274  64410000	snei	r1,r2,#0
 1612  00002278  14200010	bnez	r1,L77_LF2
 1613  0000227c  54000000	nop; delay slot nop
 1614  00002280  8fc1fff4	lw	r1,-12(r30)
 1615  00002284  08000294	j	L72_LF2
 1616  00002288  54000000	nop; delay slot nop
 1617  0000228c          	L77_LF2:
 1618  0000228c  8fc10000	lw	r1,(r30)
 1619  00002290  90220000	lbu	r2,(r1)
 1620  00002294  6041002d	seqi	r1,r2,#45
 1621  00002298  10200024	beqz	r1,L78_LF2
 1622  0000229c  54000000	nop; delay slot nop
 1623  000022a0  2001ffff	addi	r1,r0,#-1
 1624  000022a4  afc1ffec	sw	-20(r30),r1
 1625  000022a8  8fc20000	lw	r2,(r30)
 1626  000022ac  20410001	addi	r1,r2,#1
 1627  000022b0  00011020	add	r2,r0,r1
 1628  000022b4  afc20000	sw	(r30),r2
 1629  000022b8  0800000c	j	L79_LF2
 1630  000022bc  54000000	nop; delay slot nop
 1631  000022c0          	L78_LF2:
 1632  000022c0  20010001	addi	r1,r0,#1
 1633  000022c4  afc1ffec	sw	-20(r30),r1
 1634  000022c8          	L79_LF2:
 1635  000022c8  8fc10008	lw	r1,8(r30)
 1636  000022cc  64220000	snei	r2,r1,#0
 1637  000022d0  14400090	bnez	r2,L80_LF2
 1638  000022d4  54000000	nop; delay slot nop
 1639  000022d8  8fc10000	lw	r1,(r30)
 1640  000022dc  90220000	lbu	r2,(r1)
 1641  000022e0  60410030	seqi	r1,r2,#48
 1642  000022e4  10200074	beqz	r1,L81_LF2
 1643  000022e8  54000000	nop; delay slot nop
 1644  000022ec  8fc20000	lw	r2,(r30)
 1645  000022f0  20410001	addi	r1,r2,#1
 1646  000022f4  00011020	add	r2,r0,r1
 1647  000022f8  afc20000	sw	(r30),r2
 1648  000022fc  8fc10000	lw	r1,(r30)
 1649  00002300  90220000	lbu	r2,(r1)
 1650  00002304  60410078	seqi	r1,r2,#120
 1651  00002308  14200020	bnez	r1,L83_LF2
 1652  0000230c  54000000	nop; delay slot nop
 1653  00002310  8fc10000	lw	r1,(r30)
 1654  00002314  90220000	lbu	r2,(r1)
 1655  00002318  60410058	seqi	r1,r2,#88
 1656  0000231c  1420000c	bnez	r1,L83_LF2
 1657  00002320  54000000	nop; delay slot nop
 1658  00002324  08000024	j	L82_LF2
 1659  00002328  54000000	nop; delay slot nop
 1660  0000232c          	L83_LF2:
 1661  0000232c  20010010	addi	r1,r0,#16
 1662  00002330  afc10008	sw	8(r30),r1
 1663  00002334  8fc20000	lw	r2,(r30)
 1664  00002338  20410001	addi	r1,r2,#1
 1665  0000233c  00011020	add	r2,r0,r1
 1666  00002340  afc20000	sw	(r30),r2
 1667  00002344  0800000c	j	L84_LF2
 1668  00002348  54000000	nop; delay slot nop
 1669  0000234c          	L82_LF2:
 1670  0000234c  20010008	addi	r1,r0,#8
 1671  00002350  afc10008	sw	8(r30),r1
 1672  00002354          	L84_LF2:
 1673  00002354  0800000c	j	L80_LF2
 1674  00002358  54000000	nop; delay slot nop
 1675  0000235c          	L81_LF2:
 1676  0000235c  2001000a	addi	r1,r0,#10
 1677  00002360  afc10008	sw	8(r30),r1
 1678  00002364          	L85_LF2:
 1679  00002364          	L80_LF2:
 1680  00002364  8fc10008	lw	r1,8(r30)
 1681  00002368  70220000	slei	r2,r1,#0
 1682  0000236c  1440001c	bnez	r2,L87_LF2
 1683  00002370  54000000	nop; delay slot nop
 1684  00002374  8fc10008	lw	r1,8(r30)
 1685  00002378  6c220010	sgti	r2,r1,#16
 1686  0000237c  1440000c	bnez	r2,L87_LF2
 1687  00002380  54000000	nop; delay slot nop
 1688  00002384  08000010	j	L86_LF2
 1689  00002388  54000000	nop; delay slot nop
 1690  0000238c          	L87_LF2:
 1691  0000238c  8fc1fff4	lw	r1,-12(r30)
 1692  00002390  08000188	j	L72_LF2
 1693  00002394  54000000	nop; delay slot nop
 1694  00002398          	L86_LF2:
 1695  00002398  54000000	nop
 1696  0000239c          	L88_LF2:
 1697  0000239c  8fc10000	lw	r1,(r30)
 1698  000023a0  90220000	lbu	r2,(r1)
 1699  000023a4  6c41002f	sgtui	r1,r2,#47
 1700  000023a8  10200030	beqz	r1,L91_LF2
 1701  000023ac  54000000	nop; delay slot nop
 1702  000023b0  8fc10000	lw	r1,(r30)
 1703  000023b4  90220000	lbu	r2,(r1)
 1704  000023b8  70410039	sleui	r1,r2,#57
 1705  000023bc  1020001c	beqz	r1,L91_LF2
 1706  000023c0  54000000	nop; delay slot nop
 1707  000023c4  8fc10000	lw	r1,(r30)
 1708  000023c8  90220000	lbu	r2,(r1)
 1709  000023cc  2041ffd0	addi	r1,r2,#-48
 1710  000023d0  afc1fff0	sw	-16(r30),r1
 1711  000023d4  0800008c	j	L92_LF2
 1712  000023d8  54000000	nop; delay slot nop
 1713  000023dc          	L91_LF2:
 1714  000023dc  8fc10000	lw	r1,(r30)
 1715  000023e0  90220000	lbu	r2,(r1)
 1716  000023e4  6c410060	sgtui	r1,r2,#96
 1717  000023e8  10200030	beqz	r1,L93_LF2
 1718  000023ec  54000000	nop; delay slot nop
 1719  000023f0  8fc10000	lw	r1,(r30)
 1720  000023f4  90220000	lbu	r2,(r1)
 1721  000023f8  7041007a	sleui	r1,r2,#122
 1722  000023fc  1020001c	beqz	r1,L93_LF2
 1723  00002400  54000000	nop; delay slot nop
 1724  00002404  8fc10000	lw	r1,(r30)
 1725  00002408  90220000	lbu	r2,(r1)
 1726  0000240c  2041ffa9	addi	r1,r2,#-87
 1727  00002410  afc1fff0	sw	-16(r30),r1
 1728  00002414  0800004c	j	L92_LF2
 1729  00002418  54000000	nop; delay slot nop
 1730  0000241c          	L93_LF2:
 1731  0000241c  8fc10000	lw	r1,(r30)
 1732  00002420  90220000	lbu	r2,(r1)
 1733  00002424  6c410040	sgtui	r1,r2,#64
 1734  00002428  10200030	beqz	r1,L95_LF2
 1735  0000242c  54000000	nop; delay slot nop
 1736  00002430  8fc10000	lw	r1,(r30)
 1737  00002434  90220000	lbu	r2,(r1)
 1738  00002438  7041005a	sleui	r1,r2,#90
 1739  0000243c  1020001c	beqz	r1,L95_LF2
 1740  00002440  54000000	nop; delay slot nop
 1741  00002444  8fc10000	lw	r1,(r30)
 1742  00002448  90220000	lbu	r2,(r1)
 1743  0000244c  2041ffc9	addi	r1,r2,#-55
 1744  00002450  afc1fff0	sw	-16(r30),r1
 1745  00002454  0800000c	j	L92_LF2
 1746  00002458  54000000	nop; delay slot nop
 1747  0000245c          	L95_LF2:
 1748  0000245c  200103e8	addi	r1,r0,#1000
 1749  00002460  afc1fff0	sw	-16(r30),r1
 1750  00002464          	L96_LF2:
 1751  00002464          	L94_LF2:
 1752  00002464          	L92_LF2:
 1753  00002464  8fc1fff0	lw	r1,-16(r30)
 1754  00002468  8fc20008	lw	r2,8(r30)
 1755  0000246c  0022082a	slt	r1,r1,r2
 1756  00002470  10200040	beqz	r1,L90_LF2
 1757  00002474  54000000	nop; delay slot nop
 1758  00002478  8fc1fff4	lw	r1,-12(r30)
 1759  0000247c  8fc20008	lw	r2,8(r30)
 1760  00002480  00200035	movi2fp	f0,r1
 1761  00002484  00400835	movi2fp	f1,r2
 1762  00002488  0401000e	mult	f0,f0,f1
 1763  0000248c  00000834	movfp2i	r1,f0
 1764  00002490  afc1fff4	sw	-12(r30),r1
 1765  00002494  8fc1fff4	lw	r1,-12(r30)
 1766  00002498  8fc2fff0	lw	r2,-16(r30)
 1767  0000249c  00220820	add	r1,r1,r2
 1768  000024a0  afc1fff4	sw	-12(r30),r1
 1769  000024a4  8fc20000	lw	r2,(r30)
 1770  000024a8  20410001	addi	r1,r2,#1
 1771  000024ac  00011020	add	r2,r0,r1
 1772  000024b0  afc20000	sw	(r30),r2
 1773  000024b4          	L97_LF2:
 1774  000024b4          	L90_LF2:
 1775  000024b4  8fc1fff0	lw	r1,-16(r30)
 1776  000024b8  8fc20008	lw	r2,8(r30)
 1777  000024bc  0022082a	slt	r1,r1,r2
 1778  000024c0  1420000c	bnez	r1,L98_LF2
 1779  000024c4  54000000	nop; delay slot nop
 1780  000024c8  0800000c	j	L89_LF2
 1781  000024cc  54000000	nop; delay slot nop
 1782  000024d0          	L98_LF2:
 1783  000024d0  0bfffec8	j	L88_LF2
 1784  000024d4  54000000	nop; delay slot nop
 1785  000024d8          	L89_LF2:
 1786  000024d8  8fc10004	lw	r1,4(r30)
 1787  000024dc  64220000	snei	r2,r1,#0
 1788  000024e0  10400010	beqz	r2,L99_LF2
 1789  000024e4  54000000	nop; delay slot nop
 1790  000024e8  8fc10004	lw	r1,4(r30)
 1791  000024ec  8fc20000	lw	r2,(r30)
 1792  000024f0  ac220000	sw	(r1),r2
 1793  000024f4          	L99_LF2:
 1794  000024f4  8fc1fff4	lw	r1,-12(r30)
 1795  000024f8  8fc2ffec	lw	r2,-20(r30)
 1796  000024fc  00200035	movi2fp	f0,r1
 1797  00002500  00400835	movi2fp	f1,r2
 1798  00002504  0401000e	mult	f0,f0,f1
 1799  00002508  00000834	movfp2i	r1,f0
 1800  0000250c  afc1fff4	sw	-12(r30),r1
 1801  00002510  8fc1fff4	lw	r1,-12(r30)
 1802  00002514  08000004	j	L72_LF2
 1803  00002518  54000000	nop; delay slot nop
 1804  0000251c          	L72_LF2:
 1805  0000251c  8fa20000	lw	r2,0(r29)
 1806  00002520  8fdffff8	lw	r31,-8(r30)
 1807  00002524  001ee820	add	r29,r0,r30
 1808  00002528  8fdefffc	lw	r30,-4(r30)
 1809  0000252c  4be00000	jr	r31
 1810  00002530  54000000	nop
 1811  00002534          	.endproc _dstrtol
 1812  00002534          	.align 2
 1813  00002534          	.proc _bcopy
 1814  00002534          	.global _bcopy
 1815  00002534          	_bcopy:
 1816                      ;  Function 'bcopy'; 0 bytes of locals, 2 regs to save.
 1817  00002534  afbefffc	sw	-4(r29),r30; push fp
 1818  00002538  001df020	add	r30,r0,r29; fp = sp
 1819  0000253c  afbffff8	sw	-8(r29),r31; push ret addr
 1820  00002540  2fbd0010	subui	r29,r29,#16; alloc local storage
 1821  00002544  afa20000	sw	0(r29),r2
 1822  00002548  afa30004	sw	4(r29),r3
 1823  0000254c  54000000	nop
 1824  00002550          	L101_LF2:
 1825  00002550  8fc10008	lw	r1,8(r30)
 1826  00002554  2022ffff	addi	r2,r1,#-1
 1827  00002558  afc20008	sw	8(r30),r2
 1828  0000255c  6c210000	sgti	r1,r1,#0
 1829  00002560  1420000c	bnez	r1,L103_LF2
 1830  00002564  54000000	nop; delay slot nop
 1831  00002568  0800002c	j	L102_LF2
 1832  0000256c  54000000	nop; delay slot nop
 1833  00002570          	L103_LF2:
 1834  00002570  8fc10004	lw	r1,4(r30)
 1835  00002574  20220001	addi	r2,r1,#1
 1836  00002578  afc20004	sw	4(r30),r2
 1837  0000257c  8fc20000	lw	r2,(r30)
 1838  00002580  20430001	addi	r3,r2,#1
 1839  00002584  afc30000	sw	(r30),r3
 1840  00002588  80420000	lb	r2,(r2)
 1841  0000258c  a0220000	sb	(r1),r2
 1842  00002590  0bffffbc	j	L101_LF2
 1843  00002594  54000000	nop; delay slot nop
 1844  00002598          	L102_LF2:
 1845  00002598          	L100_LF2:
 1846  00002598  8fa20000	lw	r2,0(r29)
 1847  0000259c  8fa30004	lw	r3,4(r29)
 1848  000025a0  8fdffff8	lw	r31,-8(r30)
 1849  000025a4  001ee820	add	r29,r0,r30
 1850  000025a8  8fdefffc	lw	r30,-4(r30)
 1851  000025ac  4be00000	jr	r31
 1852  000025b0  54000000	nop
 1853  000025b4          	.endproc _bcopy
 1854  000025b4          	.align 2
 1855  000025b4          	.proc _bzero
 1856  000025b4          	.global _bzero
 1857  000025b4          	_bzero:
 1858                      ;  Function 'bzero'; 0 bytes of locals, 1 regs to save.
 1859  000025b4  afbefffc	sw	-4(r29),r30; push fp
 1860  000025b8  001df020	add	r30,r0,r29; fp = sp
 1861  000025bc  afbffff8	sw	-8(r29),r31; push ret addr
 1862  000025c0  2fbd0010	subui	r29,r29,#16; alloc local storage
 1863  000025c4  afa20000	sw	0(r29),r2
 1864  000025c8  54000000	nop
 1865  000025cc          	L105_LF2:
 1866  000025cc  8fc10004	lw	r1,4(r30)
 1867  000025d0  2022ffff	addi	r2,r1,#-1
 1868  000025d4  afc20004	sw	4(r30),r2
 1869  000025d8  6c210000	sgti	r1,r1,#0
 1870  000025dc  1420000c	bnez	r1,L107_LF2
 1871  000025e0  54000000	nop; delay slot nop
 1872  000025e4  08000020	j	L106_LF2
 1873  000025e8  54000000	nop; delay slot nop
 1874  000025ec          	L107_LF2:
 1875  000025ec  8fc10000	lw	r1,(r30)
 1876  000025f0  20220001	addi	r2,r1,#1
 1877  000025f4  afc20000	sw	(r30),r2
 1878  000025f8  20020000	addi	r2,r0,(#0x0)&0xff
 1879  000025fc  a0220000	sb	(r1),r2
 1880  00002600  0bffffc8	j	L105_LF2
 1881  00002604  54000000	nop; delay slot nop
 1882  00002608          	L106_LF2:
 1883  00002608          	L104_LF2:
 1884  00002608  8fa20000	lw	r2,0(r29)
 1885  0000260c  8fdffff8	lw	r31,-8(r30)
 1886  00002610  001ee820	add	r29,r0,r30
 1887  00002614  8fdefffc	lw	r30,-4(r30)
 1888  00002618  4be00000	jr	r31
 1889  0000261c  54000000	nop
 1890  00002620          	.endproc _bzero
 1891  00002620          	.align 2
 1892  00002620          	.proc _min
 1893  00002620          	.global _min
 1894  00002620          	_min:
 1895                      ;  Function 'min'; 0 bytes of locals, 2 regs to save.
 1896  00002620  afbefffc	sw	-4(r29),r30; push fp
 1897  00002624  001df020	add	r30,r0,r29; fp = sp
 1898  00002628  afbffff8	sw	-8(r29),r31; push ret addr
 1899  0000262c  2fbd0010	subui	r29,r29,#16; alloc local storage
 1900  00002630  afa20000	sw	0(r29),r2
 1901  00002634  afa30004	sw	4(r29),r3
 1902  00002638  8fc10000	lw	r1,(r30)
 1903  0000263c  8fc20004	lw	r2,4(r30)
 1904  00002640  0022182c	sle	r3,r1,r2
 1905  00002644  14600008	bnez	r3,L109_LF2
 1906  00002648  54000000	nop; delay slot nop
 1907  0000264c  8fc10004	lw	r1,4(r30)
 1908  00002650          	L109_LF2:
 1909  00002650  08000004	j	L108_LF2
 1910  00002654  54000000	nop; delay slot nop
 1911  00002658          	L108_LF2:
 1912  00002658  8fa20000	lw	r2,0(r29)
 1913  0000265c  8fa30004	lw	r3,4(r29)
 1914  00002660  8fdffff8	lw	r31,-8(r30)
 1915  00002664  001ee820	add	r29,r0,r30
 1916  00002668  8fdefffc	lw	r30,-4(r30)
 1917  0000266c  4be00000	jr	r31
 1918  00002670  54000000	nop
 1919  00002674          	.endproc _min
 1920  00002674          	.align 2
 1921  00002674          	.proc _max
 1922  00002674          	.global _max
 1923  00002674          	_max:
 1924                      ;  Function 'max'; 0 bytes of locals, 2 regs to save.
 1925  00002674  afbefffc	sw	-4(r29),r30; push fp
 1926  00002678  001df020	add	r30,r0,r29; fp = sp
 1927  0000267c  afbffff8	sw	-8(r29),r31; push ret addr
 1928  00002680  2fbd0010	subui	r29,r29,#16; alloc local storage
 1929  00002684  afa20000	sw	0(r29),r2
 1930  00002688  afa30004	sw	4(r29),r3
 1931  0000268c  8fc10000	lw	r1,(r30)
 1932  00002690  8fc20004	lw	r2,4(r30)
 1933  00002694  0022182d	sge	r3,r1,r2
 1934  00002698  14600008	bnez	r3,L111_LF2
 1935  0000269c  54000000	nop; delay slot nop
 1936  000026a0  8fc10004	lw	r1,4(r30)
 1937  000026a4          	L111_LF2:
 1938  000026a4  08000004	j	L110_LF2
 1939  000026a8  54000000	nop; delay slot nop
 1940  000026ac          	L110_LF2:
 1941  000026ac  8fa20000	lw	r2,0(r29)
 1942  000026b0  8fa30004	lw	r3,4(r29)
 1943  000026b4  8fdffff8	lw	r31,-8(r30)
 1944  000026b8  001ee820	add	r29,r0,r30
 1945  000026bc  8fdefffc	lw	r30,-4(r30)
 1946  000026c0  4be00000	jr	r31
 1947  000026c4  54000000	nop
 1948  000026c8          	.endproc _max
 1949                      ;;; Ethan L. Miller, 1999.  Released to the public domain
 1950                      ;;;
 1951                      ;;; Most of the traps are called in files from libtraps.
 1954  000026c8          	.align 2
 1955  000026c8          	.proc _exit
 1956  000026c8          	.global _exit
 1957  000026c8          	_exit:
 1958  000026c8  44000300	trap	#0x300
 1959  000026cc  4be00000	jr	r31
 1960  000026d0  54000000	nop
 1961  000026d4          	.endproc _exit
 1963                      ; for the benefit of gcc.
 1964  000026d4          	.proc ___main
 1965  000026d4          	.global ___main
 1966  000026d4          	___main:
 1967  000026d4  4be00000	jr	r31
 1968  000026d8  54000000	nop
 1969  000026dc          	.endproc ___main
 1970  000026dc          	.text
 1971  000026dc          	.global _etext
 1972  000026dc          	_etext:
 1973  000026dc          	.align 3
 1974  000026e0          	.data
 1975  000031b2          	.global _edata
 1976  000031b2          	_edata:
