 line   address	contents
    1                      ; Linked by DLX-LD.
    2                      ; MemSize 24576
    3                      ; Data size: 204
    4                      ; Text size: 5264
    5                      ; Stack size: 8192
    6  00000000          	.text 0x1000
    7  00001000          	.data 0x3000
    8                      ; Compiled by GCC
    9  00003000          	.text
   10  00001000          	.align 2
   11  00001000          	.proc _isspace
   12  00001000          	.global _isspace
   13  00001000          	_isspace:
   14                      ;  Function 'isspace'; 0 bytes of locals, 1 regs to save.
   15  00001000  afbefffc	sw	-4(r29),r30; push fp
   16  00001004  001df020	add	r30,r0,r29; fp = sp
   17  00001008  afbffff8	sw	-8(r29),r31; push ret addr
   18  0000100c  2fbd0010	subui	r29,r29,#16; alloc local storage
   19  00001010  afa20000	sw	0(r29),r2
   20  00001014  83c20003	lb	r2,3(r30)
   21  00001018  201f0000	addi	r31,r0,#0
   22  0000101c  304100ff	andi	r1,r2,#0x00ff
   23  00001020  60210020	seqi	r1,r1,#32
   24  00001024  14200018	bnez	r1,L6_LF0
   25  00001028  54000000	nop; not filled.
   26  0000102c  2041fff7	addi	r1,r2,#-9
   27  00001030  302100ff	andi	r1,r1,#0x00ff
   28  00001034  70210001	sleui	r1,r1,#1
   29  00001038  10200008	beqz	r1,L5_LF0
   30  0000103c  54000000	nop; not filled.
   31  00001040          	L6_LF0:
   32  00001040  201f0001	addi	r31,r0,#1
   33  00001044          	L5_LF0:
   34  00001044  001f0820	add	r1,r0,r31
   35  00001048  8fa20000	lw	r2,0(r29)
   36  0000104c  8fdffff8	lw	r31,-8(r30)
   37  00001050  001ee820	add	r29,r0,r30
   38  00001054  8fdefffc	lw	r30,-4(r30)
   39  00001058  4be00000	jr	r31
   40  0000105c  54000000	nop
   41  00001060          	.endproc _isspace
   42  00001060          	.align 2
   43  00001060          	.proc _isxdigit
   44  00001060          	.global _isxdigit
   45  00001060          	_isxdigit:
   46                      ;  Function 'isxdigit'; 0 bytes of locals, 1 regs to save.
   47  00001060  afbefffc	sw	-4(r29),r30; push fp
   48  00001064  001df020	add	r30,r0,r29; fp = sp
   49  00001068  afbffff8	sw	-8(r29),r31; push ret addr
   50  0000106c  2fbd0010	subui	r29,r29,#16; alloc local storage
   51  00001070  afa20000	sw	0(r29),r2
   52  00001074  83df0003	lb	r31,3(r30)
   53  00001078  20020000	addi	r2,r0,#0
   54  0000107c  23e1ffd0	addi	r1,r31,#-48
   55  00001080  302100ff	andi	r1,r1,#0x00ff
   56  00001084  70210009	sleui	r1,r1,#9
   57  00001088  14200028	bnez	r1,L12_LF0
   58  0000108c  54000000	nop; not filled.
   59  00001090  23e1ff9f	addi	r1,r31,#-97
   60  00001094  302100ff	andi	r1,r1,#0x00ff
   61  00001098  70210005	sleui	r1,r1,#5
   62  0000109c  14200014	bnez	r1,L12_LF0
   63  000010a0  54000000	nop; not filled.
   64  000010a4  33e100ff	andi	r1,r31,#0x00ff
   65  000010a8  64210041	snei	r1,r1,#65
   66  000010ac  14200008	bnez	r1,L11_LF0
   67  000010b0  54000000	nop; not filled.
   68  000010b4          	L12_LF0:
   69  000010b4  20020001	addi	r2,r0,#1
   70  000010b8          	L11_LF0:
   71  000010b8  00020820	add	r1,r0,r2
   72  000010bc  8fa20000	lw	r2,0(r29)
   73  000010c0  8fdffff8	lw	r31,-8(r30)
   74  000010c4  001ee820	add	r29,r0,r30
   75  000010c8  8fdefffc	lw	r30,-4(r30)
   76  000010cc  4be00000	jr	r31
   77  000010d0  54000000	nop
   78  000010d4          	.endproc _isxdigit
   79  000010d4          	.data
   80  00003000          	.align 2
   81  00003000          	LC0_LF0:
   82  00003000  436f6e73	.ascii "Consumer PID: %d\n\000"
   82  00003004  756d6572	
   82  00003008  20504944	
   82  0000300c  3a202564	
   82  00003010  0a00    	
   83  00003012          	.align 2
   84  00003014          	LC1_LF0:
   85  00003014  57726f6e	.ascii "Wrong number of arguments!\n\000"
   85  00003018  67206e75	
   85  0000301c  6d626572	
   85  00003020  206f6620	
   85  00003024  61726775	
   85  00003028  6d656e74	
   85  0000302c  73210a00	
   86  00003030          	.align 2
   87  00003030          	LC2_LF0:
   88  00003030  6d626f78	.ascii "mbox opening failed!\n\000"
   88  00003034  206f7065	
   88  00003038  6e696e67	
   88  0000303c  20666169	
   88  00003040  6c656421	
   88  00003044  0a00    	
   89  00003046          	.align 2
   90  00003048          	LC3_LF0:
   91  00003048  3100    	.ascii "1\000"
   92  0000304a          	.align 2
   93  0000304c          	LC4_LF0:
   94  0000304c  52656163	.ascii "Reaction 1\n\000"
   94  00003050  74696f6e	
   94  00003054  20310a00	
   95  00003058          	.align 2
   96  00003058          	LC5_LF0:
   97  00003058  202d3e20	.ascii " -> S + S\000"
   97  0000305c  53202b20	
   97  00003060  5300    	
   98  00003062          	.align 2
   99  00003064          	LC6_LF0:
  100  00003064  5300    	.ascii "S\000"
  101  00003066          	.align 2
  102  00003068          	LC7_LF0:
  103  00003068  25730a00	.ascii "%s\n\000"
  104  0000306c          	.align 2
  105  0000306c          	LC8_LF0:
  106  0000306c  3200    	.ascii "2\000"
  107  0000306e          	.align 2
  108  00003070          	LC9_LF0:
  109  00003070  52656163	.ascii "Reaction 2\n\000"
  109  00003074  74696f6e	
  109  00003078  20320a00	
  110  0000307c          	.align 2
  111  0000307c          	LC10_LF0:
  112  0000307c  32433200	.ascii "2C2\000"
  113  00003080          	.align 2
  114  00003080          	LC11_LF0:
  115  00003080  34434f20	.ascii "4CO -> 2O2 + 2C2\n\000"
  115  00003084  2d3e2032	
  115  00003088  4f32202b	
  115  0000308c  20324332	
  115  00003090  0a00    	
  116  00003092          	.align 2
  117  00003094          	LC12_LF0:
  118  00003094  3300    	.ascii "3\000"
  119  00003096          	.align 2
  120  00003098          	LC13_LF0:
  121  00003098  52656163	.ascii "Reaction 3\n\000"
  121  0000309c  74696f6e	
  121  000030a0  20330a00	
  122  000030a4          	.align 2
  123  000030a4          	LC14_LF0:
  124  000030a4  202b2000	.ascii " + \000"
  125  000030a8          	.align 2
  126  000030a8          	LC15_LF0:
  127  000030a8  202d3e20	.ascii " -> SO4\000"
  127  000030ac  534f3400	
  128  000030b0          	.align 2
  129  000030b0          	LC16_LF0:
  130  000030b0  4661696c	.ascii "Failed to signal semaphore\n\000"
  130  000030b4  65642074	
  130  000030b8  6f207369	
  130  000030bc  676e616c	
  130  000030c0  2073656d	
  130  000030c4  6170686f	
  130  000030c8  72650a00	
  131  000030cc          	.text
  132  000010d4          	.align 2
  133  000010d4          	.proc _main
  134  000010d4          	.global _main
  135  000010d4          	_main:
  136                      ;  Function 'main'; 32 bytes of locals, 0 regs to save.
  137  000010d4  afbefffc	sw	-4(r29),r30; push fp
  138  000010d8  001df020	add	r30,r0,r29; fp = sp
  139  000010dc  afbffff8	sw	-8(r29),r31; push ret addr
  140  000010e0  2fbd0028	subui	r29,r29,#40; alloc local storage
  141  000010e4  8fc20000	lw	r2,(r30)
  142  000010e8  8fc40004	lw	r4,4(r30)
  143  000010ec  0c001398	jal	___main
  144  000010f0  54000000	nop; not filled.
  145  000010f4  0c0004ec	jal	_getpid
  146  000010f8  54000000	nop; not filled.
  147  000010fc  23bdfff8	addi	r29,r29,#-8
  148  00001100  3c070000	lhi	r7,((LC0_LF0)>>16)&0xffff
  149  00001104  24e73000	addui	r7,r7,(LC0_LF0)&0xffff
  150  00001108  afa70000	sw	(r29),r7
  151  0000110c  afa10004	sw	4(r29),r1
  152  00001110  0c0004c4	jal	_Printf
  153  00001114  54000000	nop; not filled.
  154  00001118  23bd0008	addi	r29,r29,#8
  155  0000111c  64410005	snei	r1,r2,#5
  156  00001120  10200028	beqz	r1,L14_LF0
  157  00001124  54000000	nop; not filled.
  158  00001128  23bdfff8	addi	r29,r29,#-8
  159  0000112c  3c070000	lhi	r7,((LC1_LF0)>>16)&0xffff
  160  00001130  24e73014	addui	r7,r7,(LC1_LF0)&0xffff
  161  00001134  afa70000	sw	(r29),r7
  162  00001138  0c00049c	jal	_Printf
  163  0000113c  54000000	nop; not filled.
  164  00001140  0c00059c	jal	_Exit
  165  00001144  54000000	nop; not filled.
  166  00001148  23bd0008	addi	r29,r29,#8
  167  0000114c          	L14_LF0:
  168  0000114c  23bdfff0	addi	r29,r29,#-16
  169  00001150  8c870004	lw	r7,4(r4)
  170  00001154  afa70000	sw	(r29),r7
  171  00001158  20070000	addi	r7,r0,#0
  172  0000115c  afa70004	sw	4(r29),r7
  173  00001160  2007000a	addi	r7,r0,#10
  174  00001164  afa70008	sw	8(r29),r7
  175  00001168  0c000e20	jal	_dstrtol
  176  0000116c  54000000	nop; not filled.
  177  00001170  00011820	add	r3,r0,r1
  178  00001174  8c870008	lw	r7,8(r4)
  179  00001178  afa70000	sw	(r29),r7
  180  0000117c  20070000	addi	r7,r0,#0
  181  00001180  afa70004	sw	4(r29),r7
  182  00001184  2007000a	addi	r7,r0,#10
  183  00001188  afa70008	sw	8(r29),r7
  184  0000118c  0c000dfc	jal	_dstrtol
  185  00001190  54000000	nop; not filled.
  186  00001194  00012820	add	r5,r0,r1
  187  00001198  afa30000	sw	(r29),r3
  188  0000119c  0c0004f8	jal	_mbox_open
  189  000011a0  54000000	nop; not filled.
  190  000011a4  23bd0010	addi	r29,r29,#16
  191  000011a8  6021ffff	seqi	r1,r1,#-1
  192  000011ac  10200028	beqz	r1,L15_LF0
  193  000011b0  54000000	nop; not filled.
  194  000011b4  23bdfff8	addi	r29,r29,#-8
  195  000011b8  3c070000	lhi	r7,((LC2_LF0)>>16)&0xffff
  196  000011bc  24e73030	addui	r7,r7,(LC2_LF0)&0xffff
  197  000011c0  afa70000	sw	(r29),r7
  198  000011c4  0c000410	jal	_Printf
  199  000011c8  54000000	nop; not filled.
  200  000011cc  0c000510	jal	_Exit
  201  000011d0  54000000	nop; not filled.
  202  000011d4  23bd0008	addi	r29,r29,#8
  203  000011d8          	L15_LF0:
  204  000011d8  23bdfff8	addi	r29,r29,#-8
  205  000011dc  afa50000	sw	(r29),r5
  206  000011e0  0c0004b4	jal	_mbox_open
  207  000011e4  54000000	nop; not filled.
  208  000011e8  23bd0008	addi	r29,r29,#8
  209  000011ec  6021ffff	seqi	r1,r1,#-1
  210  000011f0  10200028	beqz	r1,L16_LF0
  211  000011f4  54000000	nop; not filled.
  212  000011f8  23bdfff8	addi	r29,r29,#-8
  213  000011fc  3c070000	lhi	r7,((LC2_LF0)>>16)&0xffff
  214  00001200  24e73030	addui	r7,r7,(LC2_LF0)&0xffff
  215  00001204  afa70000	sw	(r29),r7
  216  00001208  0c0003cc	jal	_Printf
  217  0000120c  54000000	nop; not filled.
  218  00001210  0c0004cc	jal	_Exit
  219  00001214  54000000	nop; not filled.
  220  00001218  23bd0008	addi	r29,r29,#8
  221  0000121c          	L16_LF0:
  222  0000121c  23bdfff0	addi	r29,r29,#-16
  223  00001220  8c87000c	lw	r7,12(r4)
  224  00001224  afa70000	sw	(r29),r7
  225  00001228  20070000	addi	r7,r0,#0
  226  0000122c  afa70004	sw	4(r29),r7
  227  00001230  2007000a	addi	r7,r0,#10
  228  00001234  afa70008	sw	8(r29),r7
  229  00001238  0c000d50	jal	_dstrtol
  230  0000123c  54000000	nop; not filled.
  231  00001240  00013020	add	r6,r0,r1
  232  00001244  8c870010	lw	r7,16(r4)
  233  00001248  afa70000	sw	(r29),r7
  234  0000124c  3c010000	lhi	r1,((LC3_LF0)>>16)&0xffff
  235  00001250  24213048	addui	r1,r1,(LC3_LF0)&0xffff
  236  00001254  afa10004	sw	4(r29),r1
  237  00001258  20070001	addi	r7,r0,#1
  238  0000125c  afa70008	sw	8(r29),r7
  239  00001260  0c0007a8	jal	_dstrncmp
  240  00001264  54000000	nop; not filled.
  241  00001268  23bd0010	addi	r29,r29,#16
  242  0000126c  64210000	snei	r1,r1,#0
  243  00001270  142000c8	bnez	r1,L17_LF0
  244  00001274  54000000	nop; not filled.
  245  00001278  23bdfff8	addi	r29,r29,#-8
  246  0000127c  3c070000	lhi	r7,((LC4_LF0)>>16)&0xffff
  247  00001280  24e7304c	addui	r7,r7,(LC4_LF0)&0xffff
  248  00001284  afa70000	sw	(r29),r7
  249  00001288  0c00034c	jal	_Printf
  250  0000128c  54000000	nop; not filled.
  251  00001290  23bdfff8	addi	r29,r29,#-8
  252  00001294  afa30000	sw	(r29),r3
  253  00001298  20070014	addi	r7,r0,#20
  254  0000129c  afa70004	sw	4(r29),r7
  255  000012a0  23c4ffe0	addi	r4,r30,#-32
  256  000012a4  afa40008	sw	8(r29),r4
  257  000012a8  0c000410	jal	_mbox_recv
  258  000012ac  54000000	nop; not filled.
  259  000012b0  afa40000	sw	(r29),r4
  260  000012b4  3c010000	lhi	r1,((LC5_LF0)>>16)&0xffff
  261  000012b8  24213058	addui	r1,r1,(LC5_LF0)&0xffff
  262  000012bc  afa10004	sw	4(r29),r1
  263  000012c0  0c0006b0	jal	_dstrcat
  264  000012c4  54000000	nop; not filled.
  265  000012c8  23c3ffd8	addi	r3,r30,#-40
  266  000012cc  afa30000	sw	(r29),r3
  267  000012d0  3c020000	lhi	r2,((LC6_LF0)>>16)&0xffff
  268  000012d4  24423064	addui	r2,r2,(LC6_LF0)&0xffff
  269  000012d8  afa20004	sw	4(r29),r2
  270  000012dc  0c00055c	jal	_dstrcpy
  271  000012e0  54000000	nop; not filled.
  272  000012e4  afa20000	sw	(r29),r2
  273  000012e8  0c000870	jal	_dstrlen
  274  000012ec  54000000	nop; not filled.
  275  000012f0  afa50000	sw	(r29),r5
  276  000012f4  afa10004	sw	4(r29),r1
  277  000012f8  afa30008	sw	8(r29),r3
  278  000012fc  0c0003b0	jal	_mbox_send
  279  00001300  54000000	nop; not filled.
  280  00001304  afa20000	sw	(r29),r2
  281  00001308  0c000850	jal	_dstrlen
  282  0000130c  54000000	nop; not filled.
  283  00001310  afa50000	sw	(r29),r5
  284  00001314  afa10004	sw	4(r29),r1
  285  00001318  afa30008	sw	8(r29),r3
  286  0000131c  0c000390	jal	_mbox_send
  287  00001320  54000000	nop; not filled.
  288  00001324  3c070000	lhi	r7,((LC7_LF0)>>16)&0xffff
  289  00001328  24e73068	addui	r7,r7,(LC7_LF0)&0xffff
  290  0000132c  afa70000	sw	(r29),r7
  291  00001330  afa40004	sw	4(r29),r4
  292  00001334  08000200	j	L23_LF0
  293  00001338  54000000	nop; not filled.
  294  0000133c          	L17_LF0:
  295  0000133c  23bdfff0	addi	r29,r29,#-16
  296  00001340  8c870010	lw	r7,16(r4)
  297  00001344  afa70000	sw	(r29),r7
  298  00001348  3c010000	lhi	r1,((LC8_LF0)>>16)&0xffff
  299  0000134c  2421306c	addui	r1,r1,(LC8_LF0)&0xffff
  300  00001350  afa10004	sw	4(r29),r1
  301  00001354  20070001	addi	r7,r0,#1
  302  00001358  afa70008	sw	8(r29),r7
  303  0000135c  0c0006ac	jal	_dstrncmp
  304  00001360  54000000	nop; not filled.
  305  00001364  23bd0010	addi	r29,r29,#16
  306  00001368  64210000	snei	r1,r1,#0
  307  0000136c  142000e0	bnez	r1,L19_LF0
  308  00001370  54000000	nop; not filled.
  309  00001374  23bdfff8	addi	r29,r29,#-8
  310  00001378  3c070000	lhi	r7,((LC9_LF0)>>16)&0xffff
  311  0000137c  24e73070	addui	r7,r7,(LC9_LF0)&0xffff
  312  00001380  afa70000	sw	(r29),r7
  313  00001384  0c000250	jal	_Printf
  314  00001388  54000000	nop; not filled.
  315  0000138c  23c2ffe0	addi	r2,r30,#-32
  316  00001390  afa20000	sw	(r29),r2
  317  00001394  0c0007c4	jal	_dstrlen
  318  00001398  54000000	nop; not filled.
  319  0000139c  23bdfff8	addi	r29,r29,#-8
  320  000013a0  afa30000	sw	(r29),r3
  321  000013a4  afa10004	sw	4(r29),r1
  322  000013a8  afa20008	sw	8(r29),r2
  323  000013ac  0c00030c	jal	_mbox_recv
  324  000013b0  54000000	nop; not filled.
  325  000013b4  afa20000	sw	(r29),r2
  326  000013b8  0c0007a0	jal	_dstrlen
  327  000013bc  54000000	nop; not filled.
  328  000013c0  afa30000	sw	(r29),r3
  329  000013c4  afa10004	sw	4(r29),r1
  330  000013c8  afa20008	sw	8(r29),r2
  331  000013cc  0c0002ec	jal	_mbox_recv
  332  000013d0  54000000	nop; not filled.
  333  000013d4  afa20000	sw	(r29),r2
  334  000013d8  0c000780	jal	_dstrlen
  335  000013dc  54000000	nop; not filled.
  336  000013e0  afa30000	sw	(r29),r3
  337  000013e4  afa10004	sw	4(r29),r1
  338  000013e8  afa20008	sw	8(r29),r2
  339  000013ec  0c0002cc	jal	_mbox_recv
  340  000013f0  54000000	nop; not filled.
  341  000013f4  afa20000	sw	(r29),r2
  342  000013f8  0c000760	jal	_dstrlen
  343  000013fc  54000000	nop; not filled.
  344  00001400  afa30000	sw	(r29),r3
  345  00001404  afa10004	sw	4(r29),r1
  346  00001408  afa20008	sw	8(r29),r2
  347  0000140c  0c0002ac	jal	_mbox_recv
  348  00001410  54000000	nop; not filled.
  349  00001414  3c070000	lhi	r7,((LC10_LF0)>>16)&0xffff
  350  00001418  24e7307c	addui	r7,r7,(LC10_LF0)&0xffff
  351  0000141c  afa70000	sw	(r29),r7
  352  00001420  0c000738	jal	_dstrlen
  353  00001424  54000000	nop; not filled.
  354  00001428  afa50000	sw	(r29),r5
  355  0000142c  afa10004	sw	4(r29),r1
  356  00001430  23c1ffd8	addi	r1,r30,#-40
  357  00001434  afa10008	sw	8(r29),r1
  358  00001438  0c000274	jal	_mbox_send
  359  0000143c  54000000	nop; not filled.
  360  00001440  3c070000	lhi	r7,((LC11_LF0)>>16)&0xffff
  361  00001444  24e73080	addui	r7,r7,(LC11_LF0)&0xffff
  362  00001448  080000e4	j	L24_LF0
  363  0000144c  54000000	nop; not filled.
  364  00001450          	L19_LF0:
  365  00001450  23bdfff0	addi	r29,r29,#-16
  366  00001454  8c840014	lw	r4,20(r4)
  367  00001458  afa40000	sw	(r29),r4
  368  0000145c  3c010000	lhi	r1,((LC12_LF0)>>16)&0xffff
  369  00001460  24213094	addui	r1,r1,(LC12_LF0)&0xffff
  370  00001464  afa10004	sw	4(r29),r1
  371  00001468  afa70008	sw	8(r29),r7
  372  0000146c  0c00059c	jal	_dstrncmp
  373  00001470  54000000	nop; not filled.
  374  00001474  23bd0010	addi	r29,r29,#16
  375  00001478  64210000	snei	r1,r1,#0
  376  0000147c  142000c4	bnez	r1,L18_LF0
  377  00001480  54000000	nop; not filled.
  378  00001484  23bdfff8	addi	r29,r29,#-8
  379  00001488  3c070000	lhi	r7,((LC13_LF0)>>16)&0xffff
  380  0000148c  24e73098	addui	r7,r7,(LC13_LF0)&0xffff
  381  00001490  afa70000	sw	(r29),r7
  382  00001494  0c000140	jal	_Printf
  383  00001498  54000000	nop; not filled.
  384  0000149c  23c2ffe0	addi	r2,r30,#-32
  385  000014a0  afa20000	sw	(r29),r2
  386  000014a4  0c0006b4	jal	_dstrlen
  387  000014a8  54000000	nop; not filled.
  388  000014ac  23bdfff8	addi	r29,r29,#-8
  389  000014b0  afa30000	sw	(r29),r3
  390  000014b4  afa10004	sw	4(r29),r1
  391  000014b8  afa20008	sw	8(r29),r2
  392  000014bc  0c0001fc	jal	_mbox_recv
  393  000014c0  54000000	nop; not filled.
  394  000014c4  afa20000	sw	(r29),r2
  395  000014c8  0c000690	jal	_dstrlen
  396  000014cc  54000000	nop; not filled.
  397  000014d0  afa50000	sw	(r29),r5
  398  000014d4  afa10004	sw	4(r29),r1
  399  000014d8  23c3ffd8	addi	r3,r30,#-40
  400  000014dc  afa30008	sw	8(r29),r3
  401  000014e0  0c0001d8	jal	_mbox_recv
  402  000014e4  54000000	nop; not filled.
  403  000014e8  afa20000	sw	(r29),r2
  404  000014ec  3c010000	lhi	r1,((LC14_LF0)>>16)&0xffff
  405  000014f0  242130a4	addui	r1,r1,(LC14_LF0)&0xffff
  406  000014f4  afa10004	sw	4(r29),r1
  407  000014f8  0c000478	jal	_dstrcat
  408  000014fc  54000000	nop; not filled.
  409  00001500  afa20000	sw	(r29),r2
  410  00001504  afa30004	sw	4(r29),r3
  411  00001508  0c000468	jal	_dstrcat
  412  0000150c  54000000	nop; not filled.
  413  00001510  afa20000	sw	(r29),r2
  414  00001514  3c010000	lhi	r1,((LC15_LF0)>>16)&0xffff
  415  00001518  242130a8	addui	r1,r1,(LC15_LF0)&0xffff
  416  0000151c  afa10004	sw	4(r29),r1
  417  00001520  0c000450	jal	_dstrcat
  418  00001524  54000000	nop; not filled.
  419  00001528  3c070000	lhi	r7,((LC7_LF0)>>16)&0xffff
  420  0000152c  24e73068	addui	r7,r7,(LC7_LF0)&0xffff
  421  00001530          	L24_LF0:
  422  00001530  afa70000	sw	(r29),r7
  423  00001534  afa20004	sw	4(r29),r2
  424  00001538          	L23_LF0:
  425  00001538  0c00009c	jal	_Printf
  426  0000153c  54000000	nop; not filled.
  427  00001540  23bd0010	addi	r29,r29,#16
  428  00001544          	L18_LF0:
  429  00001544  23bdfff8	addi	r29,r29,#-8
  430  00001548  afa60000	sw	(r29),r6
  431  0000154c  0c0000dc	jal	_sem_signal
  432  00001550  54000000	nop; not filled.
  433  00001554  23bd0008	addi	r29,r29,#8
  434  00001558  6021ffff	seqi	r1,r1,#-1
  435  0000155c  10200028	beqz	r1,L22_LF0
  436  00001560  54000000	nop; not filled.
  437  00001564  23bdfff8	addi	r29,r29,#-8
  438  00001568  3c070000	lhi	r7,((LC16_LF0)>>16)&0xffff
  439  0000156c  24e730b0	addui	r7,r7,(LC16_LF0)&0xffff
  440  00001570  afa70000	sw	(r29),r7
  441  00001574  0c000060	jal	_Printf
  442  00001578  54000000	nop; not filled.
  443  0000157c  0c000160	jal	_Exit
  444  00001580  54000000	nop; not filled.
  445  00001584  23bd0008	addi	r29,r29,#8
  446  00001588          	L22_LF0:
  447  00001588  0c000ef0	jal	_exit
  448  0000158c  54000000	nop
  449  00001590          	.endproc _main
  450                      ;;;
  451                      ;;; Stub functions for DLX traps.
  452                      ;;;
  453                      ;;; Ethan L. Miller, 1999.  Released to the public domain.
  454                      ;;;
  455                      ;;; The traps such as Open and Close
  456                      ;;; (note the capital letters) are for use by user programs.  The traps
  457                      ;;; with names such as open and close (lower case) are for use by the OS.
  458                      ;;;
  461  00001590          	.align 2
  463                      ;;; The following are the traps to be used by user-level programs
  464                      ;;;
  466  00001590          	.align 2
  467  00001590          	.proc _Open
  468  00001590          	.global _Open
  469  00001590          	_Open:
  470                      ;;; Note that trap #0x213 actually causes a trap vector in the OS of
  471                      ;;; 0x1213.  The same is true for other user traps.  Thus, a user trap
  472                      ;;; with trap #0x240 will result in a trap vector of 0x1240 in the OS.
  473  00001590  44000213	trap	#0x213
  474  00001594  4be00000	jr	r31
  475  00001598  54000000	nop
  476  0000159c          	.endproc _Open
  478  0000159c          	.proc _Close
  479  0000159c          	.global _Close
  480  0000159c          	_Close:
  481  0000159c  44000214	trap	#0x214
  482  000015a0  4be00000	jr	r31
  483  000015a4  54000000	nop
  484  000015a8          	.endproc _Close
  486  000015a8          	.proc _Read
  487  000015a8          	.global _Read
  488  000015a8          	_Read:
  489  000015a8  44000210	trap	#0x210
  490  000015ac  4be00000	jr	r31
  491  000015b0  54000000	nop
  492  000015b4          	.endproc _Read
  494  000015b4          	.proc _Write
  495  000015b4          	.global _Write
  496  000015b4          	_Write:
  497  000015b4  44000211	trap	#0x211
  498  000015b8  4be00000	jr	r31
  499  000015bc  54000000	nop
  500  000015c0          	.endproc _Write
  502  000015c0          	.proc _Lseek
  503  000015c0          	.global _Lseek
  504  000015c0          	_Lseek:
  505  000015c0  44000212	trap	#0x212
  506  000015c4  4be00000	jr	r31
  507  000015c8  54000000	nop
  508  000015cc          	.endproc _Lseek
  510  000015cc          	.proc _Putchar
  511  000015cc          	.global _Putchar
  512  000015cc          	_Putchar:
  513  000015cc  44000280	trap	#0x280
  514  000015d0  4be00000	jr	r31
  515  000015d4  54000000	nop
  516  000015d8          	.endproc _Putchar
  518  000015d8          	.proc _Printf
  519  000015d8          	.global _Printf
  520  000015d8          	_Printf:
  521  000015d8  44000201	trap	#0x201
  522  000015dc  4be00000	jr	r31
  523  000015e0  54000000	nop
  524  000015e4          	.endproc _Printf
  526  000015e4          	.proc _getpid
  527  000015e4          	.global _getpid
  528  000015e4          	_getpid:
  529  000015e4  44000431	trap	#0x431
  530  000015e8  4be00000	jr	r31
  531  000015ec  54000000	nop
  532  000015f0          	.endproc _getpid
  534  000015f0          	.proc _process_create
  535  000015f0          	.global _process_create
  536  000015f0          	_process_create:
  537  000015f0  44000432	trap	#0x432
  538  000015f4  4be00000	jr	r31
  539  000015f8  54000000	nop
  540  000015fc          	.endproc _process_create
  542  000015fc          	.proc _shmget
  543  000015fc          	.global _shmget
  544  000015fc          	_shmget:
  545  000015fc  44000440	trap	#0x440
  546  00001600  4be00000	jr	r31
  547  00001604  54000000	nop
  548  00001608          	.endproc _shmget
  550  00001608          	.proc _shmat
  551  00001608          	.global _shmat
  552  00001608          	_shmat:
  553  00001608  44000441	trap	#0x441
  554  0000160c  4be00000	jr	r31
  555  00001610  54000000	nop
  556  00001614          	.endproc _shmat
  558  00001614          	.proc _sem_create
  559  00001614          	.global _sem_create
  560  00001614          	_sem_create:
  561  00001614  44000450	trap	#0x450
  562  00001618  4be00000	jr	r31
  563  0000161c  54000000	nop
  564  00001620          	.endproc _sem_create
  566  00001620          	.proc _sem_wait
  567  00001620          	.global _sem_wait
  568  00001620          	_sem_wait:
  569  00001620  44000451	trap	#0x451
  570  00001624  4be00000	jr	r31
  571  00001628  54000000	nop
  572  0000162c          	.endproc _sem_wait
  574  0000162c          	.proc _sem_signal
  575  0000162c          	.global _sem_signal
  576  0000162c          	_sem_signal:
  577  0000162c  44000452	trap	#0x452
  578  00001630  4be00000	jr	r31
  579  00001634  54000000	nop
  580  00001638          	.endproc _sem_signal
  582  00001638          	.proc _lock_create
  583  00001638          	.global _lock_create
  584  00001638          	_lock_create:
  585  00001638  44000453	trap	#0x453
  586  0000163c  4be00000	jr	r31
  587  00001640  54000000	nop
  588  00001644          	.endproc _lock_create
  590  00001644          	.proc _lock_acquire
  591  00001644          	.global _lock_acquire
  592  00001644          	_lock_acquire:
  593  00001644  44000454	trap	#0x454
  594  00001648  4be00000	jr	r31
  595  0000164c  54000000	nop
  596  00001650          	.endproc _lock_acquire
  598  00001650          	.proc _lock_release
  599  00001650          	.global _lock_release
  600  00001650          	_lock_release:
  601  00001650  44000455	trap	#0x455
  602  00001654  4be00000	jr	r31
  603  00001658  54000000	nop
  604  0000165c          	.endproc _lock_release
  606  0000165c          	.proc _cond_create
  607  0000165c          	.global _cond_create
  608  0000165c          	_cond_create:
  609  0000165c  44000456	trap	#0x456
  610  00001660  4be00000	jr	r31
  611  00001664  54000000	nop
  612  00001668          	.endproc _cond_create
  614  00001668          	.proc _cond_wait
  615  00001668          	.global _cond_wait
  616  00001668          	_cond_wait:
  617  00001668  44000457	trap	#0x457
  618  0000166c  4be00000	jr	r31
  619  00001670  54000000	nop
  620  00001674          	.endproc _cond_wait
  622  00001674          	.proc _cond_signal
  623  00001674          	.global _cond_signal
  624  00001674          	_cond_signal:
  625  00001674  44000458	trap	#0x458
  626  00001678  4be00000	jr	r31
  627  0000167c  54000000	nop
  628  00001680          	.endproc _cond_signal
  630  00001680          	.proc _cond_broadcast
  631  00001680          	.global _cond_broadcast
  632  00001680          	_cond_broadcast:
  633  00001680  44000459	trap	#0x459
  634  00001684  4be00000	jr	r31
  635  00001688  54000000	nop
  636  0000168c          	.endproc _cond_broadcast
  638  0000168c          	.proc _mbox_create
  639  0000168c          	.global _mbox_create
  640  0000168c          	_mbox_create:
  641  0000168c  44000460	trap	#0x460
  642  00001690  4be00000	jr	r31
  643  00001694  54000000	nop
  644  00001698          	.endproc _mbox_create
  646  00001698          	.proc _mbox_open
  647  00001698          	.global _mbox_open
  648  00001698          	_mbox_open:
  649  00001698  44000461	trap	#0x461
  650  0000169c  4be00000	jr	r31
  651  000016a0  54000000	nop
  652  000016a4          	.endproc _mbox_open
  654  000016a4          	.proc _mbox_close
  655  000016a4          	.global _mbox_close
  656  000016a4          	_mbox_close:
  657  000016a4  44000462	trap	#0x462
  658  000016a8  4be00000	jr	r31
  659  000016ac  54000000	nop
  660  000016b0          	.endproc _mbox_close
  662  000016b0          	.proc _mbox_send
  663  000016b0          	.global _mbox_send
  664  000016b0          	_mbox_send:
  665  000016b0  44000463	trap	#0x463
  666  000016b4  4be00000	jr	r31
  667  000016b8  54000000	nop
  668  000016bc          	.endproc _mbox_send
  670  000016bc          	.proc _mbox_recv
  671  000016bc          	.global _mbox_recv
  672  000016bc          	_mbox_recv:
  673  000016bc  44000464	trap	#0x464
  674  000016c0  4be00000	jr	r31
  675  000016c4  54000000	nop
  676  000016c8          	.endproc _mbox_recv
  678  000016c8          	.proc _sleep
  679  000016c8          	.global _sleep
  680  000016c8          	_sleep:
  681  000016c8  44000465	trap	#0x465
  682  000016cc  4be00000	jr	r31
  683  000016d0  54000000	nop
  684  000016d4          	.endproc _sleep
  686  000016d4          	.proc _yield
  687  000016d4          	.global _yield
  688  000016d4          	_yield:
  689  000016d4  44000466	trap	#0x466
  690  000016d8  4be00000	jr	r31
  691  000016dc  54000000	nop
  692  000016e0          	.endproc _yield
  695  000016e0          	.proc _Exit
  696  000016e0          	.global _Exit
  697  000016e0          	_Exit:
  698  000016e0  44000500	trap	#0x500
  699  000016e4  4be00000	jr	r31
  700  000016e8  54000000	nop
  701  000016ec          	.endproc _Exit
  702                      ; Compiled by GCC
  704  000016ec          	.align 2
  705  000016ec          	.proc _isspace
  706  000016ec          	.global _isspace
  707  000016ec          	_isspace:
  708                      ;  Function 'isspace'; 0 bytes of locals, 3 regs to save.
  709  000016ec  afbefffc	sw	-4(r29),r30; push fp
  710  000016f0  001df020	add	r30,r0,r29; fp = sp
  711  000016f4  afbffff8	sw	-8(r29),r31; push ret addr
  712  000016f8  2fbd0018	subui	r29,r29,#24; alloc local storage
  713  000016fc  afa20000	sw	0(r29),r2
  714  00001700  afa30004	sw	4(r29),r3
  715  00001704  afa40008	sw	8(r29),r4
  716  00001708  83c20003	lb	r2,3(r30)
  717  0000170c  20010000	addi	r1,r0,#0
  718  00001710  304300ff	andi	r3,r2,#0x00ff
  719  00001714  60640020	seqi	r4,r3,#32
  720  00001718  1480002c	bnez	r4,L3_LF2
  721  0000171c  54000000	nop; delay slot nop
  722  00001720  304300ff	andi	r3,r2,#0x00ff
  723  00001724  60640009	seqi	r4,r3,#9
  724  00001728  1480001c	bnez	r4,L3_LF2
  725  0000172c  54000000	nop; delay slot nop
  726  00001730  304300ff	andi	r3,r2,#0x00ff
  727  00001734  6064000a	seqi	r4,r3,#10
  728  00001738  1480000c	bnez	r4,L3_LF2
  729  0000173c  54000000	nop; delay slot nop
  730  00001740  08000008	j	L2_LF2
  731  00001744  54000000	nop; delay slot nop
  732  00001748          	L3_LF2:
  733  00001748  20010001	addi	r1,r0,#1
  734  0000174c          	L2_LF2:
  735  0000174c  08000004	j	L1_LF2
  736  00001750  54000000	nop; delay slot nop
  737  00001754          	L1_LF2:
  738  00001754  8fa20000	lw	r2,0(r29)
  739  00001758  8fa30004	lw	r3,4(r29)
  740  0000175c  8fa40008	lw	r4,8(r29)
  741  00001760  8fdffff8	lw	r31,-8(r30)
  742  00001764  001ee820	add	r29,r0,r30
  743  00001768  8fdefffc	lw	r30,-4(r30)
  744  0000176c  4be00000	jr	r31
  745  00001770  54000000	nop
  746  00001774          	.endproc _isspace
  747  00001774          	.align 2
  748  00001774          	.proc _isxdigit
  749  00001774          	.global _isxdigit
  750  00001774          	_isxdigit:
  751                      ;  Function 'isxdigit'; 0 bytes of locals, 3 regs to save.
  752  00001774  afbefffc	sw	-4(r29),r30; push fp
  753  00001778  001df020	add	r30,r0,r29; fp = sp
  754  0000177c  afbffff8	sw	-8(r29),r31; push ret addr
  755  00001780  2fbd0018	subui	r29,r29,#24; alloc local storage
  756  00001784  afa20000	sw	0(r29),r2
  757  00001788  afa30004	sw	4(r29),r3
  758  0000178c  afa40008	sw	8(r29),r4
  759  00001790  83c20003	lb	r2,3(r30)
  760  00001794  20010000	addi	r1,r0,#0
  761  00001798  304300ff	andi	r3,r2,#0x00ff
  762  0000179c  6c64002f	sgtui	r4,r3,#47
  763  000017a0  1080001c	beqz	r4,L7_LF2
  764  000017a4  54000000	nop; delay slot nop
  765  000017a8  304300ff	andi	r3,r2,#0x00ff
  766  000017ac  70640039	sleui	r4,r3,#57
  767  000017b0  1480005c	bnez	r4,L6_LF2
  768  000017b4  54000000	nop; delay slot nop
  769  000017b8  08000004	j	L7_LF2
  770  000017bc  54000000	nop; delay slot nop
  771  000017c0          	L7_LF2:
  772  000017c0  304300ff	andi	r3,r2,#0x00ff
  773  000017c4  6c640060	sgtui	r4,r3,#96
  774  000017c8  1080001c	beqz	r4,L8_LF2
  775  000017cc  54000000	nop; delay slot nop
  776  000017d0  304300ff	andi	r3,r2,#0x00ff
  777  000017d4  70640066	sleui	r4,r3,#102
  778  000017d8  14800034	bnez	r4,L6_LF2
  779  000017dc  54000000	nop; delay slot nop
  780  000017e0  08000004	j	L8_LF2
  781  000017e4  54000000	nop; delay slot nop
  782  000017e8          	L8_LF2:
  783  000017e8  304300ff	andi	r3,r2,#0x00ff
  784  000017ec  6c640040	sgtui	r4,r3,#64
  785  000017f0  10800020	beqz	r4,L5_LF2
  786  000017f4  54000000	nop; delay slot nop
  787  000017f8  304300ff	andi	r3,r2,#0x00ff
  788  000017fc  70640041	sleui	r4,r3,#65
  789  00001800  1480000c	bnez	r4,L6_LF2
  790  00001804  54000000	nop; delay slot nop
  791  00001808  08000008	j	L5_LF2
  792  0000180c  54000000	nop; delay slot nop
  793  00001810          	L6_LF2:
  794  00001810  20010001	addi	r1,r0,#1
  795  00001814          	L5_LF2:
  796  00001814  08000004	j	L4_LF2
  797  00001818  54000000	nop; delay slot nop
  798  0000181c          	L4_LF2:
  799  0000181c  8fa20000	lw	r2,0(r29)
  800  00001820  8fa30004	lw	r3,4(r29)
  801  00001824  8fa40008	lw	r4,8(r29)
  802  00001828  8fdffff8	lw	r31,-8(r30)
  803  0000182c  001ee820	add	r29,r0,r30
  804  00001830  8fdefffc	lw	r30,-4(r30)
  805  00001834  4be00000	jr	r31
  806  00001838  54000000	nop
  807  0000183c          	.endproc _isxdigit
  808  0000183c          	.align 2
  809  0000183c          	.proc _dstrcpy
  810  0000183c          	.global _dstrcpy
  811  0000183c          	_dstrcpy:
  812                      ;  Function 'dstrcpy'; 8 bytes of locals, 2 regs to save.
  813  0000183c  afbefffc	sw	-4(r29),r30; push fp
  814  00001840  001df020	add	r30,r0,r29; fp = sp
  815  00001844  afbffff8	sw	-8(r29),r31; push ret addr
  816  00001848  2fbd0018	subui	r29,r29,#24; alloc local storage
  817  0000184c  afa20000	sw	0(r29),r2
  818  00001850  afa30004	sw	4(r29),r3
  819  00001854  8fc10000	lw	r1,(r30)
  820  00001858  afc1fff4	sw	-12(r30),r1
  821  0000185c          	L10_LF2:
  822  0000185c  8fc10000	lw	r1,(r30)
  823  00001860  20220001	addi	r2,r1,#1
  824  00001864  afc20000	sw	(r30),r2
  825  00001868  8fc20004	lw	r2,4(r30)
  826  0000186c  20430001	addi	r3,r2,#1
  827  00001870  afc30004	sw	4(r30),r3
  828  00001874  80420000	lb	r2,(r2)
  829  00001878  a0220000	sb	(r1),r2
  830  0000187c  a3c2fff3	sb	-13(r30),r2
  831  00001880          	L12_LF2:
  832  00001880  93c1fff3	lbu	r1,-13(r30)
  833  00001884  64220000	snei	r2,r1,#0
  834  00001888  1440000c	bnez	r2,L13_LF2
  835  0000188c  54000000	nop; delay slot nop
  836  00001890  0800000c	j	L11_LF2
  837  00001894  54000000	nop; delay slot nop
  838  00001898          	L13_LF2:
  839  00001898  0bffffc0	j	L10_LF2
  840  0000189c  54000000	nop; delay slot nop
  841  000018a0          	L11_LF2:
  842  000018a0  8fc1fff4	lw	r1,-12(r30)
  843  000018a4  08000004	j	L9_LF2
  844  000018a8  54000000	nop; delay slot nop
  845  000018ac          	L9_LF2:
  846  000018ac  8fa20000	lw	r2,0(r29)
  847  000018b0  8fa30004	lw	r3,4(r29)
  848  000018b4  8fdffff8	lw	r31,-8(r30)
  849  000018b8  001ee820	add	r29,r0,r30
  850  000018bc  8fdefffc	lw	r30,-4(r30)
  851  000018c0  4be00000	jr	r31
  852  000018c4  54000000	nop
  853  000018c8          	.endproc _dstrcpy
  854  000018c8          	.align 2
  855  000018c8          	.proc _dstrncpy
  856  000018c8          	.global _dstrncpy
  857  000018c8          	_dstrncpy:
  858                      ;  Function 'dstrncpy'; 8 bytes of locals, 2 regs to save.
  859  000018c8  afbefffc	sw	-4(r29),r30; push fp
  860  000018cc  001df020	add	r30,r0,r29; fp = sp
  861  000018d0  afbffff8	sw	-8(r29),r31; push ret addr
  862  000018d4  2fbd0018	subui	r29,r29,#24; alloc local storage
  863  000018d8  afa20000	sw	0(r29),r2
  864  000018dc  afa30004	sw	4(r29),r3
  865  000018e0  8fc10000	lw	r1,(r30)
  866  000018e4  afc1fff4	sw	-12(r30),r1
  867  000018e8          	L15_LF2:
  868  000018e8  8fc10008	lw	r1,8(r30)
  869  000018ec  2022ffff	addi	r2,r1,#-1
  870  000018f0  afc20008	sw	8(r30),r2
  871  000018f4  70210000	slei	r1,r1,#0
  872  000018f8  1020000c	beqz	r1,L18_LF2
  873  000018fc  54000000	nop; delay slot nop
  874  00001900  08000048	j	L16_LF2
  875  00001904  54000000	nop; delay slot nop
  876  00001908          	L18_LF2:
  877  00001908  8fc10000	lw	r1,(r30)
  878  0000190c  20220001	addi	r2,r1,#1
  879  00001910  afc20000	sw	(r30),r2
  880  00001914  8fc20004	lw	r2,4(r30)
  881  00001918  20430001	addi	r3,r2,#1
  882  0000191c  afc30004	sw	4(r30),r3
  883  00001920  80420000	lb	r2,(r2)
  884  00001924  a0220000	sb	(r1),r2
  885  00001928  a3c2fff3	sb	-13(r30),r2
  886  0000192c          	L17_LF2:
  887  0000192c  93c1fff3	lbu	r1,-13(r30)
  888  00001930  64220000	snei	r2,r1,#0
  889  00001934  1440000c	bnez	r2,L19_LF2
  890  00001938  54000000	nop; delay slot nop
  891  0000193c  0800000c	j	L16_LF2
  892  00001940  54000000	nop; delay slot nop
  893  00001944          	L19_LF2:
  894  00001944  0bffffa0	j	L15_LF2
  895  00001948  54000000	nop; delay slot nop
  896  0000194c          	L16_LF2:
  897  0000194c  8fc1fff4	lw	r1,-12(r30)
  898  00001950  08000004	j	L14_LF2
  899  00001954  54000000	nop; delay slot nop
  900  00001958          	L14_LF2:
  901  00001958  8fa20000	lw	r2,0(r29)
  902  0000195c  8fa30004	lw	r3,4(r29)
  903  00001960  8fdffff8	lw	r31,-8(r30)
  904  00001964  001ee820	add	r29,r0,r30
  905  00001968  8fdefffc	lw	r30,-4(r30)
  906  0000196c  4be00000	jr	r31
  907  00001970  54000000	nop
  908  00001974          	.endproc _dstrncpy
  909  00001974          	.align 2
  910  00001974          	.proc _dstrcat
  911  00001974          	.global _dstrcat
  912  00001974          	_dstrcat:
  913                      ;  Function 'dstrcat'; 8 bytes of locals, 1 regs to save.
  914  00001974  afbefffc	sw	-4(r29),r30; push fp
  915  00001978  001df020	add	r30,r0,r29; fp = sp
  916  0000197c  afbffff8	sw	-8(r29),r31; push ret addr
  917  00001980  2fbd0018	subui	r29,r29,#24; alloc local storage
  918  00001984  afa20000	sw	0(r29),r2
  919  00001988  8fc10000	lw	r1,(r30)
  920  0000198c  afc1fff4	sw	-12(r30),r1
  921  00001990          	L21_LF2:
  922  00001990  8fc10000	lw	r1,(r30)
  923  00001994  90220000	lbu	r2,(r1)
  924  00001998  64410000	snei	r1,r2,#0
  925  0000199c  1420000c	bnez	r1,L23_LF2
  926  000019a0  54000000	nop; delay slot nop
  927  000019a4  0800001c	j	L22_LF2
  928  000019a8  54000000	nop; delay slot nop
  929  000019ac          	L23_LF2:
  930  000019ac  8fc20000	lw	r2,(r30)
  931  000019b0  20410001	addi	r1,r2,#1
  932  000019b4  00011020	add	r2,r0,r1
  933  000019b8  afc20000	sw	(r30),r2
  934  000019bc  0bffffd0	j	L21_LF2
  935  000019c0  54000000	nop; delay slot nop
  936  000019c4          	L22_LF2:
  937  000019c4  23bdfff8	addi	r29,r29,#-8
  938  000019c8  001d0820	add	r1,r0,r29
  939  000019cc  8fc20000	lw	r2,(r30)
  940  000019d0  ac220000	sw	(r1),r2
  941  000019d4  8fc20004	lw	r2,4(r30)
  942  000019d8  ac220004	sw	4(r1),r2
  943  000019dc  0ffffe5c	jal	_dstrcpy
  944  000019e0  54000000	nop; delay slot nop
  945  000019e4  23bd0008	addi	r29,r29,#8
  946  000019e8  8fc1fff4	lw	r1,-12(r30)
  947  000019ec  08000004	j	L20_LF2
  948  000019f0  54000000	nop; delay slot nop
  949  000019f4          	L20_LF2:
  950  000019f4  8fa20000	lw	r2,0(r29)
  951  000019f8  8fdffff8	lw	r31,-8(r30)
  952  000019fc  001ee820	add	r29,r0,r30
  953  00001a00  8fdefffc	lw	r30,-4(r30)
  954  00001a04  4be00000	jr	r31
  955  00001a08  54000000	nop
  956  00001a0c          	.endproc _dstrcat
  957  00001a0c          	.align 2
  958  00001a0c          	.proc _dstrncmp
  959  00001a0c          	.global _dstrncmp
  960  00001a0c          	_dstrncmp:
  961                      ;  Function 'dstrncmp'; 8 bytes of locals, 2 regs to save.
  962  00001a0c  afbefffc	sw	-4(r29),r30; push fp
  963  00001a10  001df020	add	r30,r0,r29; fp = sp
  964  00001a14  afbffff8	sw	-8(r29),r31; push ret addr
  965  00001a18  2fbd0018	subui	r29,r29,#24; alloc local storage
  966  00001a1c  afa20000	sw	0(r29),r2
  967  00001a20  afa30004	sw	4(r29),r3
  968  00001a24  54000000	nop
  969  00001a28  20010000	addi	r1,r0,#0
  970  00001a2c  afc1fff4	sw	-12(r30),r1
  971  00001a30          	L25_LF2:
  972  00001a30  8fc1fff4	lw	r1,-12(r30)
  973  00001a34  8fc20008	lw	r2,8(r30)
  974  00001a38  0022082a	slt	r1,r1,r2
  975  00001a3c  1420000c	bnez	r1,L28_LF2
  976  00001a40  54000000	nop; delay slot nop
  977  00001a44  08000088	j	L26_LF2
  978  00001a48  54000000	nop; delay slot nop
  979  00001a4c          	L28_LF2:
  980  00001a4c  8fc10004	lw	r1,4(r30)
  981  00001a50  90220000	lbu	r2,(r1)
  982  00001a54  64410000	snei	r1,r2,#0
  983  00001a58  14200018	bnez	r1,L29_LF2
  984  00001a5c  54000000	nop; delay slot nop
  985  00001a60  20010000	addi	r1,r0,#0
  986  00001a64  080000d8	j	L24_LF2
  987  00001a68  54000000	nop; delay slot nop
  988  00001a6c  08000028	j	L30_LF2
  989  00001a70  54000000	nop; delay slot nop
  990  00001a74          	L29_LF2:
  991  00001a74  8fc10000	lw	r1,(r30)
  992  00001a78  8fc20004	lw	r2,4(r30)
  993  00001a7c  90210000	lbu	r1,(r1)
  994  00001a80  90420000	lbu	r2,(r2)
  995  00001a84  00220829	sne	r1,r1,r2
  996  00001a88  1020000c	beqz	r1,L30_LF2
  997  00001a8c  54000000	nop; delay slot nop
  998  00001a90  0800003c	j	L26_LF2
  999  00001a94  54000000	nop; delay slot nop
 1000  00001a98          	L31_LF2:
 1001  00001a98          	L30_LF2:
 1002  00001a98  8fc20000	lw	r2,(r30)
 1003  00001a9c  20410001	addi	r1,r2,#1
 1004  00001aa0  00011020	add	r2,r0,r1
 1005  00001aa4  afc20000	sw	(r30),r2
 1006  00001aa8  8fc20004	lw	r2,4(r30)
 1007  00001aac  20410001	addi	r1,r2,#1
 1008  00001ab0  00011020	add	r2,r0,r1
 1009  00001ab4  afc20004	sw	4(r30),r2
 1010  00001ab8          	L27_LF2:
 1011  00001ab8  8fc2fff4	lw	r2,-12(r30)
 1012  00001abc  20410001	addi	r1,r2,#1
 1013  00001ac0  00011020	add	r2,r0,r1
 1014  00001ac4  afc2fff4	sw	-12(r30),r2
 1015  00001ac8  0bffff64	j	L25_LF2
 1016  00001acc  54000000	nop; delay slot nop
 1017  00001ad0          	L26_LF2:
 1018  00001ad0  8fc1fff4	lw	r1,-12(r30)
 1019  00001ad4  8fc20008	lw	r2,8(r30)
 1020  00001ad8  00220828	seq	r1,r1,r2
 1021  00001adc  10200018	beqz	r1,L32_LF2
 1022  00001ae0  54000000	nop; delay slot nop
 1023  00001ae4  20010000	addi	r1,r0,#0
 1024  00001ae8  08000054	j	L24_LF2
 1025  00001aec  54000000	nop; delay slot nop
 1026  00001af0  0800004c	j	L33_LF2
 1027  00001af4  54000000	nop; delay slot nop
 1028  00001af8          	L32_LF2:
 1029  00001af8  8fc20000	lw	r2,(r30)
 1030  00001afc  90410000	lbu	r1,(r2)
 1031  00001b00  8fc20004	lw	r2,4(r30)
 1032  00001b04  90430000	lbu	r3,(r2)
 1033  00001b08  00230822	sub	r1,r1,r3
 1034  00001b0c  74220000	sgei	r2,r1,#0
 1035  00001b10  10400020	beqz	r2,L34_LF2
 1036  00001b14  54000000	nop; delay slot nop
 1037  00001b18  8fc10000	lw	r1,(r30)
 1038  00001b1c  8fc20004	lw	r2,4(r30)
 1039  00001b20  90210000	lbu	r1,(r1)
 1040  00001b24  90420000	lbu	r2,(r2)
 1041  00001b28  00220829	sne	r1,r1,r2
 1042  00001b2c  08000008	j	L35_LF2
 1043  00001b30  54000000	nop; delay slot nop
 1044  00001b34          	L34_LF2:
 1045  00001b34  2001ffff	addi	r1,r0,#-1
 1046  00001b38          	L35_LF2:
 1047  00001b38  08000004	j	L24_LF2
 1048  00001b3c  54000000	nop; delay slot nop
 1049  00001b40          	L33_LF2:
 1050  00001b40          	L24_LF2:
 1051  00001b40  8fa20000	lw	r2,0(r29)
 1052  00001b44  8fa30004	lw	r3,4(r29)
 1053  00001b48  8fdffff8	lw	r31,-8(r30)
 1054  00001b4c  001ee820	add	r29,r0,r30
 1055  00001b50  8fdefffc	lw	r30,-4(r30)
 1056  00001b54  4be00000	jr	r31
 1057  00001b58  54000000	nop
 1058  00001b5c          	.endproc _dstrncmp
 1059  00001b5c          	.align 2
 1060  00001b5c          	.proc _dstrlen
 1061  00001b5c          	.global _dstrlen
 1062  00001b5c          	_dstrlen:
 1063                      ;  Function 'dstrlen'; 8 bytes of locals, 1 regs to save.
 1064  00001b5c  afbefffc	sw	-4(r29),r30; push fp
 1065  00001b60  001df020	add	r30,r0,r29; fp = sp
 1066  00001b64  afbffff8	sw	-8(r29),r31; push ret addr
 1067  00001b68  2fbd0018	subui	r29,r29,#24; alloc local storage
 1068  00001b6c  afa20000	sw	0(r29),r2
 1069  00001b70  20010000	addi	r1,r0,#0
 1070  00001b74  afc1fff4	sw	-12(r30),r1
 1071  00001b78          	L37_LF2:
 1072  00001b78  8fc10000	lw	r1,(r30)
 1073  00001b7c  20220001	addi	r2,r1,#1
 1074  00001b80  afc20000	sw	(r30),r2
 1075  00001b84  90210000	lbu	r1,(r1)
 1076  00001b88  64220000	snei	r2,r1,#0
 1077  00001b8c  1440000c	bnez	r2,L39_LF2
 1078  00001b90  54000000	nop; delay slot nop
 1079  00001b94  0800001c	j	L38_LF2
 1080  00001b98  54000000	nop; delay slot nop
 1081  00001b9c          	L39_LF2:
 1082  00001b9c  8fc2fff4	lw	r2,-12(r30)
 1083  00001ba0  20410001	addi	r1,r2,#1
 1084  00001ba4  00011020	add	r2,r0,r1
 1085  00001ba8  afc2fff4	sw	-12(r30),r2
 1086  00001bac  0bffffc8	j	L37_LF2
 1087  00001bb0  54000000	nop; delay slot nop
 1088  00001bb4          	L38_LF2:
 1089  00001bb4  8fc1fff4	lw	r1,-12(r30)
 1090  00001bb8  08000004	j	L36_LF2
 1091  00001bbc  54000000	nop; delay slot nop
 1092  00001bc0          	L36_LF2:
 1093  00001bc0  8fa20000	lw	r2,0(r29)
 1094  00001bc4  8fdffff8	lw	r31,-8(r30)
 1095  00001bc8  001ee820	add	r29,r0,r30
 1096  00001bcc  8fdefffc	lw	r30,-4(r30)
 1097  00001bd0  4be00000	jr	r31
 1098  00001bd4  54000000	nop
 1099  00001bd8          	.endproc _dstrlen
 1100  00001bd8          	.align 2
 1101  00001bd8          	.proc _dstrstr
 1102  00001bd8          	.global _dstrstr
 1103  00001bd8          	_dstrstr:
 1104                      ;  Function 'dstrstr'; 8 bytes of locals, 1 regs to save.
 1105  00001bd8  afbefffc	sw	-4(r29),r30; push fp
 1106  00001bdc  001df020	add	r30,r0,r29; fp = sp
 1107  00001be0  afbffff8	sw	-8(r29),r31; push ret addr
 1108  00001be4  2fbd0018	subui	r29,r29,#24; alloc local storage
 1109  00001be8  afa20000	sw	0(r29),r2
 1110  00001bec  23bdfff8	addi	r29,r29,#-8
 1111  00001bf0  001d0820	add	r1,r0,r29
 1112  00001bf4  8fc20004	lw	r2,4(r30)
 1113  00001bf8  ac220000	sw	(r1),r2
 1114  00001bfc  0fffff5c	jal	_dstrlen
 1115  00001c00  54000000	nop; delay slot nop
 1116  00001c04  23bd0008	addi	r29,r29,#8
 1117  00001c08  afc1fff4	sw	-12(r30),r1
 1118  00001c0c          	L41_LF2:
 1119  00001c0c  8fc10000	lw	r1,(r30)
 1120  00001c10  90220000	lbu	r2,(r1)
 1121  00001c14  64410000	snei	r1,r2,#0
 1122  00001c18  1420000c	bnez	r1,L43_LF2
 1123  00001c1c  54000000	nop; delay slot nop
 1124  00001c20  08000060	j	L42_LF2
 1125  00001c24  54000000	nop; delay slot nop
 1126  00001c28          	L43_LF2:
 1127  00001c28  23bdfff0	addi	r29,r29,#-16
 1128  00001c2c  001d0820	add	r1,r0,r29
 1129  00001c30  8fc20000	lw	r2,(r30)
 1130  00001c34  ac220000	sw	(r1),r2
 1131  00001c38  8fc20004	lw	r2,4(r30)
 1132  00001c3c  ac220004	sw	4(r1),r2
 1133  00001c40  8fc2fff4	lw	r2,-12(r30)
 1134  00001c44  ac220008	sw	8(r1),r2
 1135  00001c48  0ffffdc0	jal	_dstrncmp
 1136  00001c4c  54000000	nop; delay slot nop
 1137  00001c50  23bd0010	addi	r29,r29,#16
 1138  00001c54  64220000	snei	r2,r1,#0
 1139  00001c58  14400010	bnez	r2,L44_LF2
 1140  00001c5c  54000000	nop; delay slot nop
 1141  00001c60  8fc10000	lw	r1,(r30)
 1142  00001c64  08000028	j	L40_LF2
 1143  00001c68  54000000	nop; delay slot nop
 1144  00001c6c          	L44_LF2:
 1145  00001c6c  8fc20000	lw	r2,(r30)
 1146  00001c70  20410001	addi	r1,r2,#1
 1147  00001c74  00011020	add	r2,r0,r1
 1148  00001c78  afc20000	sw	(r30),r2
 1149  00001c7c  0bffff8c	j	L41_LF2
 1150  00001c80  54000000	nop; delay slot nop
 1151  00001c84          	L42_LF2:
 1152  00001c84  20010000	addi	r1,r0,#0
 1153  00001c88  08000004	j	L40_LF2
 1154  00001c8c  54000000	nop; delay slot nop
 1155  00001c90          	L40_LF2:
 1156  00001c90  8fa20000	lw	r2,0(r29)
 1157  00001c94  8fdffff8	lw	r31,-8(r30)
 1158  00001c98  001ee820	add	r29,r0,r30
 1159  00001c9c  8fdefffc	lw	r30,-4(r30)
 1160  00001ca0  4be00000	jr	r31
 1161  00001ca4  54000000	nop
 1162  00001ca8          	.endproc _dstrstr
 1163  00001ca8          	.align 2
 1164  00001ca8          	.proc _dmindex
 1165  00001ca8          	.global _dmindex
 1166  00001ca8          	_dmindex:
 1167                      ;  Function 'dmindex'; 8 bytes of locals, 1 regs to save.
 1168  00001ca8  afbefffc	sw	-4(r29),r30; push fp
 1169  00001cac  001df020	add	r30,r0,r29; fp = sp
 1170  00001cb0  afbffff8	sw	-8(r29),r31; push ret addr
 1171  00001cb4  2fbd0018	subui	r29,r29,#24; alloc local storage
 1172  00001cb8  afa20000	sw	0(r29),r2
 1173  00001cbc  54000000	nop
 1174  00001cc0          	L46_LF2:
 1175  00001cc0  8fc10000	lw	r1,(r30)
 1176  00001cc4  90220000	lbu	r2,(r1)
 1177  00001cc8  64410000	snei	r1,r2,#0
 1178  00001ccc  1420000c	bnez	r1,L48_LF2
 1179  00001cd0  54000000	nop; delay slot nop
 1180  00001cd4  08000070	j	L47_LF2
 1181  00001cd8  54000000	nop; delay slot nop
 1182  00001cdc          	L48_LF2:
 1183  00001cdc  8fc10004	lw	r1,4(r30)
 1184  00001ce0  afc1fff4	sw	-12(r30),r1
 1185  00001ce4          	L49_LF2:
 1186  00001ce4  8fc1fff4	lw	r1,-12(r30)
 1187  00001ce8  90220000	lbu	r2,(r1)
 1188  00001cec  64410000	snei	r1,r2,#0
 1189  00001cf0  1420000c	bnez	r1,L52_LF2
 1190  00001cf4  54000000	nop; delay slot nop
 1191  00001cf8  08000044	j	L50_LF2
 1192  00001cfc  54000000	nop; delay slot nop
 1193  00001d00          	L52_LF2:
 1194  00001d00  8fc10000	lw	r1,(r30)
 1195  00001d04  8fc2fff4	lw	r2,-12(r30)
 1196  00001d08  90210000	lbu	r1,(r1)
 1197  00001d0c  90420000	lbu	r2,(r2)
 1198  00001d10  00220828	seq	r1,r1,r2
 1199  00001d14  10200010	beqz	r1,L51_LF2
 1200  00001d18  54000000	nop; delay slot nop
 1201  00001d1c  8fc10000	lw	r1,(r30)
 1202  00001d20  08000030	j	L45_LF2
 1203  00001d24  54000000	nop; delay slot nop
 1204  00001d28          	L53_LF2:
 1205  00001d28          	L51_LF2:
 1206  00001d28  8fc2fff4	lw	r2,-12(r30)
 1207  00001d2c  20410001	addi	r1,r2,#1
 1208  00001d30  00011020	add	r2,r0,r1
 1209  00001d34  afc2fff4	sw	-12(r30),r2
 1210  00001d38  0bffffa8	j	L49_LF2
 1211  00001d3c  54000000	nop; delay slot nop
 1212  00001d40          	L50_LF2:
 1213  00001d40  0bffff7c	j	L46_LF2
 1214  00001d44  54000000	nop; delay slot nop
 1215  00001d48          	L47_LF2:
 1216  00001d48  20010000	addi	r1,r0,#0
 1217  00001d4c  08000004	j	L45_LF2
 1218  00001d50  54000000	nop; delay slot nop
 1219  00001d54          	L45_LF2:
 1220  00001d54  8fa20000	lw	r2,0(r29)
 1221  00001d58  8fdffff8	lw	r31,-8(r30)
 1222  00001d5c  001ee820	add	r29,r0,r30
 1223  00001d60  8fdefffc	lw	r30,-4(r30)
 1224  00001d64  4be00000	jr	r31
 1225  00001d68  54000000	nop
 1226  00001d6c          	.endproc _dmindex
 1227  00001d6c          	.align 2
 1228  00001d6c          	.proc _dindex
 1229  00001d6c          	.global _dindex
 1230  00001d6c          	_dindex:
 1231                      ;  Function 'dindex'; 0 bytes of locals, 1 regs to save.
 1232  00001d6c  afbefffc	sw	-4(r29),r30; push fp
 1233  00001d70  001df020	add	r30,r0,r29; fp = sp
 1234  00001d74  afbffff8	sw	-8(r29),r31; push ret addr
 1235  00001d78  2fbd0010	subui	r29,r29,#16; alloc local storage
 1236  00001d7c  afa20000	sw	0(r29),r2
 1237  00001d80  54000000	nop
 1238  00001d84          	L55_LF2:
 1239  00001d84  8fc10000	lw	r1,(r30)
 1240  00001d88  90220000	lbu	r2,(r1)
 1241  00001d8c  64410000	snei	r1,r2,#0
 1242  00001d90  1420000c	bnez	r1,L57_LF2
 1243  00001d94  54000000	nop; delay slot nop
 1244  00001d98  08000040	j	L56_LF2
 1245  00001d9c  54000000	nop; delay slot nop
 1246  00001da0          	L57_LF2:
 1247  00001da0  8fc10000	lw	r1,(r30)
 1248  00001da4  90220000	lbu	r2,(r1)
 1249  00001da8  8fc10004	lw	r1,4(r30)
 1250  00001dac  00411028	seq	r2,r2,r1
 1251  00001db0  10400010	beqz	r2,L58_LF2
 1252  00001db4  54000000	nop; delay slot nop
 1253  00001db8  8fc10000	lw	r1,(r30)
 1254  00001dbc  08000028	j	L54_LF2
 1255  00001dc0  54000000	nop; delay slot nop
 1256  00001dc4          	L58_LF2:
 1257  00001dc4  8fc20000	lw	r2,(r30)
 1258  00001dc8  20410001	addi	r1,r2,#1
 1259  00001dcc  00011020	add	r2,r0,r1
 1260  00001dd0  afc20000	sw	(r30),r2
 1261  00001dd4  0bffffac	j	L55_LF2
 1262  00001dd8  54000000	nop; delay slot nop
 1263  00001ddc          	L56_LF2:
 1264  00001ddc  20010000	addi	r1,r0,#0
 1265  00001de0  08000004	j	L54_LF2
 1266  00001de4  54000000	nop; delay slot nop
 1267  00001de8          	L54_LF2:
 1268  00001de8  8fa20000	lw	r2,0(r29)
 1269  00001dec  8fdffff8	lw	r31,-8(r30)
 1270  00001df0  001ee820	add	r29,r0,r30
 1271  00001df4  8fdefffc	lw	r30,-4(r30)
 1272  00001df8  4be00000	jr	r31
 1273  00001dfc  54000000	nop
 1274  00001e00          	.endproc _dindex
 1275  00001e00          	.align 2
 1276  00001e00          	.proc _ditoa
 1277  00001e00          	.global _ditoa
 1278  00001e00          	_ditoa:
 1279                      ;  Function 'ditoa'; 8 bytes of locals, 2 regs to save.
 1280  00001e00  afbefffc	sw	-4(r29),r30; push fp
 1281  00001e04  001df020	add	r30,r0,r29; fp = sp
 1282  00001e08  afbffff8	sw	-8(r29),r31; push ret addr
 1283  00001e0c  2fbd0018	subui	r29,r29,#24; alloc local storage
 1284  00001e10  afa20000	sw	0(r29),r2
 1285  00001e14  afa30004	sw	4(r29),r3
 1286  00001e18  8fc10000	lw	r1,(r30)
 1287  00001e1c  68220000	slti	r2,r1,#0
 1288  00001e20  1040002c	beqz	r2,L60_LF2
 1289  00001e24  54000000	nop; delay slot nop
 1290  00001e28  8fc10004	lw	r1,4(r30)
 1291  00001e2c  20220001	addi	r2,r1,#1
 1292  00001e30  afc20004	sw	4(r30),r2
 1293  00001e34  2002002d	addi	r2,r0,(#0x2d)&0xff
 1294  00001e38  a0220000	sb	(r1),r2
 1295  00001e3c  8fc10000	lw	r1,(r30)
 1296  00001e40  00011022	sub	r2,r0,r1
 1297  00001e44  afc20000	sw	(r30),r2
 1298  00001e48  08000118	j	L61_LF2
 1299  00001e4c  54000000	nop; delay slot nop
 1300  00001e50          	L60_LF2:
 1301  00001e50  8fc10000	lw	r1,(r30)
 1302  00001e54  64220000	snei	r2,r1,#0
 1303  00001e58  14400020	bnez	r2,L62_LF2
 1304  00001e5c  54000000	nop; delay slot nop
 1305  00001e60  8fc10004	lw	r1,4(r30)
 1306  00001e64  20220001	addi	r2,r1,#1
 1307  00001e68  afc20004	sw	4(r30),r2
 1308  00001e6c  20020030	addi	r2,r0,(#0x30)&0xff
 1309  00001e70  a0220000	sb	(r1),r2
 1310  00001e74  080000ec	j	L61_LF2
 1311  00001e78  54000000	nop; delay slot nop
 1312  00001e7c          	L62_LF2:
 1313  00001e7c  20010001	addi	r1,r0,#1
 1314  00001e80  afc1fff4	sw	-12(r30),r1
 1315  00001e84          	L64_LF2:
 1316  00001e84  8fc1fff4	lw	r1,-12(r30)
 1317  00001e88  8fc20000	lw	r2,(r30)
 1318  00001e8c  0022082c	sle	r1,r1,r2
 1319  00001e90  1420000c	bnez	r1,L66_LF2
 1320  00001e94  54000000	nop; delay slot nop
 1321  00001e98  08000024	j	L65_LF2
 1322  00001e9c  54000000	nop; delay slot nop
 1323  00001ea0          	L67_LF2:
 1324  00001ea0          	L66_LF2:
 1325  00001ea0  8fc1fff4	lw	r1,-12(r30)
 1326  00001ea4  00011820	add	r3,r0,r1
 1327  00001ea8  50620002	slli	r2,r3,#0x2
 1328  00001eac  00411020	add	r2,r2,r1
 1329  00001eb0  50410001	slli	r1,r2,#0x1
 1330  00001eb4  afc1fff4	sw	-12(r30),r1
 1331  00001eb8  0bffffc8	j	L64_LF2
 1332  00001ebc  54000000	nop; delay slot nop
 1333  00001ec0          	L65_LF2:
 1334  00001ec0  54000000	nop
 1335  00001ec4          	L68_LF2:
 1336  00001ec4  8fc1fff4	lw	r1,-12(r30)
 1337  00001ec8  2002000a	addi	r2,r0,#10
 1338  00001ecc  00200035	movi2fp	f0,r1
 1339  00001ed0  00400835	movi2fp	f1,r2
 1340  00001ed4  0401000f	div	f0,f0,f1
 1341  00001ed8  00000834	movfp2i	r1,f0
 1342  00001edc  afc1fff4	sw	-12(r30),r1
 1343  00001ee0  8fc10004	lw	r1,4(r30)
 1344  00001ee4  20220001	addi	r2,r1,#1
 1345  00001ee8  afc20004	sw	4(r30),r2
 1346  00001eec  8fc20000	lw	r2,(r30)
 1347  00001ef0  8fc3fff4	lw	r3,-12(r30)
 1348  00001ef4  00400035	movi2fp	f0,r2
 1349  00001ef8  00600835	movi2fp	f1,r3
 1350  00001efc  0401000f	div	f0,f0,f1
 1351  00001f00  00001034	movfp2i	r2,f0
 1352  00001f04  00021820	add	r3,r0,r2
 1353  00001f08  20620030	addi	r2,r3,#48
 1354  00001f0c  a0220000	sb	(r1),r2
 1355  00001f10  8fc10000	lw	r1,(r30)
 1356  00001f14  8fc3fff4	lw	r3,-12(r30)
 1357  00001f18  00200035	movi2fp	f0,r1
 1358  00001f1c  00600835	movi2fp	f1,r3
 1359  00001f20  0401000f	div	f0,f0,f1
 1360  00001f24  00001034	movfp2i	r2,f0
 1361  00001f28  8fc3fff4	lw	r3,-12(r30)
 1362  00001f2c  00400035	movi2fp	f0,r2
 1363  00001f30  00600835	movi2fp	f1,r3
 1364  00001f34  0401000e	mult	f0,f0,f1
 1365  00001f38  00001034	movfp2i	r2,f0
 1366  00001f3c  00220822	sub	r1,r1,r2
 1367  00001f40  afc10000	sw	(r30),r1
 1368  00001f44          	L70_LF2:
 1369  00001f44  8fc1fff4	lw	r1,-12(r30)
 1370  00001f48  6c220001	sgti	r2,r1,#1
 1371  00001f4c  1440000c	bnez	r2,L71_LF2
 1372  00001f50  54000000	nop; delay slot nop
 1373  00001f54  0800000c	j	L61_LF2
 1374  00001f58  54000000	nop; delay slot nop
 1375  00001f5c          	L71_LF2:
 1376  00001f5c  0bffff64	j	L68_LF2
 1377  00001f60  54000000	nop; delay slot nop
 1378  00001f64          	L69_LF2:
 1379  00001f64          	L63_LF2:
 1380  00001f64          	L61_LF2:
 1381  00001f64  8fc10004	lw	r1,4(r30)
 1382  00001f68  20020000	addi	r2,r0,(#0x0)&0xff
 1383  00001f6c  a0220000	sb	(r1),r2
 1384  00001f70          	L59_LF2:
 1385  00001f70  8fa20000	lw	r2,0(r29)
 1386  00001f74  8fa30004	lw	r3,4(r29)
 1387  00001f78  8fdffff8	lw	r31,-8(r30)
 1388  00001f7c  001ee820	add	r29,r0,r30
 1389  00001f80  8fdefffc	lw	r30,-4(r30)
 1390  00001f84  4be00000	jr	r31
 1391  00001f88  54000000	nop
 1392  00001f8c          	.endproc _ditoa
 1393  00001f8c          	.align 2
 1394  00001f8c          	.proc _dstrtol
 1395  00001f8c          	.global _dstrtol
 1396  00001f8c          	_dstrtol:
 1397                      ;  Function 'dstrtol'; 16 bytes of locals, 1 regs to save.
 1398  00001f8c  afbefffc	sw	-4(r29),r30; push fp
 1399  00001f90  001df020	add	r30,r0,r29; fp = sp
 1400  00001f94  afbffff8	sw	-8(r29),r31; push ret addr
 1401  00001f98  2fbd0020	subui	r29,r29,#32; alloc local storage
 1402  00001f9c  afa20000	sw	0(r29),r2
 1403  00001fa0  20010000	addi	r1,r0,#0
 1404  00001fa4  afc1fff4	sw	-12(r30),r1
 1405  00001fa8          	L73_LF2:
 1406  00001fa8  8fc10000	lw	r1,(r30)
 1407  00001fac  90220000	lbu	r2,(r1)
 1408  00001fb0  60410020	seqi	r1,r2,#32
 1409  00001fb4  14200034	bnez	r1,L75_LF2
 1410  00001fb8  54000000	nop; delay slot nop
 1411  00001fbc  8fc10000	lw	r1,(r30)
 1412  00001fc0  90220000	lbu	r2,(r1)
 1413  00001fc4  60410009	seqi	r1,r2,#9
 1414  00001fc8  14200020	bnez	r1,L75_LF2
 1415  00001fcc  54000000	nop; delay slot nop
 1416  00001fd0  8fc10000	lw	r1,(r30)
 1417  00001fd4  90220000	lbu	r2,(r1)
 1418  00001fd8  6041000a	seqi	r1,r2,#10
 1419  00001fdc  1420000c	bnez	r1,L75_LF2
 1420  00001fe0  54000000	nop; delay slot nop
 1421  00001fe4  0800001c	j	L74_LF2
 1422  00001fe8  54000000	nop; delay slot nop
 1423  00001fec          	L75_LF2:
 1424  00001fec  8fc20000	lw	r2,(r30)
 1425  00001ff0  20410001	addi	r1,r2,#1
 1426  00001ff4  00011020	add	r2,r0,r1
 1427  00001ff8  afc20000	sw	(r30),r2
 1428  00001ffc  0bffffa8	j	L73_LF2
 1429  00002000  54000000	nop; delay slot nop
 1430  00002004          	L74_LF2:
 1431  00002004  8fc10004	lw	r1,4(r30)
 1432  00002008  64220000	snei	r2,r1,#0
 1433  0000200c  10400010	beqz	r2,L76_LF2
 1434  00002010  54000000	nop; delay slot nop
 1435  00002014  8fc10004	lw	r1,4(r30)
 1436  00002018  8fc20000	lw	r2,(r30)
 1437  0000201c  ac220000	sw	(r1),r2
 1438  00002020          	L76_LF2:
 1439  00002020  8fc10000	lw	r1,(r30)
 1440  00002024  90220000	lbu	r2,(r1)
 1441  00002028  64410000	snei	r1,r2,#0
 1442  0000202c  14200010	bnez	r1,L77_LF2
 1443  00002030  54000000	nop; delay slot nop
 1444  00002034  8fc1fff4	lw	r1,-12(r30)
 1445  00002038  08000294	j	L72_LF2
 1446  0000203c  54000000	nop; delay slot nop
 1447  00002040          	L77_LF2:
 1448  00002040  8fc10000	lw	r1,(r30)
 1449  00002044  90220000	lbu	r2,(r1)
 1450  00002048  6041002d	seqi	r1,r2,#45
 1451  0000204c  10200024	beqz	r1,L78_LF2
 1452  00002050  54000000	nop; delay slot nop
 1453  00002054  2001ffff	addi	r1,r0,#-1
 1454  00002058  afc1ffec	sw	-20(r30),r1
 1455  0000205c  8fc20000	lw	r2,(r30)
 1456  00002060  20410001	addi	r1,r2,#1
 1457  00002064  00011020	add	r2,r0,r1
 1458  00002068  afc20000	sw	(r30),r2
 1459  0000206c  0800000c	j	L79_LF2
 1460  00002070  54000000	nop; delay slot nop
 1461  00002074          	L78_LF2:
 1462  00002074  20010001	addi	r1,r0,#1
 1463  00002078  afc1ffec	sw	-20(r30),r1
 1464  0000207c          	L79_LF2:
 1465  0000207c  8fc10008	lw	r1,8(r30)
 1466  00002080  64220000	snei	r2,r1,#0
 1467  00002084  14400090	bnez	r2,L80_LF2
 1468  00002088  54000000	nop; delay slot nop
 1469  0000208c  8fc10000	lw	r1,(r30)
 1470  00002090  90220000	lbu	r2,(r1)
 1471  00002094  60410030	seqi	r1,r2,#48
 1472  00002098  10200074	beqz	r1,L81_LF2
 1473  0000209c  54000000	nop; delay slot nop
 1474  000020a0  8fc20000	lw	r2,(r30)
 1475  000020a4  20410001	addi	r1,r2,#1
 1476  000020a8  00011020	add	r2,r0,r1
 1477  000020ac  afc20000	sw	(r30),r2
 1478  000020b0  8fc10000	lw	r1,(r30)
 1479  000020b4  90220000	lbu	r2,(r1)
 1480  000020b8  60410078	seqi	r1,r2,#120
 1481  000020bc  14200020	bnez	r1,L83_LF2
 1482  000020c0  54000000	nop; delay slot nop
 1483  000020c4  8fc10000	lw	r1,(r30)
 1484  000020c8  90220000	lbu	r2,(r1)
 1485  000020cc  60410058	seqi	r1,r2,#88
 1486  000020d0  1420000c	bnez	r1,L83_LF2
 1487  000020d4  54000000	nop; delay slot nop
 1488  000020d8  08000024	j	L82_LF2
 1489  000020dc  54000000	nop; delay slot nop
 1490  000020e0          	L83_LF2:
 1491  000020e0  20010010	addi	r1,r0,#16
 1492  000020e4  afc10008	sw	8(r30),r1
 1493  000020e8  8fc20000	lw	r2,(r30)
 1494  000020ec  20410001	addi	r1,r2,#1
 1495  000020f0  00011020	add	r2,r0,r1
 1496  000020f4  afc20000	sw	(r30),r2
 1497  000020f8  0800000c	j	L84_LF2
 1498  000020fc  54000000	nop; delay slot nop
 1499  00002100          	L82_LF2:
 1500  00002100  20010008	addi	r1,r0,#8
 1501  00002104  afc10008	sw	8(r30),r1
 1502  00002108          	L84_LF2:
 1503  00002108  0800000c	j	L80_LF2
 1504  0000210c  54000000	nop; delay slot nop
 1505  00002110          	L81_LF2:
 1506  00002110  2001000a	addi	r1,r0,#10
 1507  00002114  afc10008	sw	8(r30),r1
 1508  00002118          	L85_LF2:
 1509  00002118          	L80_LF2:
 1510  00002118  8fc10008	lw	r1,8(r30)
 1511  0000211c  70220000	slei	r2,r1,#0
 1512  00002120  1440001c	bnez	r2,L87_LF2
 1513  00002124  54000000	nop; delay slot nop
 1514  00002128  8fc10008	lw	r1,8(r30)
 1515  0000212c  6c220010	sgti	r2,r1,#16
 1516  00002130  1440000c	bnez	r2,L87_LF2
 1517  00002134  54000000	nop; delay slot nop
 1518  00002138  08000010	j	L86_LF2
 1519  0000213c  54000000	nop; delay slot nop
 1520  00002140          	L87_LF2:
 1521  00002140  8fc1fff4	lw	r1,-12(r30)
 1522  00002144  08000188	j	L72_LF2
 1523  00002148  54000000	nop; delay slot nop
 1524  0000214c          	L86_LF2:
 1525  0000214c  54000000	nop
 1526  00002150          	L88_LF2:
 1527  00002150  8fc10000	lw	r1,(r30)
 1528  00002154  90220000	lbu	r2,(r1)
 1529  00002158  6c41002f	sgtui	r1,r2,#47
 1530  0000215c  10200030	beqz	r1,L91_LF2
 1531  00002160  54000000	nop; delay slot nop
 1532  00002164  8fc10000	lw	r1,(r30)
 1533  00002168  90220000	lbu	r2,(r1)
 1534  0000216c  70410039	sleui	r1,r2,#57
 1535  00002170  1020001c	beqz	r1,L91_LF2
 1536  00002174  54000000	nop; delay slot nop
 1537  00002178  8fc10000	lw	r1,(r30)
 1538  0000217c  90220000	lbu	r2,(r1)
 1539  00002180  2041ffd0	addi	r1,r2,#-48
 1540  00002184  afc1fff0	sw	-16(r30),r1
 1541  00002188  0800008c	j	L92_LF2
 1542  0000218c  54000000	nop; delay slot nop
 1543  00002190          	L91_LF2:
 1544  00002190  8fc10000	lw	r1,(r30)
 1545  00002194  90220000	lbu	r2,(r1)
 1546  00002198  6c410060	sgtui	r1,r2,#96
 1547  0000219c  10200030	beqz	r1,L93_LF2
 1548  000021a0  54000000	nop; delay slot nop
 1549  000021a4  8fc10000	lw	r1,(r30)
 1550  000021a8  90220000	lbu	r2,(r1)
 1551  000021ac  7041007a	sleui	r1,r2,#122
 1552  000021b0  1020001c	beqz	r1,L93_LF2
 1553  000021b4  54000000	nop; delay slot nop
 1554  000021b8  8fc10000	lw	r1,(r30)
 1555  000021bc  90220000	lbu	r2,(r1)
 1556  000021c0  2041ffa9	addi	r1,r2,#-87
 1557  000021c4  afc1fff0	sw	-16(r30),r1
 1558  000021c8  0800004c	j	L92_LF2
 1559  000021cc  54000000	nop; delay slot nop
 1560  000021d0          	L93_LF2:
 1561  000021d0  8fc10000	lw	r1,(r30)
 1562  000021d4  90220000	lbu	r2,(r1)
 1563  000021d8  6c410040	sgtui	r1,r2,#64
 1564  000021dc  10200030	beqz	r1,L95_LF2
 1565  000021e0  54000000	nop; delay slot nop
 1566  000021e4  8fc10000	lw	r1,(r30)
 1567  000021e8  90220000	lbu	r2,(r1)
 1568  000021ec  7041005a	sleui	r1,r2,#90
 1569  000021f0  1020001c	beqz	r1,L95_LF2
 1570  000021f4  54000000	nop; delay slot nop
 1571  000021f8  8fc10000	lw	r1,(r30)
 1572  000021fc  90220000	lbu	r2,(r1)
 1573  00002200  2041ffc9	addi	r1,r2,#-55
 1574  00002204  afc1fff0	sw	-16(r30),r1
 1575  00002208  0800000c	j	L92_LF2
 1576  0000220c  54000000	nop; delay slot nop
 1577  00002210          	L95_LF2:
 1578  00002210  200103e8	addi	r1,r0,#1000
 1579  00002214  afc1fff0	sw	-16(r30),r1
 1580  00002218          	L96_LF2:
 1581  00002218          	L94_LF2:
 1582  00002218          	L92_LF2:
 1583  00002218  8fc1fff0	lw	r1,-16(r30)
 1584  0000221c  8fc20008	lw	r2,8(r30)
 1585  00002220  0022082a	slt	r1,r1,r2
 1586  00002224  10200040	beqz	r1,L90_LF2
 1587  00002228  54000000	nop; delay slot nop
 1588  0000222c  8fc1fff4	lw	r1,-12(r30)
 1589  00002230  8fc20008	lw	r2,8(r30)
 1590  00002234  00200035	movi2fp	f0,r1
 1591  00002238  00400835	movi2fp	f1,r2
 1592  0000223c  0401000e	mult	f0,f0,f1
 1593  00002240  00000834	movfp2i	r1,f0
 1594  00002244  afc1fff4	sw	-12(r30),r1
 1595  00002248  8fc1fff4	lw	r1,-12(r30)
 1596  0000224c  8fc2fff0	lw	r2,-16(r30)
 1597  00002250  00220820	add	r1,r1,r2
 1598  00002254  afc1fff4	sw	-12(r30),r1
 1599  00002258  8fc20000	lw	r2,(r30)
 1600  0000225c  20410001	addi	r1,r2,#1
 1601  00002260  00011020	add	r2,r0,r1
 1602  00002264  afc20000	sw	(r30),r2
 1603  00002268          	L97_LF2:
 1604  00002268          	L90_LF2:
 1605  00002268  8fc1fff0	lw	r1,-16(r30)
 1606  0000226c  8fc20008	lw	r2,8(r30)
 1607  00002270  0022082a	slt	r1,r1,r2
 1608  00002274  1420000c	bnez	r1,L98_LF2
 1609  00002278  54000000	nop; delay slot nop
 1610  0000227c  0800000c	j	L89_LF2
 1611  00002280  54000000	nop; delay slot nop
 1612  00002284          	L98_LF2:
 1613  00002284  0bfffec8	j	L88_LF2
 1614  00002288  54000000	nop; delay slot nop
 1615  0000228c          	L89_LF2:
 1616  0000228c  8fc10004	lw	r1,4(r30)
 1617  00002290  64220000	snei	r2,r1,#0
 1618  00002294  10400010	beqz	r2,L99_LF2
 1619  00002298  54000000	nop; delay slot nop
 1620  0000229c  8fc10004	lw	r1,4(r30)
 1621  000022a0  8fc20000	lw	r2,(r30)
 1622  000022a4  ac220000	sw	(r1),r2
 1623  000022a8          	L99_LF2:
 1624  000022a8  8fc1fff4	lw	r1,-12(r30)
 1625  000022ac  8fc2ffec	lw	r2,-20(r30)
 1626  000022b0  00200035	movi2fp	f0,r1
 1627  000022b4  00400835	movi2fp	f1,r2
 1628  000022b8  0401000e	mult	f0,f0,f1
 1629  000022bc  00000834	movfp2i	r1,f0
 1630  000022c0  afc1fff4	sw	-12(r30),r1
 1631  000022c4  8fc1fff4	lw	r1,-12(r30)
 1632  000022c8  08000004	j	L72_LF2
 1633  000022cc  54000000	nop; delay slot nop
 1634  000022d0          	L72_LF2:
 1635  000022d0  8fa20000	lw	r2,0(r29)
 1636  000022d4  8fdffff8	lw	r31,-8(r30)
 1637  000022d8  001ee820	add	r29,r0,r30
 1638  000022dc  8fdefffc	lw	r30,-4(r30)
 1639  000022e0  4be00000	jr	r31
 1640  000022e4  54000000	nop
 1641  000022e8          	.endproc _dstrtol
 1642  000022e8          	.align 2
 1643  000022e8          	.proc _bcopy
 1644  000022e8          	.global _bcopy
 1645  000022e8          	_bcopy:
 1646                      ;  Function 'bcopy'; 0 bytes of locals, 2 regs to save.
 1647  000022e8  afbefffc	sw	-4(r29),r30; push fp
 1648  000022ec  001df020	add	r30,r0,r29; fp = sp
 1649  000022f0  afbffff8	sw	-8(r29),r31; push ret addr
 1650  000022f4  2fbd0010	subui	r29,r29,#16; alloc local storage
 1651  000022f8  afa20000	sw	0(r29),r2
 1652  000022fc  afa30004	sw	4(r29),r3
 1653  00002300  54000000	nop
 1654  00002304          	L101_LF2:
 1655  00002304  8fc10008	lw	r1,8(r30)
 1656  00002308  2022ffff	addi	r2,r1,#-1
 1657  0000230c  afc20008	sw	8(r30),r2
 1658  00002310  6c210000	sgti	r1,r1,#0
 1659  00002314  1420000c	bnez	r1,L103_LF2
 1660  00002318  54000000	nop; delay slot nop
 1661  0000231c  0800002c	j	L102_LF2
 1662  00002320  54000000	nop; delay slot nop
 1663  00002324          	L103_LF2:
 1664  00002324  8fc10004	lw	r1,4(r30)
 1665  00002328  20220001	addi	r2,r1,#1
 1666  0000232c  afc20004	sw	4(r30),r2
 1667  00002330  8fc20000	lw	r2,(r30)
 1668  00002334  20430001	addi	r3,r2,#1
 1669  00002338  afc30000	sw	(r30),r3
 1670  0000233c  80420000	lb	r2,(r2)
 1671  00002340  a0220000	sb	(r1),r2
 1672  00002344  0bffffbc	j	L101_LF2
 1673  00002348  54000000	nop; delay slot nop
 1674  0000234c          	L102_LF2:
 1675  0000234c          	L100_LF2:
 1676  0000234c  8fa20000	lw	r2,0(r29)
 1677  00002350  8fa30004	lw	r3,4(r29)
 1678  00002354  8fdffff8	lw	r31,-8(r30)
 1679  00002358  001ee820	add	r29,r0,r30
 1680  0000235c  8fdefffc	lw	r30,-4(r30)
 1681  00002360  4be00000	jr	r31
 1682  00002364  54000000	nop
 1683  00002368          	.endproc _bcopy
 1684  00002368          	.align 2
 1685  00002368          	.proc _bzero
 1686  00002368          	.global _bzero
 1687  00002368          	_bzero:
 1688                      ;  Function 'bzero'; 0 bytes of locals, 1 regs to save.
 1689  00002368  afbefffc	sw	-4(r29),r30; push fp
 1690  0000236c  001df020	add	r30,r0,r29; fp = sp
 1691  00002370  afbffff8	sw	-8(r29),r31; push ret addr
 1692  00002374  2fbd0010	subui	r29,r29,#16; alloc local storage
 1693  00002378  afa20000	sw	0(r29),r2
 1694  0000237c  54000000	nop
 1695  00002380          	L105_LF2:
 1696  00002380  8fc10004	lw	r1,4(r30)
 1697  00002384  2022ffff	addi	r2,r1,#-1
 1698  00002388  afc20004	sw	4(r30),r2
 1699  0000238c  6c210000	sgti	r1,r1,#0
 1700  00002390  1420000c	bnez	r1,L107_LF2
 1701  00002394  54000000	nop; delay slot nop
 1702  00002398  08000020	j	L106_LF2
 1703  0000239c  54000000	nop; delay slot nop
 1704  000023a0          	L107_LF2:
 1705  000023a0  8fc10000	lw	r1,(r30)
 1706  000023a4  20220001	addi	r2,r1,#1
 1707  000023a8  afc20000	sw	(r30),r2
 1708  000023ac  20020000	addi	r2,r0,(#0x0)&0xff
 1709  000023b0  a0220000	sb	(r1),r2
 1710  000023b4  0bffffc8	j	L105_LF2
 1711  000023b8  54000000	nop; delay slot nop
 1712  000023bc          	L106_LF2:
 1713  000023bc          	L104_LF2:
 1714  000023bc  8fa20000	lw	r2,0(r29)
 1715  000023c0  8fdffff8	lw	r31,-8(r30)
 1716  000023c4  001ee820	add	r29,r0,r30
 1717  000023c8  8fdefffc	lw	r30,-4(r30)
 1718  000023cc  4be00000	jr	r31
 1719  000023d0  54000000	nop
 1720  000023d4          	.endproc _bzero
 1721  000023d4          	.align 2
 1722  000023d4          	.proc _min
 1723  000023d4          	.global _min
 1724  000023d4          	_min:
 1725                      ;  Function 'min'; 0 bytes of locals, 2 regs to save.
 1726  000023d4  afbefffc	sw	-4(r29),r30; push fp
 1727  000023d8  001df020	add	r30,r0,r29; fp = sp
 1728  000023dc  afbffff8	sw	-8(r29),r31; push ret addr
 1729  000023e0  2fbd0010	subui	r29,r29,#16; alloc local storage
 1730  000023e4  afa20000	sw	0(r29),r2
 1731  000023e8  afa30004	sw	4(r29),r3
 1732  000023ec  8fc10000	lw	r1,(r30)
 1733  000023f0  8fc20004	lw	r2,4(r30)
 1734  000023f4  0022182c	sle	r3,r1,r2
 1735  000023f8  14600008	bnez	r3,L109_LF2
 1736  000023fc  54000000	nop; delay slot nop
 1737  00002400  8fc10004	lw	r1,4(r30)
 1738  00002404          	L109_LF2:
 1739  00002404  08000004	j	L108_LF2
 1740  00002408  54000000	nop; delay slot nop
 1741  0000240c          	L108_LF2:
 1742  0000240c  8fa20000	lw	r2,0(r29)
 1743  00002410  8fa30004	lw	r3,4(r29)
 1744  00002414  8fdffff8	lw	r31,-8(r30)
 1745  00002418  001ee820	add	r29,r0,r30
 1746  0000241c  8fdefffc	lw	r30,-4(r30)
 1747  00002420  4be00000	jr	r31
 1748  00002424  54000000	nop
 1749  00002428          	.endproc _min
 1750  00002428          	.align 2
 1751  00002428          	.proc _max
 1752  00002428          	.global _max
 1753  00002428          	_max:
 1754                      ;  Function 'max'; 0 bytes of locals, 2 regs to save.
 1755  00002428  afbefffc	sw	-4(r29),r30; push fp
 1756  0000242c  001df020	add	r30,r0,r29; fp = sp
 1757  00002430  afbffff8	sw	-8(r29),r31; push ret addr
 1758  00002434  2fbd0010	subui	r29,r29,#16; alloc local storage
 1759  00002438  afa20000	sw	0(r29),r2
 1760  0000243c  afa30004	sw	4(r29),r3
 1761  00002440  8fc10000	lw	r1,(r30)
 1762  00002444  8fc20004	lw	r2,4(r30)
 1763  00002448  0022182d	sge	r3,r1,r2
 1764  0000244c  14600008	bnez	r3,L111_LF2
 1765  00002450  54000000	nop; delay slot nop
 1766  00002454  8fc10004	lw	r1,4(r30)
 1767  00002458          	L111_LF2:
 1768  00002458  08000004	j	L110_LF2
 1769  0000245c  54000000	nop; delay slot nop
 1770  00002460          	L110_LF2:
 1771  00002460  8fa20000	lw	r2,0(r29)
 1772  00002464  8fa30004	lw	r3,4(r29)
 1773  00002468  8fdffff8	lw	r31,-8(r30)
 1774  0000246c  001ee820	add	r29,r0,r30
 1775  00002470  8fdefffc	lw	r30,-4(r30)
 1776  00002474  4be00000	jr	r31
 1777  00002478  54000000	nop
 1778  0000247c          	.endproc _max
 1779                      ;;; Ethan L. Miller, 1999.  Released to the public domain
 1780                      ;;;
 1781                      ;;; Most of the traps are called in files from libtraps.
 1784  0000247c          	.align 2
 1785  0000247c          	.proc _exit
 1786  0000247c          	.global _exit
 1787  0000247c          	_exit:
 1788  0000247c  44000300	trap	#0x300
 1789  00002480  4be00000	jr	r31
 1790  00002484  54000000	nop
 1791  00002488          	.endproc _exit
 1793                      ; for the benefit of gcc.
 1794  00002488          	.proc ___main
 1795  00002488          	.global ___main
 1796  00002488          	___main:
 1797  00002488  4be00000	jr	r31
 1798  0000248c  54000000	nop
 1799  00002490          	.endproc ___main
 1800  00002490          	.text
 1801  00002490          	.global _etext
 1802  00002490          	_etext:
 1803  00002490          	.align 3
 1804  00002490          	.data
 1805  000030cc          	.global _edata
 1806  000030cc          	_edata:
